#
# A fatal error has been detected by the Java Runtime Environment:
#
#  EXCEPTION_ACCESS_VIOLATION (0xc0000005) at pc=0x00007ffb47ccb202, pid=16956, tid=11244
#
# JRE version: Java(TM) SE Runtime Environment (21.0.9+7) (build 21.0.9+7-LTS-338)
# Java VM: Java HotSpot(TM) 64-Bit Server VM (21.0.9+7-LTS-338, mixed mode, sharing, tiered, compressed oops, compressed class ptrs, g1 gc, windows-amd64)
# Problematic frame:
# V  [jvm.dll+0x43b202]
#
# No core dump will be written. Minidumps are not enabled by default on client versions of Windows
#
# If you would like to submit a bug report, please visit:
#   https://bugreport.java.com/bugreport/crash.jsp
#

---------------  S U M M A R Y ------------

Command Line: --module-path=C:\Users\Julia\.m2\repository\org\openjfx\javafx-base\11.0.2\javafx-base-11.0.2-win.jar;C:\Users\Julia\.m2\repository\org\openjfx\javafx-base\11.0.2\javafx-base-11.0.2.jar;C:\Users\Julia\.m2\repository\org\openjfx\javafx-controls\11.0.2\javafx-controls-11.0.2-win.jar;C:\Users\Julia\.m2\repository\org\openjfx\javafx-controls\11.0.2\javafx-controls-11.0.2.jar;C:\Users\Julia\.m2\repository\org\openjfx\javafx-fxml\11.0.2\javafx-fxml-11.0.2-win.jar;C:\Users\Julia\.m2\repository\org\openjfx\javafx-fxml\11.0.2\javafx-fxml-11.0.2.jar;C:\Users\Julia\.m2\repository\org\openjfx\javafx-graphics\11.0.2\javafx-graphics-11.0.2-win.jar;C:\Users\Julia\.m2\repository\org\openjfx\javafx-graphics\11.0.2\javafx-graphics-11.0.2.jar --add-modules=javafx.base,javafx.controls,javafx.fxml,javafx.graphics com.pokearena.view.MenuPrincipal

Host: 13th Gen Intel(R) Core(TM) i5-1334U, 12 cores, 15G,  Windows 11 , 64 bit Build 26100 (10.0.26100.7019)
Time: Mon Nov 17 20:21:02 2025 Hora oficial do Brasil elapsed time: 5.028705 seconds (0d 0h 0m 5s)

---------------  T H R E A D  ---------------

Current thread (0x0000026f54634980):  JavaThread "WindowsNativeRunloopThread"        [_thread_in_vm, id=11244, stack(0x000000fcc6600000,0x000000fcc6700000) (1024K)]

Stack: [0x000000fcc6600000,0x000000fcc6700000],  sp=0x000000fcc66ff110,  free space=1020k
Native frames: (J=compiled Java code, j=interpreted, Vv=VM code, C=native code)
V  [jvm.dll+0x43b202]
C  [glass.dll+0x54d0]

Java frames: (J=compiled Java code, j=interpreted, Vv=VM code)
j  com.sun.glass.ui.win.WinApplication._runLoop(Ljava/lang/Runnable;)V+0 javafx.graphics
j  com.sun.glass.ui.win.WinApplication.lambda$runLoop$3(ILjava/lang/Runnable;)V+8 javafx.graphics
j  com.sun.glass.ui.win.WinApplication$$Lambda+0x0000026f1002ca18.run()V+12 javafx.graphics
j  java.lang.Thread.runWith(Ljava/lang/Object;Ljava/lang/Runnable;)V+5 java.base@21.0.9
j  java.lang.Thread.run()V+19 java.base@21.0.9
v  ~StubRoutines::call_stub 0x0000026f0753100d

siginfo: EXCEPTION_ACCESS_VIOLATION (0xc0000005), reading address 0x0000000000000000


Registers:
RAX=0x0000000000000000, RBX=0x0000026f54634980, RCX=0x0000026f54634d40, RDX=0x000000fcc66ff2f8
RSP=0x000000fcc66ff110, RBP=0x000000fcc66ff218, RSI=0x0000000000000000, RDI=0x0000026f54634d40
R8 =0x0000000000000000, R9 =0x000000fcc66ff218, R10=0x00007ffb47ccb150, R11=0x0000000000000246
R12=0x0000000000000000, R13=0x0000026f504e4ee8, R14=0x000000fcc66ff2f8, R15=0x0000026f54634980
RIP=0x00007ffb47ccb202, EFLAGS=0x0000000000010246


Register to memory mapping:

RAX=0x0 is null
RBX=0x0000026f54634980 is a thread
RCX=0x0000026f54634d40 points into unknown readable memory: 0x00007ffb48452640 | 40 26 45 48 fb 7f 00 00
RDX=0x000000fcc66ff2f8 is pointing into the stack for thread: 0x0000026f54634980
RSP=0x000000fcc66ff110 is pointing into the stack for thread: 0x0000026f54634980
RBP=0x000000fcc66ff218 is pointing into the stack for thread: 0x0000026f54634980
RSI=0x0 is null
RDI=0x0000026f54634d40 points into unknown readable memory: 0x00007ffb48452640 | 40 26 45 48 fb 7f 00 00
R8 =0x0 is null
R9 =0x000000fcc66ff218 is pointing into the stack for thread: 0x0000026f54634980
R10=0x00007ffb47ccb150 jvm.dll
R11=0x0000000000000246 is an unknown value
R12=0x0 is null
R13={method} {0x0000026f504e4ef0} '_runLoop' '(Ljava/lang/Runnable;)V' in 'com/sun/glass/ui/win/WinApplication'
R14=0x000000fcc66ff2f8 is pointing into the stack for thread: 0x0000026f54634980
R15=0x0000026f54634980 is a thread

Top of Stack: (sp=0x000000fcc66ff110)
0x000000fcc66ff110:   00007ffbdcbaf5c0 00007ffbdf5c3041
0x000000fcc66ff120:   0000026f00000004 0000026f00000000
0x000000fcc66ff130:   0000000000000000 000000fcc66ff148
0x000000fcc66ff140:   0000000000000000 00007ffbdf5c3041
0x000000fcc66ff150:   00007ffbde867590 0000000000000000
0x000000fcc66ff160:   0000026f54634980 0000000000000000
0x000000fcc66ff170:   0000026f5401e6b0 00007ffbde530ccc
0x000000fcc66ff180:   0000000000000000 00007ffbde88a660
0x000000fcc66ff190:   0000026f5401e6b0 00007ffbdd3ac1af
0x000000fcc66ff1a0:   0000026f54634980 0000000000000001
0x000000fcc66ff1b0:   0000026f54634980 000000fcc66ff300
0x000000fcc66ff1c0:   0000026f54634d40 00007ffb958e54d0
0x000000fcc66ff1d0:   0000000000000000 000000fcc66ff2d8
0x000000fcc66ff1e0:   000000fcc66ff2f8 0000026f5401e6b0
0x000000fcc66ff1f0:   000000fcc66ff300 00007ffb958eade6
0x000000fcc66ff200:   0000026f504e4ee8 000000fcc66ff2d8
0x000000fcc66ff210:   0000000000000000 0000000000000000
0x000000fcc66ff220:   0000026f0753893e 0000026f0753ccbc
0x000000fcc66ff230:   0000026f504e4ee8 0000026f504e4ee8
0x000000fcc66ff240:   0000026f504e4ee8 000000fcc66ff300
0x000000fcc66ff250:   0000026f0753893e 0000026f0753ce4b
0x000000fcc66ff260:   0000026f504e4ee8 000000fcc66ff900
0x000000fcc66ff270:   3ff0000000000000 0000026f54634980
0x000000fcc66ff280:   000000fcc66ff900 0000026f0753cadf
0x000000fcc66ff290:   000000fcc66ff290 0000026f504e4ee8
0x000000fcc66ff2a0:   0000000000000005 0000026f50510000
0x000000fcc66ff2b0:   0000000000000000 0000000714ae8ea8
0x000000fcc66ff2c0:   0000026f504e4ee8 0000000000000000
0x000000fcc66ff2d0:   000000fcc66ff2f8 000000fcc66ff350
0x000000fcc66ff2e0:   0000026f07538860 0000000000000000
0x000000fcc66ff2f0:   0000026f0753a3d7 0000000714b8c330
0x000000fcc66ff300:   0000000714b82540 000000fcc66ff308 

Instructions: (pc=0x00007ffb47ccb202)
0x00007ffb47ccb102:   48 8b 4b 08 48 8b 43 18 48 89 41 18 48 8b 4b 08
0x00007ffb47ccb112:   48 8b 43 20 48 89 41 20 48 8d 8f a0 03 00 00 e8
0x00007ffb47ccb122:   ea 9a ed ff 90 c7 87 4c 04 00 00 04 00 00 00 48
0x00007ffb47ccb132:   81 c4 b8 00 00 00 41 5f 41 5e 5f 5e 5d 5b c3 cc
0x00007ffb47ccb142:   cc cc cc cc cc cc cc cc cc cc cc cc cc cc 48 89
0x00007ffb47ccb152:   5c 24 08 48 89 6c 24 10 48 89 74 24 18 57 41 56
0x00007ffb47ccb162:   41 57 48 81 ec a0 00 00 00 8b 81 b0 00 00 00 48
0x00007ffb47ccb172:   8d 99 40 fc ff ff 05 53 21 ff ff 49 8b e9 49 8b
0x00007ffb47ccb182:   f0 4c 8b f2 48 8b f9 83 f8 01 77 08 48 8b cb e8
0x00007ffb47ccb192:   5a 17 fb ff 80 3d a3 d5 7e 00 00 c7 83 4c 04 00
0x00007ffb47ccb1a2:   00 06 00 00 00 75 06 e8 72 1c 28 00 90 48 8b 83
0x00007ffb47ccb1b2:   50 04 00 00 a8 01 74 0d 45 33 c0 b2 01 48 8b cb
0x00007ffb47ccb1c2:   e8 79 1b 2f 00 8b 83 48 04 00 00 a8 0c 74 08 48
0x00007ffb47ccb1d2:   8b cb e8 c7 2b fb ff c7 83 4c 04 00 00 06 00 00
0x00007ffb47ccb1e2:   00 48 83 7b 08 00 48 89 5c 24 50 48 c7 44 24 58
0x00007ffb47ccb1f2:   00 00 00 00 74 0a 48 8d 4c 24 50 e8 ae db 2b 00
0x00007ffb47ccb202:   48 8b 16 48 8d 4c 24 70 c7 44 24 40 0e 00 00 00
0x00007ffb47ccb212:   e8 79 62 01 00 48 8d 44 24 70 48 89 5c 24 30 48
0x00007ffb47ccb222:   89 44 24 28 4c 8d 3d c3 3e 5b 00 41 b9 01 00 00
0x00007ffb47ccb232:   00 48 89 74 24 20 4d 8b c6 4c 89 7c 24 70 48 8d
0x00007ffb47ccb242:   54 24 40 48 89 ac 24 98 00 00 00 48 8b cf e8 eb
0x00007ffb47ccb252:   6f 01 00 48 83 7c 24 58 00 4c 89 7c 24 70 48 c7
0x00007ffb47ccb262:   84 24 98 00 00 00 00 00 00 00 74 0a 48 8d 4c 24
0x00007ffb47ccb272:   50 e8 b8 db 2b 00 48 8b bb 98 01 00 00 48 8b 47
0x00007ffb47ccb282:   10 48 83 38 00 74 08 48 8b cf e8 5f 3e f6 ff 48
0x00007ffb47ccb292:   8b 4f 08 48 8b 47 10 48 89 41 10 48 8b 4f 08 48
0x00007ffb47ccb2a2:   8b 47 18 48 89 41 18 48 8b 4f 08 48 8b 47 20 48
0x00007ffb47ccb2b2:   89 41 20 48 8d 8b a0 03 00 00 e8 4f 99 ed ff 4c
0x00007ffb47ccb2c2:   8d 9c 24 a0 00 00 00 90 49 8b 6b 28 49 8b 73 30
0x00007ffb47ccb2d2:   c7 83 4c 04 00 00 04 00 00 00 49 8b 5b 20 49 8b
0x00007ffb47ccb2e2:   e3 41 5f 41 5e 5f c3 cc cc cc cc cc cc cc 48 89
0x00007ffb47ccb2f2:   5c 24 08 48 89 6c 24 10 48 89 74 24 18 48 89 7c 


Stack slot to memory mapping:

stack at sp + 0 slots: 0x00007ffbdcbaf5c0 KERNELBASE.dll
stack at sp + 1 slots: 0x00007ffbdf5c3041 ntdll.dll
stack at sp + 2 slots: 0x0000026f00000004 points into unknown readable memory: 00 00 00 00
stack at sp + 3 slots: 0x0000026f00000000 points into unknown readable memory: 0x0000000000000006 | 06 00 00 00 00 00 00 00
stack at sp + 4 slots: 0x0 is null
stack at sp + 5 slots: 0x000000fcc66ff148 is pointing into the stack for thread: 0x0000026f54634980
stack at sp + 6 slots: 0x0 is null
stack at sp + 7 slots: 0x00007ffbdf5c3041 ntdll.dll


---------------  P R O C E S S  ---------------

Threads class SMR info:
_java_thread_list=0x0000026f54631f70, length=14, elements={
0x0000026f6cc63d00, 0x0000026f7f382bd0, 0x0000026f7f389650, 0x0000026f7f38c6d0,
0x0000026f7f38db60, 0x0000026f7f38e9d0, 0x0000026f7f38f430, 0x0000026f7f391920,
0x0000026f7f396fc0, 0x0000026f7f5fce00, 0x0000026f7f774ba0, 0x0000026f7f765430,
0x0000026f545f43a0, 0x0000026f54634980
}

Java Threads: ( => current thread )
  0x0000026f6cc63d00 JavaThread "main"                              [_thread_blocked, id=5524, stack(0x000000fcc5200000,0x000000fcc5300000) (1024K)]
  0x0000026f7f382bd0 JavaThread "Reference Handler"          daemon [_thread_blocked, id=3104, stack(0x000000fcc5a00000,0x000000fcc5b00000) (1024K)]
  0x0000026f7f389650 JavaThread "Finalizer"                  daemon [_thread_blocked, id=6544, stack(0x000000fcc5b00000,0x000000fcc5c00000) (1024K)]
  0x0000026f7f38c6d0 JavaThread "Signal Dispatcher"          daemon [_thread_blocked, id=4560, stack(0x000000fcc5c00000,0x000000fcc5d00000) (1024K)]
  0x0000026f7f38db60 JavaThread "Attach Listener"            daemon [_thread_blocked, id=14732, stack(0x000000fcc5d00000,0x000000fcc5e00000) (1024K)]
  0x0000026f7f38e9d0 JavaThread "Service Thread"             daemon [_thread_blocked, id=11588, stack(0x000000fcc5e00000,0x000000fcc5f00000) (1024K)]
  0x0000026f7f38f430 JavaThread "Monitor Deflation Thread"   daemon [_thread_blocked, id=2092, stack(0x000000fcc5f00000,0x000000fcc6000000) (1024K)]
  0x0000026f7f391920 JavaThread "C2 CompilerThread0"         daemon [_thread_blocked, id=6232, stack(0x000000fcc6000000,0x000000fcc6100000) (1024K)]
  0x0000026f7f396fc0 JavaThread "C1 CompilerThread0"         daemon [_thread_blocked, id=7948, stack(0x000000fcc6100000,0x000000fcc6200000) (1024K)]
  0x0000026f7f5fce00 JavaThread "Common-Cleaner"             daemon [_thread_blocked, id=14936, stack(0x000000fcc6200000,0x000000fcc6300000) (1024K)]
  0x0000026f7f774ba0 JavaThread "Notification Thread"        daemon [_thread_blocked, id=8252, stack(0x000000fcc6500000,0x000000fcc6600000) (1024K)]
  0x0000026f7f765430 JavaThread "QuantumRenderer-0"          daemon [_thread_blocked, id=8212, stack(0x000000fcc6300000,0x000000fcc6400000) (1024K)]
  0x0000026f545f43a0 JavaThread "InvokeLaterDispatcher"      daemon [_thread_blocked, id=5484, stack(0x000000fcc6400000,0x000000fcc6500000) (1024K)]
=>0x0000026f54634980 JavaThread "WindowsNativeRunloopThread"        [_thread_in_vm, id=11244, stack(0x000000fcc6600000,0x000000fcc6700000) (1024K)]
Total: 14

Other Threads:
  0x0000026f7f367250 VMThread "VM Thread"                           [id=14600, stack(0x000000fcc5900000,0x000000fcc5a00000) (1024K)]
  0x0000026f7f34dd10 WatcherThread "VM Periodic Task Thread"        [id=12808, stack(0x000000fcc5800000,0x000000fcc5900000) (1024K)]
  0x0000026f6ef31d90 WorkerThread "GC Thread#0"                     [id=11640, stack(0x000000fcc5300000,0x000000fcc5400000) (1024K)]
  0x0000026f6ef427c0 ConcurrentGCThread "G1 Main Marker"            [id=3564, stack(0x000000fcc5400000,0x000000fcc5500000) (1024K)]
  0x0000026f6ef43ae0 WorkerThread "G1 Conc#0"                       [id=8880, stack(0x000000fcc5500000,0x000000fcc5600000) (1024K)]
  0x0000026f7f21c9f0 ConcurrentGCThread "G1 Refine#0"               [id=13036, stack(0x000000fcc5600000,0x000000fcc5700000) (1024K)]
  0x0000026f7f21e420 ConcurrentGCThread "G1 Service"                [id=8820, stack(0x000000fcc5700000,0x000000fcc5800000) (1024K)]
Total: 7

Threads with active compile tasks:
Total: 0

VM state: not at safepoint (normal execution)

VM Mutex/Monitor currently owned by a thread: None

Heap address: 0x0000000705c00000, size: 4004 MB, Compressed Oops mode: Zero based, Oop shift amount: 3

CDS archive(s) mapped at: [0x0000026f0f000000-0x0000026f0fc90000-0x0000026f0fc90000), size 13172736, SharedBaseAddress: 0x0000026f0f000000, ArchiveRelocationMode: 1.
Compressed class space mapped at: 0x0000026f10000000-0x0000026f50000000, reserved size: 1073741824
Narrow klass base: 0x0000026f0f000000, Narrow klass shift: 0, Narrow klass range: 0x100000000

GC Precious Log:
 CardTable entry size: 512
 Card Set container configuration: InlinePtr #cards 4 size 8 Array Of Cards #cards 16 size 48 Howl #buckets 8 coarsen threshold 3686 Howl Bitmap #cards 512 size 80 coarsen threshold 460 Card regions per heap region 1 cards per card region 4096
 CPUs: 12 total, 12 available
 Memory: 16009M
 Large Page Support: Disabled
 NUMA Support: Disabled
 Compressed Oops: Enabled (Zero based)
 Heap Region Size: 2M
 Heap Min Capacity: 8M
 Heap Initial Capacity: 252M
 Heap Max Capacity: 4004M
 Pre-touch: Disabled
 Parallel Workers: 10
 Concurrent Workers: 3
 Concurrent Refinement Workers: 10
 Periodic GC: Disabled

Heap:
 garbage-first heap   total 258048K, used 14336K [0x0000000705c00000, 0x0000000800000000)
  region size 2048K, 8 young (16384K), 0 survivors (0K)
 Metaspace       used 2623K, committed 2816K, reserved 1114112K
  class space    used 271K, committed 384K, reserved 1048576K

Heap Regions: E=young(eden), S=young(survivor), O=old, HS=humongous(starts), HC=humongous(continues), CS=collection set, F=free, TAMS=top-at-mark-start, PB=parsable bottom
|   0|0x0000000705c00000, 0x0000000705c00000, 0x0000000705e00000|  0%| F|  |TAMS 0x0000000705c00000| PB 0x0000000705c00000| Untracked 
|   1|0x0000000705e00000, 0x0000000705e00000, 0x0000000706000000|  0%| F|  |TAMS 0x0000000705e00000| PB 0x0000000705e00000| Untracked 
|   2|0x0000000706000000, 0x0000000706000000, 0x0000000706200000|  0%| F|  |TAMS 0x0000000706000000| PB 0x0000000706000000| Untracked 
|   3|0x0000000706200000, 0x0000000706200000, 0x0000000706400000|  0%| F|  |TAMS 0x0000000706200000| PB 0x0000000706200000| Untracked 
|   4|0x0000000706400000, 0x0000000706400000, 0x0000000706600000|  0%| F|  |TAMS 0x0000000706400000| PB 0x0000000706400000| Untracked 
|   5|0x0000000706600000, 0x0000000706600000, 0x0000000706800000|  0%| F|  |TAMS 0x0000000706600000| PB 0x0000000706600000| Untracked 
|   6|0x0000000706800000, 0x0000000706800000, 0x0000000706a00000|  0%| F|  |TAMS 0x0000000706800000| PB 0x0000000706800000| Untracked 
|   7|0x0000000706a00000, 0x0000000706a00000, 0x0000000706c00000|  0%| F|  |TAMS 0x0000000706a00000| PB 0x0000000706a00000| Untracked 
|   8|0x0000000706c00000, 0x0000000706c00000, 0x0000000706e00000|  0%| F|  |TAMS 0x0000000706c00000| PB 0x0000000706c00000| Untracked 
|   9|0x0000000706e00000, 0x0000000706e00000, 0x0000000707000000|  0%| F|  |TAMS 0x0000000706e00000| PB 0x0000000706e00000| Untracked 
|  10|0x0000000707000000, 0x0000000707000000, 0x0000000707200000|  0%| F|  |TAMS 0x0000000707000000| PB 0x0000000707000000| Untracked 
|  11|0x0000000707200000, 0x0000000707200000, 0x0000000707400000|  0%| F|  |TAMS 0x0000000707200000| PB 0x0000000707200000| Untracked 
|  12|0x0000000707400000, 0x0000000707400000, 0x0000000707600000|  0%| F|  |TAMS 0x0000000707400000| PB 0x0000000707400000| Untracked 
|  13|0x0000000707600000, 0x0000000707600000, 0x0000000707800000|  0%| F|  |TAMS 0x0000000707600000| PB 0x0000000707600000| Untracked 
|  14|0x0000000707800000, 0x0000000707800000, 0x0000000707a00000|  0%| F|  |TAMS 0x0000000707800000| PB 0x0000000707800000| Untracked 
|  15|0x0000000707a00000, 0x0000000707a00000, 0x0000000707c00000|  0%| F|  |TAMS 0x0000000707a00000| PB 0x0000000707a00000| Untracked 
|  16|0x0000000707c00000, 0x0000000707c00000, 0x0000000707e00000|  0%| F|  |TAMS 0x0000000707c00000| PB 0x0000000707c00000| Untracked 
|  17|0x0000000707e00000, 0x0000000707e00000, 0x0000000708000000|  0%| F|  |TAMS 0x0000000707e00000| PB 0x0000000707e00000| Untracked 
|  18|0x0000000708000000, 0x0000000708000000, 0x0000000708200000|  0%| F|  |TAMS 0x0000000708000000| PB 0x0000000708000000| Untracked 
|  19|0x0000000708200000, 0x0000000708200000, 0x0000000708400000|  0%| F|  |TAMS 0x0000000708200000| PB 0x0000000708200000| Untracked 
|  20|0x0000000708400000, 0x0000000708400000, 0x0000000708600000|  0%| F|  |TAMS 0x0000000708400000| PB 0x0000000708400000| Untracked 
|  21|0x0000000708600000, 0x0000000708600000, 0x0000000708800000|  0%| F|  |TAMS 0x0000000708600000| PB 0x0000000708600000| Untracked 
|  22|0x0000000708800000, 0x0000000708800000, 0x0000000708a00000|  0%| F|  |TAMS 0x0000000708800000| PB 0x0000000708800000| Untracked 
|  23|0x0000000708a00000, 0x0000000708a00000, 0x0000000708c00000|  0%| F|  |TAMS 0x0000000708a00000| PB 0x0000000708a00000| Untracked 
|  24|0x0000000708c00000, 0x0000000708c00000, 0x0000000708e00000|  0%| F|  |TAMS 0x0000000708c00000| PB 0x0000000708c00000| Untracked 
|  25|0x0000000708e00000, 0x0000000708e00000, 0x0000000709000000|  0%| F|  |TAMS 0x0000000708e00000| PB 0x0000000708e00000| Untracked 
|  26|0x0000000709000000, 0x0000000709000000, 0x0000000709200000|  0%| F|  |TAMS 0x0000000709000000| PB 0x0000000709000000| Untracked 
|  27|0x0000000709200000, 0x0000000709200000, 0x0000000709400000|  0%| F|  |TAMS 0x0000000709200000| PB 0x0000000709200000| Untracked 
|  28|0x0000000709400000, 0x0000000709400000, 0x0000000709600000|  0%| F|  |TAMS 0x0000000709400000| PB 0x0000000709400000| Untracked 
|  29|0x0000000709600000, 0x0000000709600000, 0x0000000709800000|  0%| F|  |TAMS 0x0000000709600000| PB 0x0000000709600000| Untracked 
|  30|0x0000000709800000, 0x0000000709800000, 0x0000000709a00000|  0%| F|  |TAMS 0x0000000709800000| PB 0x0000000709800000| Untracked 
|  31|0x0000000709a00000, 0x0000000709a00000, 0x0000000709c00000|  0%| F|  |TAMS 0x0000000709a00000| PB 0x0000000709a00000| Untracked 
|  32|0x0000000709c00000, 0x0000000709c00000, 0x0000000709e00000|  0%| F|  |TAMS 0x0000000709c00000| PB 0x0000000709c00000| Untracked 
|  33|0x0000000709e00000, 0x0000000709e00000, 0x000000070a000000|  0%| F|  |TAMS 0x0000000709e00000| PB 0x0000000709e00000| Untracked 
|  34|0x000000070a000000, 0x000000070a000000, 0x000000070a200000|  0%| F|  |TAMS 0x000000070a000000| PB 0x000000070a000000| Untracked 
|  35|0x000000070a200000, 0x000000070a200000, 0x000000070a400000|  0%| F|  |TAMS 0x000000070a200000| PB 0x000000070a200000| Untracked 
|  36|0x000000070a400000, 0x000000070a400000, 0x000000070a600000|  0%| F|  |TAMS 0x000000070a400000| PB 0x000000070a400000| Untracked 
|  37|0x000000070a600000, 0x000000070a600000, 0x000000070a800000|  0%| F|  |TAMS 0x000000070a600000| PB 0x000000070a600000| Untracked 
|  38|0x000000070a800000, 0x000000070a800000, 0x000000070aa00000|  0%| F|  |TAMS 0x000000070a800000| PB 0x000000070a800000| Untracked 
|  39|0x000000070aa00000, 0x000000070aa00000, 0x000000070ac00000|  0%| F|  |TAMS 0x000000070aa00000| PB 0x000000070aa00000| Untracked 
|  40|0x000000070ac00000, 0x000000070ac00000, 0x000000070ae00000|  0%| F|  |TAMS 0x000000070ac00000| PB 0x000000070ac00000| Untracked 
|  41|0x000000070ae00000, 0x000000070ae00000, 0x000000070b000000|  0%| F|  |TAMS 0x000000070ae00000| PB 0x000000070ae00000| Untracked 
|  42|0x000000070b000000, 0x000000070b000000, 0x000000070b200000|  0%| F|  |TAMS 0x000000070b000000| PB 0x000000070b000000| Untracked 
|  43|0x000000070b200000, 0x000000070b200000, 0x000000070b400000|  0%| F|  |TAMS 0x000000070b200000| PB 0x000000070b200000| Untracked 
|  44|0x000000070b400000, 0x000000070b400000, 0x000000070b600000|  0%| F|  |TAMS 0x000000070b400000| PB 0x000000070b400000| Untracked 
|  45|0x000000070b600000, 0x000000070b600000, 0x000000070b800000|  0%| F|  |TAMS 0x000000070b600000| PB 0x000000070b600000| Untracked 
|  46|0x000000070b800000, 0x000000070b800000, 0x000000070ba00000|  0%| F|  |TAMS 0x000000070b800000| PB 0x000000070b800000| Untracked 
|  47|0x000000070ba00000, 0x000000070ba00000, 0x000000070bc00000|  0%| F|  |TAMS 0x000000070ba00000| PB 0x000000070ba00000| Untracked 
|  48|0x000000070bc00000, 0x000000070bc00000, 0x000000070be00000|  0%| F|  |TAMS 0x000000070bc00000| PB 0x000000070bc00000| Untracked 
|  49|0x000000070be00000, 0x000000070be00000, 0x000000070c000000|  0%| F|  |TAMS 0x000000070be00000| PB 0x000000070be00000| Untracked 
|  50|0x000000070c000000, 0x000000070c000000, 0x000000070c200000|  0%| F|  |TAMS 0x000000070c000000| PB 0x000000070c000000| Untracked 
|  51|0x000000070c200000, 0x000000070c200000, 0x000000070c400000|  0%| F|  |TAMS 0x000000070c200000| PB 0x000000070c200000| Untracked 
|  52|0x000000070c400000, 0x000000070c400000, 0x000000070c600000|  0%| F|  |TAMS 0x000000070c400000| PB 0x000000070c400000| Untracked 
|  53|0x000000070c600000, 0x000000070c600000, 0x000000070c800000|  0%| F|  |TAMS 0x000000070c600000| PB 0x000000070c600000| Untracked 
|  54|0x000000070c800000, 0x000000070c800000, 0x000000070ca00000|  0%| F|  |TAMS 0x000000070c800000| PB 0x000000070c800000| Untracked 
|  55|0x000000070ca00000, 0x000000070ca00000, 0x000000070cc00000|  0%| F|  |TAMS 0x000000070ca00000| PB 0x000000070ca00000| Untracked 
|  56|0x000000070cc00000, 0x000000070cc00000, 0x000000070ce00000|  0%| F|  |TAMS 0x000000070cc00000| PB 0x000000070cc00000| Untracked 
|  57|0x000000070ce00000, 0x000000070ce00000, 0x000000070d000000|  0%| F|  |TAMS 0x000000070ce00000| PB 0x000000070ce00000| Untracked 
|  58|0x000000070d000000, 0x000000070d000000, 0x000000070d200000|  0%| F|  |TAMS 0x000000070d000000| PB 0x000000070d000000| Untracked 
|  59|0x000000070d200000, 0x000000070d200000, 0x000000070d400000|  0%| F|  |TAMS 0x000000070d200000| PB 0x000000070d200000| Untracked 
|  60|0x000000070d400000, 0x000000070d400000, 0x000000070d600000|  0%| F|  |TAMS 0x000000070d400000| PB 0x000000070d400000| Untracked 
|  61|0x000000070d600000, 0x000000070d600000, 0x000000070d800000|  0%| F|  |TAMS 0x000000070d600000| PB 0x000000070d600000| Untracked 
|  62|0x000000070d800000, 0x000000070d800000, 0x000000070da00000|  0%| F|  |TAMS 0x000000070d800000| PB 0x000000070d800000| Untracked 
|  63|0x000000070da00000, 0x000000070da00000, 0x000000070dc00000|  0%| F|  |TAMS 0x000000070da00000| PB 0x000000070da00000| Untracked 
|  64|0x000000070dc00000, 0x000000070dc00000, 0x000000070de00000|  0%| F|  |TAMS 0x000000070dc00000| PB 0x000000070dc00000| Untracked 
|  65|0x000000070de00000, 0x000000070de00000, 0x000000070e000000|  0%| F|  |TAMS 0x000000070de00000| PB 0x000000070de00000| Untracked 
|  66|0x000000070e000000, 0x000000070e000000, 0x000000070e200000|  0%| F|  |TAMS 0x000000070e000000| PB 0x000000070e000000| Untracked 
|  67|0x000000070e200000, 0x000000070e200000, 0x000000070e400000|  0%| F|  |TAMS 0x000000070e200000| PB 0x000000070e200000| Untracked 
|  68|0x000000070e400000, 0x000000070e400000, 0x000000070e600000|  0%| F|  |TAMS 0x000000070e400000| PB 0x000000070e400000| Untracked 
|  69|0x000000070e600000, 0x000000070e600000, 0x000000070e800000|  0%| F|  |TAMS 0x000000070e600000| PB 0x000000070e600000| Untracked 
|  70|0x000000070e800000, 0x000000070e800000, 0x000000070ea00000|  0%| F|  |TAMS 0x000000070e800000| PB 0x000000070e800000| Untracked 
|  71|0x000000070ea00000, 0x000000070ea00000, 0x000000070ec00000|  0%| F|  |TAMS 0x000000070ea00000| PB 0x000000070ea00000| Untracked 
|  72|0x000000070ec00000, 0x000000070ec00000, 0x000000070ee00000|  0%| F|  |TAMS 0x000000070ec00000| PB 0x000000070ec00000| Untracked 
|  73|0x000000070ee00000, 0x000000070ee00000, 0x000000070f000000|  0%| F|  |TAMS 0x000000070ee00000| PB 0x000000070ee00000| Untracked 
|  74|0x000000070f000000, 0x000000070f000000, 0x000000070f200000|  0%| F|  |TAMS 0x000000070f000000| PB 0x000000070f000000| Untracked 
|  75|0x000000070f200000, 0x000000070f200000, 0x000000070f400000|  0%| F|  |TAMS 0x000000070f200000| PB 0x000000070f200000| Untracked 
|  76|0x000000070f400000, 0x000000070f400000, 0x000000070f600000|  0%| F|  |TAMS 0x000000070f400000| PB 0x000000070f400000| Untracked 
|  77|0x000000070f600000, 0x000000070f600000, 0x000000070f800000|  0%| F|  |TAMS 0x000000070f600000| PB 0x000000070f600000| Untracked 
|  78|0x000000070f800000, 0x000000070f800000, 0x000000070fa00000|  0%| F|  |TAMS 0x000000070f800000| PB 0x000000070f800000| Untracked 
|  79|0x000000070fa00000, 0x000000070fa00000, 0x000000070fc00000|  0%| F|  |TAMS 0x000000070fa00000| PB 0x000000070fa00000| Untracked 
|  80|0x000000070fc00000, 0x000000070fc00000, 0x000000070fe00000|  0%| F|  |TAMS 0x000000070fc00000| PB 0x000000070fc00000| Untracked 
|  81|0x000000070fe00000, 0x000000070fe00000, 0x0000000710000000|  0%| F|  |TAMS 0x000000070fe00000| PB 0x000000070fe00000| Untracked 
|  82|0x0000000710000000, 0x0000000710000000, 0x0000000710200000|  0%| F|  |TAMS 0x0000000710000000| PB 0x0000000710000000| Untracked 
|  83|0x0000000710200000, 0x0000000710200000, 0x0000000710400000|  0%| F|  |TAMS 0x0000000710200000| PB 0x0000000710200000| Untracked 
|  84|0x0000000710400000, 0x0000000710400000, 0x0000000710600000|  0%| F|  |TAMS 0x0000000710400000| PB 0x0000000710400000| Untracked 
|  85|0x0000000710600000, 0x0000000710600000, 0x0000000710800000|  0%| F|  |TAMS 0x0000000710600000| PB 0x0000000710600000| Untracked 
|  86|0x0000000710800000, 0x0000000710800000, 0x0000000710a00000|  0%| F|  |TAMS 0x0000000710800000| PB 0x0000000710800000| Untracked 
|  87|0x0000000710a00000, 0x0000000710a00000, 0x0000000710c00000|  0%| F|  |TAMS 0x0000000710a00000| PB 0x0000000710a00000| Untracked 
|  88|0x0000000710c00000, 0x0000000710c00000, 0x0000000710e00000|  0%| F|  |TAMS 0x0000000710c00000| PB 0x0000000710c00000| Untracked 
|  89|0x0000000710e00000, 0x0000000710e00000, 0x0000000711000000|  0%| F|  |TAMS 0x0000000710e00000| PB 0x0000000710e00000| Untracked 
|  90|0x0000000711000000, 0x0000000711000000, 0x0000000711200000|  0%| F|  |TAMS 0x0000000711000000| PB 0x0000000711000000| Untracked 
|  91|0x0000000711200000, 0x0000000711200000, 0x0000000711400000|  0%| F|  |TAMS 0x0000000711200000| PB 0x0000000711200000| Untracked 
|  92|0x0000000711400000, 0x0000000711400000, 0x0000000711600000|  0%| F|  |TAMS 0x0000000711400000| PB 0x0000000711400000| Untracked 
|  93|0x0000000711600000, 0x0000000711600000, 0x0000000711800000|  0%| F|  |TAMS 0x0000000711600000| PB 0x0000000711600000| Untracked 
|  94|0x0000000711800000, 0x0000000711800000, 0x0000000711a00000|  0%| F|  |TAMS 0x0000000711800000| PB 0x0000000711800000| Untracked 
|  95|0x0000000711a00000, 0x0000000711a00000, 0x0000000711c00000|  0%| F|  |TAMS 0x0000000711a00000| PB 0x0000000711a00000| Untracked 
|  96|0x0000000711c00000, 0x0000000711c00000, 0x0000000711e00000|  0%| F|  |TAMS 0x0000000711c00000| PB 0x0000000711c00000| Untracked 
|  97|0x0000000711e00000, 0x0000000711e00000, 0x0000000712000000|  0%| F|  |TAMS 0x0000000711e00000| PB 0x0000000711e00000| Untracked 
|  98|0x0000000712000000, 0x0000000712000000, 0x0000000712200000|  0%| F|  |TAMS 0x0000000712000000| PB 0x0000000712000000| Untracked 
|  99|0x0000000712200000, 0x0000000712200000, 0x0000000712400000|  0%| F|  |TAMS 0x0000000712200000| PB 0x0000000712200000| Untracked 
| 100|0x0000000712400000, 0x0000000712400000, 0x0000000712600000|  0%| F|  |TAMS 0x0000000712400000| PB 0x0000000712400000| Untracked 
| 101|0x0000000712600000, 0x0000000712600000, 0x0000000712800000|  0%| F|  |TAMS 0x0000000712600000| PB 0x0000000712600000| Untracked 
| 102|0x0000000712800000, 0x0000000712800000, 0x0000000712a00000|  0%| F|  |TAMS 0x0000000712800000| PB 0x0000000712800000| Untracked 
| 103|0x0000000712a00000, 0x0000000712a00000, 0x0000000712c00000|  0%| F|  |TAMS 0x0000000712a00000| PB 0x0000000712a00000| Untracked 
| 104|0x0000000712c00000, 0x0000000712c00000, 0x0000000712e00000|  0%| F|  |TAMS 0x0000000712c00000| PB 0x0000000712c00000| Untracked 
| 105|0x0000000712e00000, 0x0000000712e00000, 0x0000000713000000|  0%| F|  |TAMS 0x0000000712e00000| PB 0x0000000712e00000| Untracked 
| 106|0x0000000713000000, 0x0000000713000000, 0x0000000713200000|  0%| F|  |TAMS 0x0000000713000000| PB 0x0000000713000000| Untracked 
| 107|0x0000000713200000, 0x0000000713200000, 0x0000000713400000|  0%| F|  |TAMS 0x0000000713200000| PB 0x0000000713200000| Untracked 
| 108|0x0000000713400000, 0x0000000713400000, 0x0000000713600000|  0%| F|  |TAMS 0x0000000713400000| PB 0x0000000713400000| Untracked 
| 109|0x0000000713600000, 0x0000000713600000, 0x0000000713800000|  0%| F|  |TAMS 0x0000000713600000| PB 0x0000000713600000| Untracked 
| 110|0x0000000713800000, 0x0000000713800000, 0x0000000713a00000|  0%| F|  |TAMS 0x0000000713800000| PB 0x0000000713800000| Untracked 
| 111|0x0000000713a00000, 0x0000000713a00000, 0x0000000713c00000|  0%| F|  |TAMS 0x0000000713a00000| PB 0x0000000713a00000| Untracked 
| 112|0x0000000713c00000, 0x0000000713c00000, 0x0000000713e00000|  0%| F|  |TAMS 0x0000000713c00000| PB 0x0000000713c00000| Untracked 
| 113|0x0000000713e00000, 0x0000000713e00000, 0x0000000714000000|  0%| F|  |TAMS 0x0000000713e00000| PB 0x0000000713e00000| Untracked 
| 114|0x0000000714000000, 0x0000000714000000, 0x0000000714200000|  0%| F|  |TAMS 0x0000000714000000| PB 0x0000000714000000| Untracked 
| 115|0x0000000714200000, 0x0000000714200000, 0x0000000714400000|  0%| F|  |TAMS 0x0000000714200000| PB 0x0000000714200000| Untracked 
| 116|0x0000000714400000, 0x0000000714400000, 0x0000000714600000|  0%| F|  |TAMS 0x0000000714400000| PB 0x0000000714400000| Untracked 
| 117|0x0000000714600000, 0x0000000714600000, 0x0000000714800000|  0%| F|  |TAMS 0x0000000714600000| PB 0x0000000714600000| Untracked 
| 118|0x0000000714800000, 0x0000000714870a50, 0x0000000714a00000| 22%| E|  |TAMS 0x0000000714800000| PB 0x0000000714800000| Complete 
| 119|0x0000000714a00000, 0x0000000714c00000, 0x0000000714c00000|100%| E|CS|TAMS 0x0000000714a00000| PB 0x0000000714a00000| Complete 
| 120|0x0000000714c00000, 0x0000000714e00000, 0x0000000714e00000|100%| E|CS|TAMS 0x0000000714c00000| PB 0x0000000714c00000| Complete 
| 121|0x0000000714e00000, 0x0000000715000000, 0x0000000715000000|100%| E|CS|TAMS 0x0000000714e00000| PB 0x0000000714e00000| Complete 
| 122|0x0000000715000000, 0x0000000715200000, 0x0000000715200000|100%| E|CS|TAMS 0x0000000715000000| PB 0x0000000715000000| Complete 
| 123|0x0000000715200000, 0x0000000715400000, 0x0000000715400000|100%| E|CS|TAMS 0x0000000715200000| PB 0x0000000715200000| Complete 
| 124|0x0000000715400000, 0x0000000715600000, 0x0000000715600000|100%| E|CS|TAMS 0x0000000715400000| PB 0x0000000715400000| Complete 
| 125|0x0000000715600000, 0x0000000715800000, 0x0000000715800000|100%| E|CS|TAMS 0x0000000715600000| PB 0x0000000715600000| Complete 

Card table byte_map: [0x0000026f780b0000,0x0000026f78890000] _byte_map_base: 0x0000026f74882000

Marking Bits: (CMBitMap*) 0x0000026f6ef324a0
 Bits: [0x0000026f78890000, 0x0000026f7c720000)

Polling page: 0x0000026f6cfb0000

Metaspace:

Usage:
  Non-class:      2.30 MB used.
      Class:    271.20 KB used.
       Both:      2.56 MB used.

Virtual space:
  Non-class space:       64.00 MB reserved,       2.38 MB (  4%) committed,  1 nodes.
      Class space:        1.00 GB reserved,     384.00 KB ( <1%) committed,  1 nodes.
             Both:        1.06 GB reserved,       2.75 MB ( <1%) committed. 

Chunk freelists:
   Non-Class:  10.88 MB
       Class:  15.54 MB
        Both:  26.42 MB

MaxMetaspaceSize: unlimited
CompressedClassSpaceSize: 1.00 GB
Initial GC threshold: 21.00 MB
Current GC threshold: 21.00 MB
CDS: on
 - commit_granule_bytes: 65536.
 - commit_granule_words: 8192.
 - virtual_space_node_default_size: 8388608.
 - enlarge_chunks_in_place: 1.
 - use_allocation_guard: 0.


Internal statistics:

num_allocs_failed_limit: 0.
num_arena_births: 104.
num_arena_deaths: 0.
num_vsnodes_births: 2.
num_vsnodes_deaths: 0.
num_space_committed: 44.
num_space_uncommitted: 0.
num_chunks_returned_to_freelist: 0.
num_chunks_taken_from_freelist: 185.
num_chunk_merges: 0.
num_chunk_splits: 115.
num_chunks_enlarged: 68.
num_inconsistent_stats: 0.

CodeHeap 'non-profiled nmethods': size=120000Kb used=296Kb max_used=296Kb free=119703Kb
 bounds [0x0000026f07ad0000, 0x0000026f07d40000, 0x0000026f0f000000]
CodeHeap 'profiled nmethods': size=120000Kb used=959Kb max_used=959Kb free=119040Kb
 bounds [0x0000026f00000000, 0x0000026f00270000, 0x0000026f07530000]
CodeHeap 'non-nmethods': size=5760Kb used=1368Kb max_used=1386Kb free=4391Kb
 bounds [0x0000026f07530000, 0x0000026f077a0000, 0x0000026f07ad0000]
 total_blobs=1199 nmethods=729 adapters=375
 compilation: enabled
              stopped_count=0, restarted_count=0
 full_count=0

Compilation events (20 events):
Event: 4.991 Thread 0x0000026f7f396fc0 nmethod 716 0x0000026f000e9c90 code [0x0000026f000e9f80, 0x0000026f000ead40]
Event: 4.992 Thread 0x0000026f7f396fc0  721       3       java.lang.invoke.LambdaForm$BasicType::basicTypeSlots (8 bytes)
Event: 4.992 Thread 0x0000026f7f396fc0 nmethod 721 0x0000026f000eb090 code [0x0000026f000eb240, 0x0000026f000eb3b8]
Event: 4.992 Thread 0x0000026f7f396fc0  722       3       sun.invoke.util.Wrapper::stackSlots (9 bytes)
Event: 4.992 Thread 0x0000026f7f396fc0 nmethod 722 0x0000026f000eb490 code [0x0000026f000eb620, 0x0000026f000eb730]
Event: 4.992 Thread 0x0000026f7f396fc0  720       3       java.lang.invoke.LambdaForm::parameterType (9 bytes)
Event: 4.993 Thread 0x0000026f7f396fc0 nmethod 720 0x0000026f000eb790 code [0x0000026f000eb940, 0x0000026f000eba88]
Event: 4.993 Thread 0x0000026f7f396fc0  724       3       jdk.internal.org.objectweb.asm.Handler::getExceptionTableSize (10 bytes)
Event: 4.993 Thread 0x0000026f7f396fc0 nmethod 724 0x0000026f000ebb90 code [0x0000026f000ebd40, 0x0000026f000ebf40]
Event: 4.993 Thread 0x0000026f7f396fc0  725       3       jdk.internal.org.objectweb.asm.SymbolTable::hash (15 bytes)
Event: 4.993 Thread 0x0000026f7f396fc0 nmethod 725 0x0000026f000ec090 code [0x0000026f000ec240, 0x0000026f000ec3c0]
Event: 4.993 Thread 0x0000026f7f396fc0  726       3       jdk.internal.org.objectweb.asm.SymbolTable$Entry::<init> (18 bytes)
Event: 4.994 Thread 0x0000026f7f396fc0 nmethod 726 0x0000026f000ec510 code [0x0000026f000ec6c0, 0x0000026f000ec840]
Event: 4.998 Thread 0x0000026f7f396fc0  728       3       java.util.WeakHashMap::remove (131 bytes)
Event: 4.999 Thread 0x0000026f7f396fc0 nmethod 728 0x0000026f000ec910 code [0x0000026f000ecb60, 0x0000026f000ed6c0]
Event: 4.999 Thread 0x0000026f7f396fc0  727       3       java.util.Collections$SetFromMap::remove (19 bytes)
Event: 5.000 Thread 0x0000026f7f396fc0 nmethod 727 0x0000026f000edb10 code [0x0000026f000edcc0, 0x0000026f000edef8]
Event: 5.000 Thread 0x0000026f7f396fc0  729       3       java.lang.String::concat (15 bytes)
Event: 5.002 Thread 0x0000026f7f396fc0 nmethod 729 0x0000026f000edf90 code [0x0000026f000ee2e0, 0x0000026f000ef608]
Event: 5.015 Thread 0x0000026f7f391920 nmethod 698 0x0000026f07b18110 code [0x0000026f07b18400, 0x0000026f07b19780]

GC Heap History (0 events):
No events

Dll operation events (20 events):
Event: 1.338 Loaded shared library C:\Users\Julia\Downloads\jdk-21_windows-x64_bin\jdk-21.0.9\bin\api-ms-win-crt-convert-l1-1-0.dll
Event: 1.378 Loaded shared library C:\Users\Julia\Downloads\jdk-21_windows-x64_bin\jdk-21.0.9\bin\api-ms-win-crt-environment-l1-1-0.dll
Event: 1.415 Loaded shared library C:\Users\Julia\Downloads\jdk-21_windows-x64_bin\jdk-21.0.9\bin\api-ms-win-crt-filesystem-l1-1-0.dll
Event: 1.451 Loaded shared library C:\Users\Julia\Downloads\jdk-21_windows-x64_bin\jdk-21.0.9\bin\api-ms-win-crt-heap-l1-1-0.dll
Event: 1.492 Loaded shared library C:\Users\Julia\Downloads\jdk-21_windows-x64_bin\jdk-21.0.9\bin\api-ms-win-crt-locale-l1-1-0.dll
Event: 1.544 Loaded shared library C:\Users\Julia\Downloads\jdk-21_windows-x64_bin\jdk-21.0.9\bin\api-ms-win-crt-math-l1-1-0.dll
Event: 1.590 Loaded shared library C:\Users\Julia\Downloads\jdk-21_windows-x64_bin\jdk-21.0.9\bin\api-ms-win-crt-multibyte-l1-1-0.dll
Event: 1.649 Loaded shared library C:\Users\Julia\Downloads\jdk-21_windows-x64_bin\jdk-21.0.9\bin\api-ms-win-crt-private-l1-1-0.dll
Event: 1.688 Loaded shared library C:\Users\Julia\Downloads\jdk-21_windows-x64_bin\jdk-21.0.9\bin\api-ms-win-crt-process-l1-1-0.dll
Event: 1.728 Loaded shared library C:\Users\Julia\Downloads\jdk-21_windows-x64_bin\jdk-21.0.9\bin\api-ms-win-crt-runtime-l1-1-0.dll
Event: 1.761 Loaded shared library C:\Users\Julia\Downloads\jdk-21_windows-x64_bin\jdk-21.0.9\bin\api-ms-win-crt-stdio-l1-1-0.dll
Event: 1.807 Loaded shared library C:\Users\Julia\Downloads\jdk-21_windows-x64_bin\jdk-21.0.9\bin\api-ms-win-crt-string-l1-1-0.dll
Event: 1.860 Loaded shared library C:\Users\Julia\Downloads\jdk-21_windows-x64_bin\jdk-21.0.9\bin\api-ms-win-crt-time-l1-1-0.dll
Event: 1.906 Loaded shared library C:\Users\Julia\Downloads\jdk-21_windows-x64_bin\jdk-21.0.9\bin\api-ms-win-crt-utility-l1-1-0.dll
Event: 1.990 Loaded shared library C:\Users\Julia\Downloads\jdk-21_windows-x64_bin\jdk-21.0.9\bin\ucrtbase.dll
Event: 1.992 Loaded shared library C:\Users\Julia\Downloads\jdk-21_windows-x64_bin\jdk-21.0.9\bin\vcruntime140.dll
Event: 1.993 Loaded shared library C:\Users\Julia\Downloads\jdk-21_windows-x64_bin\jdk-21.0.9\bin\msvcp140.dll
Event: 2.081 Loaded shared library C:\Users\Julia\.openjfx\cache\11.0.2\concrt140.dll
Event: 3.418 Loaded shared library C:\Users\Julia\Downloads\openjfx-25.0.1_windows-x64_bin-sdk\javafx-sdk-25.0.1\bin\prism_d3d.dll
Event: 4.977 Loaded shared library C:\Users\Julia\Downloads\openjfx-25.0.1_windows-x64_bin-sdk\javafx-sdk-25.0.1\bin\glass.dll

Deoptimization events (20 events):
Event: 3.552 Thread 0x0000026f6cc63d00 Uncommon trap: trap_request=0xffffffc6 fr.pc=0x0000026f07af4440 relative=0x0000000000000fc0
Event: 3.552 Thread 0x0000026f6cc63d00 Uncommon trap: reason=bimorphic_or_optimized_type_check action=maybe_recompile pc=0x0000026f07af4440 method=java.util.HashMap.putVal(ILjava/lang/Object;Ljava/lang/Object;ZZ)Ljava/lang/Object; @ 56 c2
Event: 3.552 Thread 0x0000026f6cc63d00 DEOPT PACKING pc=0x0000026f07af4440 sp=0x000000fcc52fd280
Event: 3.552 Thread 0x0000026f6cc63d00 DEOPT UNPACKING pc=0x0000026f075846a2 sp=0x000000fcc52fd248 mode 2
Event: 3.552 Thread 0x0000026f6cc63d00 Uncommon trap: trap_request=0xffffffc6 fr.pc=0x0000026f07af4440 relative=0x0000000000000fc0
Event: 3.552 Thread 0x0000026f6cc63d00 Uncommon trap: reason=bimorphic_or_optimized_type_check action=maybe_recompile pc=0x0000026f07af4440 method=java.util.HashMap.putVal(ILjava/lang/Object;Ljava/lang/Object;ZZ)Ljava/lang/Object; @ 56 c2
Event: 3.552 Thread 0x0000026f6cc63d00 DEOPT PACKING pc=0x0000026f07af4440 sp=0x000000fcc52fd280
Event: 3.552 Thread 0x0000026f6cc63d00 DEOPT UNPACKING pc=0x0000026f075846a2 sp=0x000000fcc52fd248 mode 2
Event: 3.552 Thread 0x0000026f6cc63d00 Uncommon trap: trap_request=0xffffffc6 fr.pc=0x0000026f07af4440 relative=0x0000000000000fc0
Event: 3.552 Thread 0x0000026f6cc63d00 Uncommon trap: reason=bimorphic_or_optimized_type_check action=maybe_recompile pc=0x0000026f07af4440 method=java.util.HashMap.putVal(ILjava/lang/Object;Ljava/lang/Object;ZZ)Ljava/lang/Object; @ 56 c2
Event: 3.552 Thread 0x0000026f6cc63d00 DEOPT PACKING pc=0x0000026f07af4440 sp=0x000000fcc52fd280
Event: 3.552 Thread 0x0000026f6cc63d00 DEOPT UNPACKING pc=0x0000026f075846a2 sp=0x000000fcc52fd248 mode 2
Event: 3.552 Thread 0x0000026f6cc63d00 Uncommon trap: trap_request=0xffffffc6 fr.pc=0x0000026f07af448c relative=0x000000000000100c
Event: 3.552 Thread 0x0000026f6cc63d00 Uncommon trap: reason=bimorphic_or_optimized_type_check action=maybe_recompile pc=0x0000026f07af448c method=java.util.HashMap.putVal(ILjava/lang/Object;Ljava/lang/Object;ZZ)Ljava/lang/Object; @ 152 c2
Event: 3.552 Thread 0x0000026f6cc63d00 DEOPT PACKING pc=0x0000026f07af448c sp=0x000000fcc52fd280
Event: 3.552 Thread 0x0000026f6cc63d00 DEOPT UNPACKING pc=0x0000026f075846a2 sp=0x000000fcc52fd250 mode 2
Event: 3.552 Thread 0x0000026f6cc63d00 Uncommon trap: trap_request=0xffffffc6 fr.pc=0x0000026f07af4440 relative=0x0000000000000fc0
Event: 3.552 Thread 0x0000026f6cc63d00 Uncommon trap: reason=bimorphic_or_optimized_type_check action=maybe_recompile pc=0x0000026f07af4440 method=java.util.HashMap.putVal(ILjava/lang/Object;Ljava/lang/Object;ZZ)Ljava/lang/Object; @ 56 c2
Event: 3.552 Thread 0x0000026f6cc63d00 DEOPT PACKING pc=0x0000026f07af4440 sp=0x000000fcc52fd280
Event: 3.552 Thread 0x0000026f6cc63d00 DEOPT UNPACKING pc=0x0000026f075846a2 sp=0x000000fcc52fd248 mode 2

Classes loaded (20 events):
Event: 3.552 Loading class java/lang/ProcessEnvironment$EntryComparator
Event: 3.552 Loading class java/lang/ProcessEnvironment$EntryComparator done
Event: 3.553 Loading class java/lang/ProcessEnvironment$CheckedEntrySet
Event: 3.553 Loading class java/lang/ProcessEnvironment$CheckedEntrySet done
Event: 3.553 Loading class java/lang/ProcessEnvironment$CheckedEntrySet$1
Event: 3.553 Loading class java/lang/ProcessEnvironment$CheckedEntrySet$1 done
Event: 3.554 Loading class java/lang/ProcessEnvironment$CheckedEntry
Event: 3.554 Loading class java/lang/ProcessEnvironment$CheckedEntry done
Event: 4.978 Loading class java/lang/Throwable$WrappedPrintStream
Event: 4.978 Loading class java/lang/Throwable$PrintStreamOrWriter
Event: 4.978 Loading class java/lang/Throwable$PrintStreamOrWriter done
Event: 4.978 Loading class java/lang/Throwable$WrappedPrintStream done
Event: 4.979 Loading class java/lang/StackTraceElement$HashedModules
Event: 4.979 Loading class java/lang/StackTraceElement$HashedModules done
Event: 4.982 Loading class java/util/concurrent/BlockingDeque
Event: 4.983 Loading class java/util/concurrent/BlockingDeque done
Event: 4.983 Loading class java/util/concurrent/LinkedBlockingDeque
Event: 4.983 Loading class java/util/concurrent/LinkedBlockingDeque done
Event: 5.000 Loading class java/lang/NumberFormatException
Event: 5.000 Loading class java/lang/NumberFormatException done

Classes unloaded (0 events):
No events

Classes redefined (0 events):
No events

Internal exceptions (10 events):
Event: 0.159 Thread 0x0000026f6cc63d00 Exception <a 'java/lang/NoSuchMethodError'{0x00000007151c45d0}: 'void java.lang.invoke.DirectMethodHandle$Holder.invokeStatic(java.lang.Object, java.lang.Object, java.lang.Object, java.lang.Object)'> (0x00000007151c45d0) 
thrown [s\open\src\hotspot\share\interpreter\linkResolver.cpp, line 773]
Event: 0.159 Thread 0x0000026f6cc63d00 Exception <a 'java/lang/NoSuchMethodError'{0x00000007151c8318}: 'void java.lang.invoke.DirectMethodHandle$Holder.invokeSpecial(java.lang.Object, java.lang.Object, java.lang.Object, java.lang.Object, java.lang.Object)'> (0x00000007151c8318) 
thrown [s\open\src\hotspot\share\interpreter\linkResolver.cpp, line 773]
Event: 0.162 Thread 0x0000026f6cc63d00 Exception <a 'java/lang/NoSuchMethodError'{0x00000007151df850}: 'java.lang.Object java.lang.invoke.Invokers$Holder.invokeExact_MT(java.lang.Object, java.lang.Object, java.lang.Object, java.lang.Object, java.lang.Object, java.lang.Object)'> (0x00000007151df850) 
thrown [s\open\src\hotspot\share\interpreter\linkResolver.cpp, line 773]
Event: 0.163 Thread 0x0000026f6cc63d00 Exception <a 'java/lang/NoSuchMethodError'{0x00000007151e43f8}: 'void java.lang.invoke.DirectMethodHandle$Holder.invokeStatic(java.lang.Object, java.lang.Object)'> (0x00000007151e43f8) 
thrown [s\open\src\hotspot\share\interpreter\linkResolver.cpp, line 773]
Event: 2.101 Thread 0x0000026f6cc63d00 Exception <a 'java/lang/NoSuchMethodError'{0x0000000714ddec68}: 'void java.lang.invoke.DirectMethodHandle$Holder.invokeSpecial(java.lang.Object, java.lang.Object, java.lang.Object)'> (0x0000000714ddec68) 
thrown [s\open\src\hotspot\share\interpreter\linkResolver.cpp, line 773]
Event: 2.113 Thread 0x0000026f6cc63d00 Exception <a 'java/lang/NoSuchMethodError'{0x0000000714a1ae30}: 'void java.lang.invoke.DirectMethodHandle$Holder.invokeStatic(java.lang.Object, java.lang.Object, java.lang.Object)'> (0x0000000714a1ae30) 
thrown [s\open\src\hotspot\share\interpreter\linkResolver.cpp, line 773]
Event: 3.544 Thread 0x0000026f6cc63d00 Exception <a 'java/lang/NoSuchMethodError'{0x0000000714a3b868}: 'int java.lang.invoke.DirectMethodHandle$Holder.invokeStaticInit(java.lang.Object, java.lang.Object, java.lang.Object)'> (0x0000000714a3b868) 
thrown [s\open\src\hotspot\share\interpreter\linkResolver.cpp, line 773]
Event: 4.978 Thread 0x0000026f6cc63d00 Exception <a 'java/lang/NoSuchMethodError'{0x0000000714b7e7d0}: notifyPreferencesChanged> (0x0000000714b7e7d0) 
thrown [s\open\src\hotspot\share\prims\jni.cpp, line 1077]
Event: 4.988 Thread 0x0000026f6cc63d00 Exception <a 'java/lang/NoSuchMethodError'{0x0000000714b938c8}: 'java.lang.Object java.lang.invoke.DirectMethodHandle$Holder.newInvokeSpecial(java.lang.Object, java.lang.Object, int, java.lang.Object)'> (0x0000000714b938c8) 
thrown [s\open\src\hotspot\share\interpreter\linkResolver.cpp, line 773]
Event: 4.988 Thread 0x0000026f6cc63d00 Exception <a 'java/lang/NoSuchMethodError'{0x0000000714b979f0}: 'java.lang.Object java.lang.invoke.DirectMethodHandle$Holder.invokeSpecial(java.lang.Object, java.lang.Object, java.lang.Object, int, java.lang.Object)'> (0x0000000714b979f0) 
thrown [s\open\src\hotspot\share\interpreter\linkResolver.cpp, line 773]

ZGC Phase Switch (0 events):
No events

VM Operations (16 events):
Event: 0.073 Executing VM operation: HandshakeAllThreads (Deoptimize)
Event: 0.073 Executing VM operation: HandshakeAllThreads (Deoptimize) done
Event: 0.116 Executing VM operation: HandshakeAllThreads (Deoptimize)
Event: 0.116 Executing VM operation: HandshakeAllThreads (Deoptimize) done
Event: 0.170 Executing VM operation: HandshakeAllThreads (Deoptimize)
Event: 0.170 Executing VM operation: HandshakeAllThreads (Deoptimize) done
Event: 1.160 Executing VM operation: Cleanup
Event: 1.160 Executing VM operation: Cleanup done
Event: 2.171 Executing VM operation: Cleanup
Event: 2.171 Executing VM operation: Cleanup done
Event: 3.552 Executing VM operation: HandshakeAllThreads (Deoptimize)
Event: 3.552 Executing VM operation: HandshakeAllThreads (Deoptimize) done
Event: 3.552 Executing VM operation: Cleanup
Event: 3.552 Executing VM operation: Cleanup done
Event: 4.558 Executing VM operation: Cleanup
Event: 4.558 Executing VM operation: Cleanup done

Events (18 events):
Event: 0.017 Thread 0x0000026f6cc63d00 Thread added: 0x0000026f6cc63d00
Event: 0.027 Thread 0x0000026f7f382bd0 Thread added: 0x0000026f7f382bd0
Event: 0.027 Thread 0x0000026f7f389650 Thread added: 0x0000026f7f389650
Event: 0.027 Thread 0x0000026f7f38c6d0 Thread added: 0x0000026f7f38c6d0
Event: 0.027 Thread 0x0000026f7f38db60 Thread added: 0x0000026f7f38db60
Event: 0.027 Thread 0x0000026f7f38e9d0 Thread added: 0x0000026f7f38e9d0
Event: 0.027 Thread 0x0000026f7f38f430 Thread added: 0x0000026f7f38f430
Event: 0.027 Thread 0x0000026f7f391920 Thread added: 0x0000026f7f391920
Event: 0.027 Thread 0x0000026f7f396fc0 Thread added: 0x0000026f7f396fc0
Event: 0.051 Thread 0x0000026f7f5fce00 Thread added: 0x0000026f7f5fce00
Event: 0.069 Thread 0x0000026f7f61e190 Thread added: 0x0000026f7f61e190
Event: 0.085 Thread 0x0000026f7f6ef8d0 Thread added: 0x0000026f7f6ef8d0
Event: 0.128 Thread 0x0000026f7f774ba0 Thread added: 0x0000026f7f774ba0
Event: 0.279 Thread 0x0000026f7f6ef8d0 Thread exited: 0x0000026f7f6ef8d0
Event: 0.495 Thread 0x0000026f7f61e190 Thread exited: 0x0000026f7f61e190
Event: 2.114 Thread 0x0000026f7f765430 Thread added: 0x0000026f7f765430
Event: 4.984 Thread 0x0000026f545f43a0 Thread added: 0x0000026f545f43a0
Event: 4.993 Thread 0x0000026f54634980 Thread added: 0x0000026f54634980


Dynamic libraries:
0x00007ff6577b0000 - 0x00007ff6577c0000 	C:\Users\Julia\Downloads\jdk-21_windows-x64_bin\jdk-21.0.9\bin\java.exe
0x00007ffbdf520000 - 0x00007ffbdf788000 	C:\WINDOWS\SYSTEM32\ntdll.dll
0x00007ffbde920000 - 0x00007ffbde9e9000 	C:\WINDOWS\System32\KERNEL32.DLL
0x00007ffbdcab0000 - 0x00007ffbdcea8000 	C:\WINDOWS\System32\KERNELBASE.dll
0x00007ffbdd170000 - 0x00007ffbdd2bb000 	C:\WINDOWS\System32\ucrtbase.dll
0x00007ffbbe090000 - 0x00007ffbbe0a9000 	C:\Users\Julia\Downloads\jdk-21_windows-x64_bin\jdk-21.0.9\bin\jli.dll
0x00007ffbdf420000 - 0x00007ffbdf4d4000 	C:\WINDOWS\System32\ADVAPI32.dll
0x00007ffbdf320000 - 0x00007ffbdf3c9000 	C:\WINDOWS\System32\msvcrt.dll
0x00007ffbbe580000 - 0x00007ffbbe59b000 	C:\Users\Julia\Downloads\jdk-21_windows-x64_bin\jdk-21.0.9\bin\VCRUNTIME140.dll
0x00007ffbdd930000 - 0x00007ffbdd9d6000 	C:\WINDOWS\System32\sechost.dll
0x00007ffbdd810000 - 0x00007ffbdd928000 	C:\WINDOWS\System32\RPCRT4.dll
0x00007ffbde4e0000 - 0x00007ffbde6a7000 	C:\WINDOWS\System32\USER32.dll
0x00007ffbdc730000 - 0x00007ffbdc757000 	C:\WINDOWS\System32\win32u.dll
0x00007ffbdedf0000 - 0x00007ffbdee1b000 	C:\WINDOWS\System32\GDI32.dll
0x00007ffbc6600000 - 0x00007ffbc6894000 	C:\WINDOWS\WinSxS\amd64_microsoft.windows.common-controls_6595b64144ccf1df_6.0.26100.7019_none_3e06ffa0e335b8a8\COMCTL32.dll
0x00007ffbdc810000 - 0x00007ffbdc93c000 	C:\WINDOWS\System32\gdi32full.dll
0x00007ffbdcf40000 - 0x00007ffbdcfe3000 	C:\WINDOWS\System32\msvcp_win.dll
0x00007ffbc7420000 - 0x00007ffbc742b000 	C:\WINDOWS\SYSTEM32\VERSION.dll
0x00007ffbdd660000 - 0x00007ffbdd691000 	C:\WINDOWS\System32\IMM32.DLL
0x00007ffbbe560000 - 0x00007ffbbe56c000 	C:\Users\Julia\Downloads\jdk-21_windows-x64_bin\jdk-21.0.9\bin\vcruntime140_1.dll
0x00007ffb8f590000 - 0x00007ffb8f61e000 	C:\Users\Julia\Downloads\jdk-21_windows-x64_bin\jdk-21.0.9\bin\msvcp140.dll
0x00007ffb47890000 - 0x00007ffb485ad000 	C:\Users\Julia\Downloads\jdk-21_windows-x64_bin\jdk-21.0.9\bin\server\jvm.dll
0x00007ffbde9f0000 - 0x00007ffbdea64000 	C:\WINDOWS\System32\WS2_32.dll
0x00007ffbd0ef0000 - 0x00007ffbd0f25000 	C:\WINDOWS\SYSTEM32\WINMM.dll
0x00007ffbdc4f0000 - 0x00007ffbdc54e000 	C:\WINDOWS\SYSTEM32\POWRPROF.dll
0x00007ffbdc4b0000 - 0x00007ffbdc4c4000 	C:\WINDOWS\SYSTEM32\UMPDC.dll
0x00007ffbdb3d0000 - 0x00007ffbdb3eb000 	C:\WINDOWS\SYSTEM32\kernel.appcore.dll
0x00007ffbbe440000 - 0x00007ffbbe44a000 	C:\Users\Julia\Downloads\jdk-21_windows-x64_bin\jdk-21.0.9\bin\jimage.dll
0x00007ffbd9ec0000 - 0x00007ffbda102000 	C:\WINDOWS\SYSTEM32\DBGHELP.DLL
0x00007ffbdd2d0000 - 0x00007ffbdd65b000 	C:\WINDOWS\System32\combase.dll
0x00007ffbded10000 - 0x00007ffbdede7000 	C:\WINDOWS\System32\OLEAUT32.dll
0x00007ffbbb910000 - 0x00007ffbbb94c000 	C:\WINDOWS\SYSTEM32\dbgcore.DLL
0x00007ffbdc760000 - 0x00007ffbdc805000 	C:\WINDOWS\System32\bcryptPrimitives.dll
0x00007ffbbdf40000 - 0x00007ffbbdf5f000 	C:\Users\Julia\Downloads\jdk-21_windows-x64_bin\jdk-21.0.9\bin\java.dll
0x00007ffbdda70000 - 0x00007ffbde1bf000 	C:\WINDOWS\System32\SHELL32.dll
0x00007ffbdc940000 - 0x00007ffbdcaab000 	C:\WINDOWS\System32\wintypes.dll
0x00007ffbda110000 - 0x00007ffbda96d000 	C:\WINDOWS\SYSTEM32\windows.storage.dll
0x00007ffbdeb30000 - 0x00007ffbdec22000 	C:\WINDOWS\System32\SHCORE.dll
0x00007ffbdee20000 - 0x00007ffbdee87000 	C:\WINDOWS\System32\shlwapi.dll
0x00007ffbdc590000 - 0x00007ffbdc5b9000 	C:\WINDOWS\SYSTEM32\profapi.dll
0x00007ffb86770000 - 0x00007ffb86847000 	C:\Users\Julia\Downloads\jdk-21_windows-x64_bin\jdk-21.0.9\bin\jsvml.dll
0x00007ffbbe3a0000 - 0x00007ffbbe3b0000 	C:\Users\Julia\Downloads\jdk-21_windows-x64_bin\jdk-21.0.9\bin\net.dll
0x00007ffbd43e0000 - 0x00007ffbd4508000 	C:\WINDOWS\SYSTEM32\WINHTTP.dll
0x00007ffbdb9a0000 - 0x00007ffbdba0b000 	C:\WINDOWS\system32\mswsock.dll
0x00007ffbb43f0000 - 0x00007ffbb4406000 	C:\Users\Julia\Downloads\jdk-21_windows-x64_bin\jdk-21.0.9\bin\nio.dll
0x00007ffbb43d0000 - 0x00007ffbb43e8000 	C:\Users\Julia\Downloads\jdk-21_windows-x64_bin\jdk-21.0.9\bin\zip.dll
0x0000026f6e610000 - 0x0000026f6e614000 	C:\Users\Julia\Downloads\jdk-21_windows-x64_bin\jdk-21.0.9\bin\api-ms-win-core-console-l1-1-0.dll
0x0000026f6e620000 - 0x0000026f6e624000 	C:\Users\Julia\Downloads\jdk-21_windows-x64_bin\jdk-21.0.9\bin\api-ms-win-core-datetime-l1-1-0.dll
0x0000026f6e630000 - 0x0000026f6e634000 	C:\Users\Julia\Downloads\jdk-21_windows-x64_bin\jdk-21.0.9\bin\api-ms-win-core-debug-l1-1-0.dll
0x0000026f6e640000 - 0x0000026f6e644000 	C:\Users\Julia\Downloads\jdk-21_windows-x64_bin\jdk-21.0.9\bin\api-ms-win-core-errorhandling-l1-1-0.dll
0x0000026f6e650000 - 0x0000026f6e655000 	C:\Users\Julia\Downloads\jdk-21_windows-x64_bin\jdk-21.0.9\bin\api-ms-win-core-file-l1-1-0.dll
0x0000026f6e660000 - 0x0000026f6e664000 	C:\Users\Julia\Downloads\jdk-21_windows-x64_bin\jdk-21.0.9\bin\api-ms-win-core-file-l1-2-0.dll
0x0000026f6e670000 - 0x0000026f6e674000 	C:\Users\Julia\Downloads\jdk-21_windows-x64_bin\jdk-21.0.9\bin\api-ms-win-core-file-l2-1-0.dll
0x0000026f6ee50000 - 0x0000026f6ee54000 	C:\Users\Julia\Downloads\jdk-21_windows-x64_bin\jdk-21.0.9\bin\api-ms-win-core-handle-l1-1-0.dll
0x0000026f6ee60000 - 0x0000026f6ee64000 	C:\Users\Julia\Downloads\jdk-21_windows-x64_bin\jdk-21.0.9\bin\api-ms-win-core-heap-l1-1-0.dll
0x0000026f6ee70000 - 0x0000026f6ee74000 	C:\Users\Julia\Downloads\jdk-21_windows-x64_bin\jdk-21.0.9\bin\api-ms-win-core-interlocked-l1-1-0.dll
0x0000026f6ee80000 - 0x0000026f6ee84000 	C:\Users\Julia\Downloads\jdk-21_windows-x64_bin\jdk-21.0.9\bin\api-ms-win-core-libraryloader-l1-1-0.dll
0x0000026f7f8f0000 - 0x0000026f7f8f4000 	C:\Users\Julia\Downloads\jdk-21_windows-x64_bin\jdk-21.0.9\bin\api-ms-win-core-localization-l1-2-0.dll
0x0000026f7f900000 - 0x0000026f7f904000 	C:\Users\Julia\Downloads\jdk-21_windows-x64_bin\jdk-21.0.9\bin\api-ms-win-core-memory-l1-1-0.dll
0x0000026f7f910000 - 0x0000026f7f914000 	C:\Users\Julia\Downloads\jdk-21_windows-x64_bin\jdk-21.0.9\bin\api-ms-win-core-namedpipe-l1-1-0.dll
0x0000026f7f920000 - 0x0000026f7f924000 	C:\Users\Julia\Downloads\jdk-21_windows-x64_bin\jdk-21.0.9\bin\api-ms-win-core-processenvironment-l1-1-0.dll
0x0000026f7f930000 - 0x0000026f7f934000 	C:\Users\Julia\Downloads\jdk-21_windows-x64_bin\jdk-21.0.9\bin\api-ms-win-core-processthreads-l1-1-0.dll
0x0000026f7f940000 - 0x0000026f7f944000 	C:\Users\Julia\Downloads\jdk-21_windows-x64_bin\jdk-21.0.9\bin\api-ms-win-core-processthreads-l1-1-1.dll
0x0000026f7f950000 - 0x0000026f7f954000 	C:\Users\Julia\Downloads\jdk-21_windows-x64_bin\jdk-21.0.9\bin\api-ms-win-core-profile-l1-1-0.dll
0x0000026f7f960000 - 0x0000026f7f964000 	C:\Users\Julia\Downloads\jdk-21_windows-x64_bin\jdk-21.0.9\bin\api-ms-win-core-rtlsupport-l1-1-0.dll
0x0000026f7f970000 - 0x0000026f7f974000 	C:\Users\Julia\Downloads\jdk-21_windows-x64_bin\jdk-21.0.9\bin\api-ms-win-core-string-l1-1-0.dll
0x0000026f7f980000 - 0x0000026f7f984000 	C:\Users\Julia\Downloads\jdk-21_windows-x64_bin\jdk-21.0.9\bin\api-ms-win-core-synch-l1-1-0.dll
0x0000026f7f990000 - 0x0000026f7f994000 	C:\Users\Julia\Downloads\jdk-21_windows-x64_bin\jdk-21.0.9\bin\api-ms-win-core-synch-l1-2-0.dll
0x0000026f7f9a0000 - 0x0000026f7f9a4000 	C:\Users\Julia\Downloads\jdk-21_windows-x64_bin\jdk-21.0.9\bin\api-ms-win-core-sysinfo-l1-1-0.dll
0x0000026f7f9b0000 - 0x0000026f7f9b4000 	C:\Users\Julia\Downloads\jdk-21_windows-x64_bin\jdk-21.0.9\bin\api-ms-win-core-timezone-l1-1-0.dll
0x0000026f7f9c0000 - 0x0000026f7f9c4000 	C:\Users\Julia\Downloads\jdk-21_windows-x64_bin\jdk-21.0.9\bin\api-ms-win-core-util-l1-1-0.dll
0x0000026f7f9d0000 - 0x0000026f7f9d4000 	C:\Users\Julia\Downloads\jdk-21_windows-x64_bin\jdk-21.0.9\bin\api-ms-win-crt-conio-l1-1-0.dll
0x0000026f7f9e0000 - 0x0000026f7f9e5000 	C:\Users\Julia\Downloads\jdk-21_windows-x64_bin\jdk-21.0.9\bin\api-ms-win-crt-convert-l1-1-0.dll
0x0000026f7f9f0000 - 0x0000026f7f9f4000 	C:\Users\Julia\Downloads\jdk-21_windows-x64_bin\jdk-21.0.9\bin\api-ms-win-crt-environment-l1-1-0.dll
0x0000026f7fa00000 - 0x0000026f7fa04000 	C:\Users\Julia\Downloads\jdk-21_windows-x64_bin\jdk-21.0.9\bin\api-ms-win-crt-filesystem-l1-1-0.dll
0x0000026f7fa10000 - 0x0000026f7fa14000 	C:\Users\Julia\Downloads\jdk-21_windows-x64_bin\jdk-21.0.9\bin\api-ms-win-crt-heap-l1-1-0.dll
0x0000026f7fa20000 - 0x0000026f7fa24000 	C:\Users\Julia\Downloads\jdk-21_windows-x64_bin\jdk-21.0.9\bin\api-ms-win-crt-locale-l1-1-0.dll
0x0000026f7fa30000 - 0x0000026f7fa36000 	C:\Users\Julia\Downloads\jdk-21_windows-x64_bin\jdk-21.0.9\bin\api-ms-win-crt-math-l1-1-0.dll
0x0000026f7fa40000 - 0x0000026f7fa46000 	C:\Users\Julia\Downloads\jdk-21_windows-x64_bin\jdk-21.0.9\bin\api-ms-win-crt-multibyte-l1-1-0.dll
0x0000026f7fa50000 - 0x0000026f7fa61000 	C:\Users\Julia\Downloads\jdk-21_windows-x64_bin\jdk-21.0.9\bin\api-ms-win-crt-private-l1-1-0.dll
0x0000026f7fa70000 - 0x0000026f7fa74000 	C:\Users\Julia\Downloads\jdk-21_windows-x64_bin\jdk-21.0.9\bin\api-ms-win-crt-process-l1-1-0.dll
0x0000026f7fa80000 - 0x0000026f7fa85000 	C:\Users\Julia\Downloads\jdk-21_windows-x64_bin\jdk-21.0.9\bin\api-ms-win-crt-runtime-l1-1-0.dll
0x0000026f7fa90000 - 0x0000026f7fa95000 	C:\Users\Julia\Downloads\jdk-21_windows-x64_bin\jdk-21.0.9\bin\api-ms-win-crt-stdio-l1-1-0.dll
0x0000026f7faa0000 - 0x0000026f7faa5000 	C:\Users\Julia\Downloads\jdk-21_windows-x64_bin\jdk-21.0.9\bin\api-ms-win-crt-string-l1-1-0.dll
0x0000026f7fab0000 - 0x0000026f7fab4000 	C:\Users\Julia\Downloads\jdk-21_windows-x64_bin\jdk-21.0.9\bin\api-ms-win-crt-time-l1-1-0.dll
0x0000026f7fac0000 - 0x0000026f7fac4000 	C:\Users\Julia\Downloads\jdk-21_windows-x64_bin\jdk-21.0.9\bin\api-ms-win-crt-utility-l1-1-0.dll
0x00007ffb93b20000 - 0x00007ffb93c31000 	C:\Users\Julia\Downloads\jdk-21_windows-x64_bin\jdk-21.0.9\bin\ucrtbase.dll
0x00007ffba9e40000 - 0x00007ffba9e91000 	C:\Users\Julia\.openjfx\cache\11.0.2\concrt140.dll
0x00007ffbb4190000 - 0x00007ffbb41c0000 	C:\Users\Julia\Downloads\openjfx-25.0.1_windows-x64_bin-sdk\javafx-sdk-25.0.1\bin\prism_d3d.dll
0x00007ffb85970000 - 0x00007ffb85b20000 	C:\WINDOWS\system32\d3d9.dll
0x00007ffbd9720000 - 0x00007ffbd9750000 	C:\WINDOWS\SYSTEM32\dwmapi.dll
0x00007ffbd9550000 - 0x00007ffbd9593000 	C:\WINDOWS\SYSTEM32\dxcore.dll
0x00007ffbd9450000 - 0x00007ffbd94fa000 	C:\WINDOWS\system32\uxtheme.dll
0x00007ffb4b790000 - 0x00007ffb4ba06000 	C:\WINDOWS\System32\DriverStore\FileRepository\iigd_dch.inf_amd64_c2201cfb126f0796\igdumdim64.dll
0x00007ffbde780000 - 0x00007ffbde917000 	C:\WINDOWS\System32\ole32.dll
0x00007ffb43e80000 - 0x00007ffb453bc000 	C:\WINDOWS\System32\DriverStore\FileRepository\iigd_dch.inf_amd64_c2201cfb126f0796\igd9trinity64.dll
0x00007ffbd95c0000 - 0x00007ffbd96f9000 	C:\WINDOWS\system32\dxgi.dll
0x00007ffbd07a0000 - 0x00007ffbd0be2000 	C:\WINDOWS\System32\DriverStore\FileRepository\iigd_dch.inf_amd64_c2201cfb126f0796\igdgmm64.dll
0x00007ffbd05f0000 - 0x00007ffbd0616000 	C:\WINDOWS\System32\DriverStore\FileRepository\iigd_dch.inf_amd64_c2201cfb126f0796\igc64.dll
0x00007ffb96240000 - 0x00007ffb9628d000 	C:\WINDOWS\SYSTEM32\ControlLib.dll
0x00007ffbdc1c0000 - 0x00007ffbdc217000 	C:\WINDOWS\SYSTEM32\CFGMGR32.dll
0x00007ffbd0d60000 - 0x00007ffbd0dfd000 	C:\WINDOWS\System32\DriverStore\FileRepository\iigd_dch.inf_amd64_c2201cfb126f0796\IntelControlLib.dll
0x00007ffbd4180000 - 0x00007ffbd41e3000 	C:\WINDOWS\SYSTEM32\directxdatabasehelper.dll
0x00007ffb33170000 - 0x00007ffb34699000 	C:\WINDOWS\System32\DriverStore\FileRepository\iigd_dch.inf_amd64_c2201cfb126f0796\igd9dxva64.dll
0x00007ffbdee90000 - 0x00007ffbdf31a000 	C:\WINDOWS\System32\SETUPAPI.dll
0x00007ffbbc000000 - 0x00007ffbbdd2e000 	C:\WINDOWS\System32\DriverStore\FileRepository\iigd_dch.inf_amd64_c2201cfb126f0796\media_bin_64.dll
0x00007ffb958e0000 - 0x00007ffb95929000 	C:\Users\Julia\Downloads\openjfx-25.0.1_windows-x64_bin-sdk\javafx-sdk-25.0.1\bin\glass.dll
0x00007ffbde3d0000 - 0x00007ffbde4c2000 	C:\WINDOWS\System32\COMDLG32.dll
0x00007ffbdea70000 - 0x00007ffbdeb20000 	C:\WINDOWS\System32\clbcatq.dll
0x00007ffbb8ee0000 - 0x00007ffbb9030000 	C:\Windows\System32\Windows.UI.dll
0x00007ffbabdf0000 - 0x00007ffbabeab000 	C:\Windows\System32\Windows.Networking.Connectivity.dll
0x00007ffbc9380000 - 0x00007ffbc95c4000 	C:\Windows\System32\twinapi.appcore.dll
0x00007ffbdd6a0000 - 0x00007ffbdd7fe000 	C:\WINDOWS\System32\MSCTF.dll

dbghelp: loaded successfully - version: 4.0.5 - missing functions: none
symbol engine: initialized successfully - sym options: 0x614 - pdb path: .;C:\Users\Julia\Downloads\jdk-21_windows-x64_bin\jdk-21.0.9\bin;C:\WINDOWS\SYSTEM32;C:\WINDOWS\WinSxS\amd64_microsoft.windows.common-controls_6595b64144ccf1df_6.0.26100.7019_none_3e06ffa0e335b8a8;C:\Users\Julia\Downloads\jdk-21_windows-x64_bin\jdk-21.0.9\bin\server;C:\Users\Julia\.openjfx\cache\11.0.2;C:\Users\Julia\Downloads\openjfx-25.0.1_windows-x64_bin-sdk\javafx-sdk-25.0.1\bin;C:\WINDOWS\System32\DriverStore\FileRepository\iigd_dch.inf_amd64_c2201cfb126f0796

VM Arguments:
jvm_args: --module-path=C:\Users\Julia\.m2\repository\org\openjfx\javafx-base\11.0.2\javafx-base-11.0.2-win.jar;C:\Users\Julia\.m2\repository\org\openjfx\javafx-base\11.0.2\javafx-base-11.0.2.jar;C:\Users\Julia\.m2\repository\org\openjfx\javafx-controls\11.0.2\javafx-controls-11.0.2-win.jar;C:\Users\Julia\.m2\repository\org\openjfx\javafx-controls\11.0.2\javafx-controls-11.0.2.jar;C:\Users\Julia\.m2\repository\org\openjfx\javafx-fxml\11.0.2\javafx-fxml-11.0.2-win.jar;C:\Users\Julia\.m2\repository\org\openjfx\javafx-fxml\11.0.2\javafx-fxml-11.0.2.jar;C:\Users\Julia\.m2\repository\org\openjfx\javafx-graphics\11.0.2\javafx-graphics-11.0.2-win.jar;C:\Users\Julia\.m2\repository\org\openjfx\javafx-graphics\11.0.2\javafx-graphics-11.0.2.jar --add-modules=javafx.base,javafx.controls,javafx.fxml,javafx.graphics 
java_command: com.pokearena.view.MenuPrincipal
java_class_path (initial): C:\Users\Julia\Documents\Workspace Julia\pokearena\target\classes;C:\Users\Julia\.m2\repository\org\apache\httpcomponents\client5\httpclient5\5.2.1\httpclient5-5.2.1.jar;C:\Users\Julia\.m2\repository\org\apache\httpcomponents\core5\httpcore5\5.2\httpcore5-5.2.jar;C:\Users\Julia\.m2\repository\org\apache\httpcomponents\core5\httpcore5-h2\5.2\httpcore5-h2-5.2.jar;C:\Users\Julia\.m2\repository\org\checkerframework\checker-qual\3.42.0\checker-qual-3.42.0.jar;C:\Users\Julia\.m2\repository\org\json\json\20240303\json-20240303.jar;C:\Users\Julia\.m2\repository\org\postgresql\postgresql\42.7.3\postgresql-42.7.3.jar;C:\Users\Julia\.m2\repository\org\slf4j\slf4j-api\1.7.36\slf4j-api-1.7.36.jar
Launcher Type: SUN_STANDARD

[Global flags]
     intx CICompilerCount                          = 4                                         {product} {ergonomic}
     uint ConcGCThreads                            = 3                                         {product} {ergonomic}
     uint G1ConcRefinementThreads                  = 10                                        {product} {ergonomic}
   size_t G1HeapRegionSize                         = 2097152                                   {product} {ergonomic}
    uintx GCDrainStackTargetSize                   = 64                                        {product} {ergonomic}
   size_t InitialHeapSize                          = 264241152                                 {product} {ergonomic}
   size_t MarkStackSize                            = 4194304                                   {product} {ergonomic}
   size_t MaxHeapSize                              = 4198498304                                {product} {ergonomic}
   size_t MaxNewSize                               = 2518679552                                {product} {ergonomic}
   size_t MinHeapDeltaBytes                        = 2097152                                   {product} {ergonomic}
   size_t MinHeapSize                              = 8388608                                   {product} {ergonomic}
    uintx NonNMethodCodeHeapSize                   = 5839372                                {pd product} {ergonomic}
    uintx NonProfiledCodeHeapSize                  = 122909434                              {pd product} {ergonomic}
     bool PerfDisableSharedMem                     = true                                      {product} {ergonomic}
    uintx ProfiledCodeHeapSize                     = 122909434                              {pd product} {ergonomic}
    uintx ReservedCodeCacheSize                    = 251658240                              {pd product} {ergonomic}
     bool SegmentedCodeCache                       = true                                      {product} {ergonomic}
   size_t SoftMaxHeapSize                          = 4198498304                             {manageable} {ergonomic}
     bool UseCompressedOops                        = true                           {product lp64_product} {ergonomic}
     bool UseG1GC                                  = true                                      {product} {ergonomic}
     bool UseLargePagesIndividualAllocation        = false                                  {pd product} {ergonomic}

Logging:
Log output configuration:
 #0: stdout all=warning uptime,level,tags foldmultilines=false
 #1: stderr all=off uptime,level,tags foldmultilines=false

Environment Variables:
JAVA_HOME=C:\Users\Julia\Downloads\jdk-21_windows-x64_bin\jdk-21.0.9
PATH=C:\Users\Julia\Downloads\jdk-21_windows-x64_bin\jdk-21.0.9\bin;C:\Users\Julia\Downloads\openjfx-25.0.1_windows-x64_bin-sdk\javafx-sdk-25.0.1\bin;C:\Program Files (x86)\Common Files\Oracle\Java\javapath;C:\WINDOWS\system32;C:\WINDOWS;C:\WINDOWS\System32\Wbem;C:\WINDOWS\System32\WindowsPowerShell\v1.0\;C:\WINDOWS\System32\OpenSSH\;C:\Program Files\cursor\resources\app\bin;C:\Program Files\Git\cmd;C:\Users\Julia\Downloads\apache-maven-3.9.11-bin\apache-maven-3.9.11\bin;C:\Users\Julia\AppData\Local\Microsoft\WindowsApps;
USERNAME=Julia
LANG=en_US.UTF-8
OS=Windows_NT
PROCESSOR_IDENTIFIER=Intel64 Family 6 Model 186 Stepping 3, GenuineIntel
TMP=C:\Users\Julia\AppData\Local\Temp
TEMP=C:\Users\Julia\AppData\Local\Temp




Periodic native trim disabled

---------------  S Y S T E M  ---------------

OS:
 Windows 11 , 64 bit Build 26100 (10.0.26100.7019)
OS uptime: 1 days 18:35 hours

CPU: total 12 (initial active 12) (6 cores per cpu, 2 threads per core) family 6 model 186 stepping 3 microcode 0x4124, cx8, cmov, fxsr, ht, mmx, 3dnowpref, sse, sse2, sse3, ssse3, sse4.1, sse4.2, popcnt, lzcnt, tsc, tscinvbit, avx, avx2, aes, erms, clmul, bmi1, bmi2, adx, sha, fma, vzeroupper, clflush, clflushopt, clwb, serialize, rdtscp, rdpid, fsrm, f16c, pku, cet_ibt, cet_ss
Processor Information for processor 0
  Max Mhz: 1300, Current Mhz: 1300, Mhz Limit: 1300
Processor Information for processor 1
  Max Mhz: 1300, Current Mhz: 1300, Mhz Limit: 1300
Processor Information for processor 2
  Max Mhz: 1300, Current Mhz: 1300, Mhz Limit: 1300
Processor Information for processor 3
  Max Mhz: 1300, Current Mhz: 1300, Mhz Limit: 1300
Processor Information for processor 4
  Max Mhz: 1300, Current Mhz: 900, Mhz Limit: 897
Processor Information for processor 5
  Max Mhz: 1300, Current Mhz: 900, Mhz Limit: 897
Processor Information for processor 6
  Max Mhz: 1300, Current Mhz: 900, Mhz Limit: 897
Processor Information for processor 7
  Max Mhz: 1300, Current Mhz: 900, Mhz Limit: 897
Processor Information for processor 8
  Max Mhz: 1300, Current Mhz: 900, Mhz Limit: 897
Processor Information for processor 9
  Max Mhz: 1300, Current Mhz: 900, Mhz Limit: 897
Processor Information for processor 10
  Max Mhz: 1300, Current Mhz: 900, Mhz Limit: 897
Processor Information for processor 11
  Max Mhz: 1300, Current Mhz: 900, Mhz Limit: 897

Memory: 4k page, system-wide physical 16009M (7450M free)
TotalPageFile size 18953M (AvailPageFile size 8624M)
current process WorkingSet (physical memory assigned to process): 80M, peak: 80M
current process commit charge ("private bytes"): 368M, peak: 368M

vm_info: Java HotSpot(TM) 64-Bit Server VM (21.0.9+7-LTS-338) for windows-amd64 JRE (21.0.9+7-LTS-338), built on 2025-09-26T06:33:49Z by "mach5run" with MS VC++ 17.6 (VS2022)

END.
