#
# A fatal error has been detected by the Java Runtime Environment:
#
#  EXCEPTION_ACCESS_VIOLATION (0xc0000005) at pc=0x00007ffb32ccb202, pid=5924, tid=16408
#
# JRE version: Java(TM) SE Runtime Environment (21.0.9+7) (build 21.0.9+7-LTS-338)
# Java VM: Java HotSpot(TM) 64-Bit Server VM (21.0.9+7-LTS-338, mixed mode, sharing, tiered, compressed oops, compressed class ptrs, g1 gc, windows-amd64)
# Problematic frame:
# V  [jvm.dll+0x43b202]
#
# No core dump will be written. Minidumps are not enabled by default on client versions of Windows
#
# If you would like to submit a bug report, please visit:
#   https://bugreport.java.com/bugreport/crash.jsp
#

---------------  S U M M A R Y ------------

Command Line: --module-path=C:\Users\Julia\.m2\repository\org\openjfx\javafx-base\11.0.2\javafx-base-11.0.2-win.jar;C:\Users\Julia\.m2\repository\org\openjfx\javafx-base\11.0.2\javafx-base-11.0.2.jar;C:\Users\Julia\.m2\repository\org\openjfx\javafx-controls\11.0.2\javafx-controls-11.0.2-win.jar;C:\Users\Julia\.m2\repository\org\openjfx\javafx-controls\11.0.2\javafx-controls-11.0.2.jar;C:\Users\Julia\.m2\repository\org\openjfx\javafx-fxml\11.0.2\javafx-fxml-11.0.2-win.jar;C:\Users\Julia\.m2\repository\org\openjfx\javafx-fxml\11.0.2\javafx-fxml-11.0.2.jar;C:\Users\Julia\.m2\repository\org\openjfx\javafx-graphics\11.0.2\javafx-graphics-11.0.2-win.jar;C:\Users\Julia\.m2\repository\org\openjfx\javafx-graphics\11.0.2\javafx-graphics-11.0.2.jar --add-modules=javafx.base,javafx.controls,javafx.fxml,javafx.graphics com.pokearena.view.MenuPrincipal

Host: 13th Gen Intel(R) Core(TM) i5-1334U, 12 cores, 15G,  Windows 11 , 64 bit Build 26100 (10.0.26100.7019)
Time: Mon Nov 17 20:22:27 2025 Hora oficial do Brasil elapsed time: 0.497715 seconds (0d 0h 0m 0s)

---------------  T H R E A D  ---------------

Current thread (0x000001cc6a5e11b0):  JavaThread "WindowsNativeRunloopThread"        [_thread_in_vm, id=16408, stack(0x0000008988000000,0x0000008988100000) (1024K)]

Stack: [0x0000008988000000,0x0000008988100000],  sp=0x00000089880ff050,  free space=1020k
Native frames: (J=compiled Java code, j=interpreted, Vv=VM code, C=native code)
V  [jvm.dll+0x43b202]
C  [glass.dll+0x54d0]

Java frames: (J=compiled Java code, j=interpreted, Vv=VM code)
j  com.sun.glass.ui.win.WinApplication._runLoop(Ljava/lang/Runnable;)V+0 javafx.graphics
j  com.sun.glass.ui.win.WinApplication.lambda$runLoop$3(ILjava/lang/Runnable;)V+8 javafx.graphics
j  com.sun.glass.ui.win.WinApplication$$Lambda+0x000001cc2602ca18.run()V+12 javafx.graphics
j  java.lang.Thread.runWith(Ljava/lang/Object;Ljava/lang/Runnable;)V+5 java.base@21.0.9
j  java.lang.Thread.run()V+19 java.base@21.0.9
v  ~StubRoutines::call_stub 0x000001cc140d100d

siginfo: EXCEPTION_ACCESS_VIOLATION (0xc0000005), reading address 0x0000000000000000


Registers:
RAX=0x0000000000000000, RBX=0x000001cc6a5e11b0, RCX=0x000001cc6a5e1570, RDX=0x00000089880ff238
RSP=0x00000089880ff050, RBP=0x00000089880ff158, RSI=0x0000000000000000, RDI=0x000001cc6a5e1570
R8 =0x0000000000000000, R9 =0x00000089880ff158, R10=0x00007ffb32ccb150, R11=0x0000000000000246
R12=0x0000000000000000, R13=0x000001cc664e4e90, R14=0x00000089880ff238, R15=0x000001cc6a5e11b0
RIP=0x00007ffb32ccb202, EFLAGS=0x0000000000010246


Register to memory mapping:

RAX=0x0 is null
RBX=0x000001cc6a5e11b0 is a thread
RCX=0x000001cc6a5e1570 points into unknown readable memory: 0x00007ffb33452640 | 40 26 45 33 fb 7f 00 00
RDX=0x00000089880ff238 is pointing into the stack for thread: 0x000001cc6a5e11b0
RSP=0x00000089880ff050 is pointing into the stack for thread: 0x000001cc6a5e11b0
RBP=0x00000089880ff158 is pointing into the stack for thread: 0x000001cc6a5e11b0
RSI=0x0 is null
RDI=0x000001cc6a5e1570 points into unknown readable memory: 0x00007ffb33452640 | 40 26 45 33 fb 7f 00 00
R8 =0x0 is null
R9 =0x00000089880ff158 is pointing into the stack for thread: 0x000001cc6a5e11b0
R10=0x00007ffb32ccb150 jvm.dll
R11=0x0000000000000246 is an unknown value
R12=0x0 is null
R13={method} {0x000001cc664e4e98} '_runLoop' '(Ljava/lang/Runnable;)V' in 'com/sun/glass/ui/win/WinApplication'
R14=0x00000089880ff238 is pointing into the stack for thread: 0x000001cc6a5e11b0
R15=0x000001cc6a5e11b0 is a thread

Top of Stack: (sp=0x00000089880ff050)
0x00000089880ff050:   00007ffbdcbaf5c0 00007ffbdf5c3041
0x00000089880ff060:   000001cc00000004 000001cc00000000
0x00000089880ff070:   0000000000000000 00000089880ff088
0x00000089880ff080:   0000000000000000 00007ffbdf5c3041
0x00000089880ff090:   00007ffbde867590 0000000000000000
0x00000089880ff0a0:   000001cc6a5e11b0 0000000000000000
0x00000089880ff0b0:   000001cc6a733c40 00007ffbde530ccc
0x00000089880ff0c0:   0000000000000000 00007ffbde88a660
0x00000089880ff0d0:   000001cc6a733c40 00007ffbdd3ac1af
0x00000089880ff0e0:   000001cc6a5e11b0 0000000000000001
0x00000089880ff0f0:   000001cc6a5e11b0 00000089880ff240
0x00000089880ff100:   000001cc6a5e1570 00007ffb953754d0
0x00000089880ff110:   0000000000000000 00000089880ff218
0x00000089880ff120:   00000089880ff238 000001cc6a733c40
0x00000089880ff130:   00000089880ff240 00007ffb9537ade6
0x00000089880ff140:   000001cc664e4e90 00000089880ff218
0x00000089880ff150:   0000000000000000 0000000000000000
0x00000089880ff160:   000001cc140d893e 000001cc140dccbc
0x00000089880ff170:   000001cc664e4e90 000001cc664e4e90
0x00000089880ff180:   000001cc664e4e90 00000089880ff240
0x00000089880ff190:   000001cc140d893e 000001cc140dce4b
0x00000089880ff1a0:   000001cc664e4e90 00000089880ff840
0x00000089880ff1b0:   3ff0000000000000 000001cc6a5e11b0
0x00000089880ff1c0:   00000089880ff840 000001cc140dcadf
0x00000089880ff1d0:   00000089880ff1d0 000001cc664e4e90
0x00000089880ff1e0:   0000000000000005 000001cc66510000
0x00000089880ff1f0:   0000000000000000 0000000714b33cf0
0x00000089880ff200:   000001cc664e4e90 0000000000000000
0x00000089880ff210:   00000089880ff238 00000089880ff290
0x00000089880ff220:   000001cc140d8860 0000000000000000
0x00000089880ff230:   000001cc140da3d7 0000000714bd3ed8
0x00000089880ff240:   0000000714bc8288 00000089880ff248 

Instructions: (pc=0x00007ffb32ccb202)
0x00007ffb32ccb102:   48 8b 4b 08 48 8b 43 18 48 89 41 18 48 8b 4b 08
0x00007ffb32ccb112:   48 8b 43 20 48 89 41 20 48 8d 8f a0 03 00 00 e8
0x00007ffb32ccb122:   ea 9a ed ff 90 c7 87 4c 04 00 00 04 00 00 00 48
0x00007ffb32ccb132:   81 c4 b8 00 00 00 41 5f 41 5e 5f 5e 5d 5b c3 cc
0x00007ffb32ccb142:   cc cc cc cc cc cc cc cc cc cc cc cc cc cc 48 89
0x00007ffb32ccb152:   5c 24 08 48 89 6c 24 10 48 89 74 24 18 57 41 56
0x00007ffb32ccb162:   41 57 48 81 ec a0 00 00 00 8b 81 b0 00 00 00 48
0x00007ffb32ccb172:   8d 99 40 fc ff ff 05 53 21 ff ff 49 8b e9 49 8b
0x00007ffb32ccb182:   f0 4c 8b f2 48 8b f9 83 f8 01 77 08 48 8b cb e8
0x00007ffb32ccb192:   5a 17 fb ff 80 3d a3 d5 7e 00 00 c7 83 4c 04 00
0x00007ffb32ccb1a2:   00 06 00 00 00 75 06 e8 72 1c 28 00 90 48 8b 83
0x00007ffb32ccb1b2:   50 04 00 00 a8 01 74 0d 45 33 c0 b2 01 48 8b cb
0x00007ffb32ccb1c2:   e8 79 1b 2f 00 8b 83 48 04 00 00 a8 0c 74 08 48
0x00007ffb32ccb1d2:   8b cb e8 c7 2b fb ff c7 83 4c 04 00 00 06 00 00
0x00007ffb32ccb1e2:   00 48 83 7b 08 00 48 89 5c 24 50 48 c7 44 24 58
0x00007ffb32ccb1f2:   00 00 00 00 74 0a 48 8d 4c 24 50 e8 ae db 2b 00
0x00007ffb32ccb202:   48 8b 16 48 8d 4c 24 70 c7 44 24 40 0e 00 00 00
0x00007ffb32ccb212:   e8 79 62 01 00 48 8d 44 24 70 48 89 5c 24 30 48
0x00007ffb32ccb222:   89 44 24 28 4c 8d 3d c3 3e 5b 00 41 b9 01 00 00
0x00007ffb32ccb232:   00 48 89 74 24 20 4d 8b c6 4c 89 7c 24 70 48 8d
0x00007ffb32ccb242:   54 24 40 48 89 ac 24 98 00 00 00 48 8b cf e8 eb
0x00007ffb32ccb252:   6f 01 00 48 83 7c 24 58 00 4c 89 7c 24 70 48 c7
0x00007ffb32ccb262:   84 24 98 00 00 00 00 00 00 00 74 0a 48 8d 4c 24
0x00007ffb32ccb272:   50 e8 b8 db 2b 00 48 8b bb 98 01 00 00 48 8b 47
0x00007ffb32ccb282:   10 48 83 38 00 74 08 48 8b cf e8 5f 3e f6 ff 48
0x00007ffb32ccb292:   8b 4f 08 48 8b 47 10 48 89 41 10 48 8b 4f 08 48
0x00007ffb32ccb2a2:   8b 47 18 48 89 41 18 48 8b 4f 08 48 8b 47 20 48
0x00007ffb32ccb2b2:   89 41 20 48 8d 8b a0 03 00 00 e8 4f 99 ed ff 4c
0x00007ffb32ccb2c2:   8d 9c 24 a0 00 00 00 90 49 8b 6b 28 49 8b 73 30
0x00007ffb32ccb2d2:   c7 83 4c 04 00 00 04 00 00 00 49 8b 5b 20 49 8b
0x00007ffb32ccb2e2:   e3 41 5f 41 5e 5f c3 cc cc cc cc cc cc cc 48 89
0x00007ffb32ccb2f2:   5c 24 08 48 89 6c 24 10 48 89 74 24 18 48 89 7c 


Stack slot to memory mapping:

stack at sp + 0 slots: 0x00007ffbdcbaf5c0 KERNELBASE.dll
stack at sp + 1 slots: 0x00007ffbdf5c3041 ntdll.dll
stack at sp + 2 slots: 0x000001cc00000004 is an unknown value
stack at sp + 3 slots: 0x000001cc00000000 is an unknown value
stack at sp + 4 slots: 0x0 is null
stack at sp + 5 slots: 0x00000089880ff088 is pointing into the stack for thread: 0x000001cc6a5e11b0
stack at sp + 6 slots: 0x0 is null
stack at sp + 7 slots: 0x00007ffbdf5c3041 ntdll.dll


---------------  P R O C E S S  ---------------

Threads class SMR info:
_java_thread_list=0x000001cc6a5e5050, length=15, elements={
0x000001cc02d41900, 0x000001cc23c243a0, 0x000001cc23c26f10, 0x000001cc23c29f90,
0x000001cc23c2d1e0, 0x000001cc23c2e050, 0x000001cc23c2eab0, 0x000001cc23c2f970,
0x000001cc23c30540, 0x000001cc24604360, 0x000001cc24641c10, 0x000001cc6a1da060,
0x000001cc6a273630, 0x000001cc6a4b9960, 0x000001cc6a5e11b0
}

Java Threads: ( => current thread )
  0x000001cc02d41900 JavaThread "main"                              [_thread_blocked, id=15332, stack(0x0000008986b00000,0x0000008986c00000) (1024K)]
  0x000001cc23c243a0 JavaThread "Reference Handler"          daemon [_thread_blocked, id=408, stack(0x0000008987300000,0x0000008987400000) (1024K)]
  0x000001cc23c26f10 JavaThread "Finalizer"                  daemon [_thread_blocked, id=9576, stack(0x0000008987400000,0x0000008987500000) (1024K)]
  0x000001cc23c29f90 JavaThread "Signal Dispatcher"          daemon [_thread_blocked, id=7904, stack(0x0000008987500000,0x0000008987600000) (1024K)]
  0x000001cc23c2d1e0 JavaThread "Attach Listener"            daemon [_thread_blocked, id=6516, stack(0x0000008987600000,0x0000008987700000) (1024K)]
  0x000001cc23c2e050 JavaThread "Service Thread"             daemon [_thread_blocked, id=7720, stack(0x0000008987700000,0x0000008987800000) (1024K)]
  0x000001cc23c2eab0 JavaThread "Monitor Deflation Thread"   daemon [_thread_blocked, id=6024, stack(0x0000008987800000,0x0000008987900000) (1024K)]
  0x000001cc23c2f970 JavaThread "C2 CompilerThread0"         daemon [_thread_blocked, id=13808, stack(0x0000008987900000,0x0000008987a00000) (1024K)]
  0x000001cc23c30540 JavaThread "C1 CompilerThread0"         daemon [_thread_blocked, id=8172, stack(0x0000008987a00000,0x0000008987b00000) (1024K)]
  0x000001cc24604360 JavaThread "Common-Cleaner"             daemon [_thread_blocked, id=11016, stack(0x0000008987b00000,0x0000008987c00000) (1024K)]
  0x000001cc24641c10 JavaThread "C2 CompilerThread1"         daemon [_thread_blocked, id=7628, stack(0x0000008987c00000,0x0000008987d00000) (1024K)]
  0x000001cc6a1da060 JavaThread "Notification Thread"        daemon [_thread_blocked, id=3608, stack(0x0000008987e00000,0x0000008987f00000) (1024K)]
  0x000001cc6a273630 JavaThread "QuantumRenderer-0"          daemon [_thread_blocked, id=13008, stack(0x0000008987f00000,0x0000008988000000) (1024K)]
  0x000001cc6a4b9960 JavaThread "InvokeLaterDispatcher"      daemon [_thread_blocked, id=13868, stack(0x0000008987d00000,0x0000008987e00000) (1024K)]
=>0x000001cc6a5e11b0 JavaThread "WindowsNativeRunloopThread"        [_thread_in_vm, id=16408, stack(0x0000008988000000,0x0000008988100000) (1024K)]
Total: 15

Other Threads:
  0x000001cc23c067a0 VMThread "VM Thread"                           [id=13772, stack(0x0000008987200000,0x0000008987300000) (1024K)]
  0x000001cc23bf3f70 WatcherThread "VM Periodic Task Thread"        [id=13168, stack(0x0000008987100000,0x0000008987200000) (1024K)]
  0x000001cc02f72710 WorkerThread "GC Thread#0"                     [id=9464, stack(0x0000008986c00000,0x0000008986d00000) (1024K)]
  0x000001cc02f83860 ConcurrentGCThread "G1 Main Marker"            [id=13968, stack(0x0000008986d00000,0x0000008986e00000) (1024K)]
  0x000001cc02f85100 WorkerThread "G1 Conc#0"                       [id=14412, stack(0x0000008986e00000,0x0000008986f00000) (1024K)]
  0x000001cc02fce8c0 ConcurrentGCThread "G1 Refine#0"               [id=13684, stack(0x0000008986f00000,0x0000008987000000) (1024K)]
  0x000001cc23ac7240 ConcurrentGCThread "G1 Service"                [id=15288, stack(0x0000008987000000,0x0000008987100000) (1024K)]
Total: 7

Threads with active compile tasks:
Total: 0

VM state: not at safepoint (normal execution)

VM Mutex/Monitor currently owned by a thread: None

Heap address: 0x0000000705c00000, size: 4004 MB, Compressed Oops mode: Zero based, Oop shift amount: 3

CDS archive(s) mapped at: [0x000001cc25000000-0x000001cc25c90000-0x000001cc25c90000), size 13172736, SharedBaseAddress: 0x000001cc25000000, ArchiveRelocationMode: 1.
Compressed class space mapped at: 0x000001cc26000000-0x000001cc66000000, reserved size: 1073741824
Narrow klass base: 0x000001cc25000000, Narrow klass shift: 0, Narrow klass range: 0x100000000

GC Precious Log:
 CardTable entry size: 512
 Card Set container configuration: InlinePtr #cards 4 size 8 Array Of Cards #cards 16 size 48 Howl #buckets 8 coarsen threshold 3686 Howl Bitmap #cards 512 size 80 coarsen threshold 460 Card regions per heap region 1 cards per card region 4096
 CPUs: 12 total, 12 available
 Memory: 16009M
 Large Page Support: Disabled
 NUMA Support: Disabled
 Compressed Oops: Enabled (Zero based)
 Heap Region Size: 2M
 Heap Min Capacity: 8M
 Heap Initial Capacity: 252M
 Heap Max Capacity: 4004M
 Pre-touch: Disabled
 Parallel Workers: 10
 Concurrent Workers: 3
 Concurrent Refinement Workers: 10
 Periodic GC: Disabled

Heap:
 garbage-first heap   total 258048K, used 14336K [0x0000000705c00000, 0x0000000800000000)
  region size 2048K, 8 young (16384K), 0 survivors (0K)
 Metaspace       used 2684K, committed 2880K, reserved 1114112K
  class space    used 281K, committed 384K, reserved 1048576K

Heap Regions: E=young(eden), S=young(survivor), O=old, HS=humongous(starts), HC=humongous(continues), CS=collection set, F=free, TAMS=top-at-mark-start, PB=parsable bottom
|   0|0x0000000705c00000, 0x0000000705c00000, 0x0000000705e00000|  0%| F|  |TAMS 0x0000000705c00000| PB 0x0000000705c00000| Untracked 
|   1|0x0000000705e00000, 0x0000000705e00000, 0x0000000706000000|  0%| F|  |TAMS 0x0000000705e00000| PB 0x0000000705e00000| Untracked 
|   2|0x0000000706000000, 0x0000000706000000, 0x0000000706200000|  0%| F|  |TAMS 0x0000000706000000| PB 0x0000000706000000| Untracked 
|   3|0x0000000706200000, 0x0000000706200000, 0x0000000706400000|  0%| F|  |TAMS 0x0000000706200000| PB 0x0000000706200000| Untracked 
|   4|0x0000000706400000, 0x0000000706400000, 0x0000000706600000|  0%| F|  |TAMS 0x0000000706400000| PB 0x0000000706400000| Untracked 
|   5|0x0000000706600000, 0x0000000706600000, 0x0000000706800000|  0%| F|  |TAMS 0x0000000706600000| PB 0x0000000706600000| Untracked 
|   6|0x0000000706800000, 0x0000000706800000, 0x0000000706a00000|  0%| F|  |TAMS 0x0000000706800000| PB 0x0000000706800000| Untracked 
|   7|0x0000000706a00000, 0x0000000706a00000, 0x0000000706c00000|  0%| F|  |TAMS 0x0000000706a00000| PB 0x0000000706a00000| Untracked 
|   8|0x0000000706c00000, 0x0000000706c00000, 0x0000000706e00000|  0%| F|  |TAMS 0x0000000706c00000| PB 0x0000000706c00000| Untracked 
|   9|0x0000000706e00000, 0x0000000706e00000, 0x0000000707000000|  0%| F|  |TAMS 0x0000000706e00000| PB 0x0000000706e00000| Untracked 
|  10|0x0000000707000000, 0x0000000707000000, 0x0000000707200000|  0%| F|  |TAMS 0x0000000707000000| PB 0x0000000707000000| Untracked 
|  11|0x0000000707200000, 0x0000000707200000, 0x0000000707400000|  0%| F|  |TAMS 0x0000000707200000| PB 0x0000000707200000| Untracked 
|  12|0x0000000707400000, 0x0000000707400000, 0x0000000707600000|  0%| F|  |TAMS 0x0000000707400000| PB 0x0000000707400000| Untracked 
|  13|0x0000000707600000, 0x0000000707600000, 0x0000000707800000|  0%| F|  |TAMS 0x0000000707600000| PB 0x0000000707600000| Untracked 
|  14|0x0000000707800000, 0x0000000707800000, 0x0000000707a00000|  0%| F|  |TAMS 0x0000000707800000| PB 0x0000000707800000| Untracked 
|  15|0x0000000707a00000, 0x0000000707a00000, 0x0000000707c00000|  0%| F|  |TAMS 0x0000000707a00000| PB 0x0000000707a00000| Untracked 
|  16|0x0000000707c00000, 0x0000000707c00000, 0x0000000707e00000|  0%| F|  |TAMS 0x0000000707c00000| PB 0x0000000707c00000| Untracked 
|  17|0x0000000707e00000, 0x0000000707e00000, 0x0000000708000000|  0%| F|  |TAMS 0x0000000707e00000| PB 0x0000000707e00000| Untracked 
|  18|0x0000000708000000, 0x0000000708000000, 0x0000000708200000|  0%| F|  |TAMS 0x0000000708000000| PB 0x0000000708000000| Untracked 
|  19|0x0000000708200000, 0x0000000708200000, 0x0000000708400000|  0%| F|  |TAMS 0x0000000708200000| PB 0x0000000708200000| Untracked 
|  20|0x0000000708400000, 0x0000000708400000, 0x0000000708600000|  0%| F|  |TAMS 0x0000000708400000| PB 0x0000000708400000| Untracked 
|  21|0x0000000708600000, 0x0000000708600000, 0x0000000708800000|  0%| F|  |TAMS 0x0000000708600000| PB 0x0000000708600000| Untracked 
|  22|0x0000000708800000, 0x0000000708800000, 0x0000000708a00000|  0%| F|  |TAMS 0x0000000708800000| PB 0x0000000708800000| Untracked 
|  23|0x0000000708a00000, 0x0000000708a00000, 0x0000000708c00000|  0%| F|  |TAMS 0x0000000708a00000| PB 0x0000000708a00000| Untracked 
|  24|0x0000000708c00000, 0x0000000708c00000, 0x0000000708e00000|  0%| F|  |TAMS 0x0000000708c00000| PB 0x0000000708c00000| Untracked 
|  25|0x0000000708e00000, 0x0000000708e00000, 0x0000000709000000|  0%| F|  |TAMS 0x0000000708e00000| PB 0x0000000708e00000| Untracked 
|  26|0x0000000709000000, 0x0000000709000000, 0x0000000709200000|  0%| F|  |TAMS 0x0000000709000000| PB 0x0000000709000000| Untracked 
|  27|0x0000000709200000, 0x0000000709200000, 0x0000000709400000|  0%| F|  |TAMS 0x0000000709200000| PB 0x0000000709200000| Untracked 
|  28|0x0000000709400000, 0x0000000709400000, 0x0000000709600000|  0%| F|  |TAMS 0x0000000709400000| PB 0x0000000709400000| Untracked 
|  29|0x0000000709600000, 0x0000000709600000, 0x0000000709800000|  0%| F|  |TAMS 0x0000000709600000| PB 0x0000000709600000| Untracked 
|  30|0x0000000709800000, 0x0000000709800000, 0x0000000709a00000|  0%| F|  |TAMS 0x0000000709800000| PB 0x0000000709800000| Untracked 
|  31|0x0000000709a00000, 0x0000000709a00000, 0x0000000709c00000|  0%| F|  |TAMS 0x0000000709a00000| PB 0x0000000709a00000| Untracked 
|  32|0x0000000709c00000, 0x0000000709c00000, 0x0000000709e00000|  0%| F|  |TAMS 0x0000000709c00000| PB 0x0000000709c00000| Untracked 
|  33|0x0000000709e00000, 0x0000000709e00000, 0x000000070a000000|  0%| F|  |TAMS 0x0000000709e00000| PB 0x0000000709e00000| Untracked 
|  34|0x000000070a000000, 0x000000070a000000, 0x000000070a200000|  0%| F|  |TAMS 0x000000070a000000| PB 0x000000070a000000| Untracked 
|  35|0x000000070a200000, 0x000000070a200000, 0x000000070a400000|  0%| F|  |TAMS 0x000000070a200000| PB 0x000000070a200000| Untracked 
|  36|0x000000070a400000, 0x000000070a400000, 0x000000070a600000|  0%| F|  |TAMS 0x000000070a400000| PB 0x000000070a400000| Untracked 
|  37|0x000000070a600000, 0x000000070a600000, 0x000000070a800000|  0%| F|  |TAMS 0x000000070a600000| PB 0x000000070a600000| Untracked 
|  38|0x000000070a800000, 0x000000070a800000, 0x000000070aa00000|  0%| F|  |TAMS 0x000000070a800000| PB 0x000000070a800000| Untracked 
|  39|0x000000070aa00000, 0x000000070aa00000, 0x000000070ac00000|  0%| F|  |TAMS 0x000000070aa00000| PB 0x000000070aa00000| Untracked 
|  40|0x000000070ac00000, 0x000000070ac00000, 0x000000070ae00000|  0%| F|  |TAMS 0x000000070ac00000| PB 0x000000070ac00000| Untracked 
|  41|0x000000070ae00000, 0x000000070ae00000, 0x000000070b000000|  0%| F|  |TAMS 0x000000070ae00000| PB 0x000000070ae00000| Untracked 
|  42|0x000000070b000000, 0x000000070b000000, 0x000000070b200000|  0%| F|  |TAMS 0x000000070b000000| PB 0x000000070b000000| Untracked 
|  43|0x000000070b200000, 0x000000070b200000, 0x000000070b400000|  0%| F|  |TAMS 0x000000070b200000| PB 0x000000070b200000| Untracked 
|  44|0x000000070b400000, 0x000000070b400000, 0x000000070b600000|  0%| F|  |TAMS 0x000000070b400000| PB 0x000000070b400000| Untracked 
|  45|0x000000070b600000, 0x000000070b600000, 0x000000070b800000|  0%| F|  |TAMS 0x000000070b600000| PB 0x000000070b600000| Untracked 
|  46|0x000000070b800000, 0x000000070b800000, 0x000000070ba00000|  0%| F|  |TAMS 0x000000070b800000| PB 0x000000070b800000| Untracked 
|  47|0x000000070ba00000, 0x000000070ba00000, 0x000000070bc00000|  0%| F|  |TAMS 0x000000070ba00000| PB 0x000000070ba00000| Untracked 
|  48|0x000000070bc00000, 0x000000070bc00000, 0x000000070be00000|  0%| F|  |TAMS 0x000000070bc00000| PB 0x000000070bc00000| Untracked 
|  49|0x000000070be00000, 0x000000070be00000, 0x000000070c000000|  0%| F|  |TAMS 0x000000070be00000| PB 0x000000070be00000| Untracked 
|  50|0x000000070c000000, 0x000000070c000000, 0x000000070c200000|  0%| F|  |TAMS 0x000000070c000000| PB 0x000000070c000000| Untracked 
|  51|0x000000070c200000, 0x000000070c200000, 0x000000070c400000|  0%| F|  |TAMS 0x000000070c200000| PB 0x000000070c200000| Untracked 
|  52|0x000000070c400000, 0x000000070c400000, 0x000000070c600000|  0%| F|  |TAMS 0x000000070c400000| PB 0x000000070c400000| Untracked 
|  53|0x000000070c600000, 0x000000070c600000, 0x000000070c800000|  0%| F|  |TAMS 0x000000070c600000| PB 0x000000070c600000| Untracked 
|  54|0x000000070c800000, 0x000000070c800000, 0x000000070ca00000|  0%| F|  |TAMS 0x000000070c800000| PB 0x000000070c800000| Untracked 
|  55|0x000000070ca00000, 0x000000070ca00000, 0x000000070cc00000|  0%| F|  |TAMS 0x000000070ca00000| PB 0x000000070ca00000| Untracked 
|  56|0x000000070cc00000, 0x000000070cc00000, 0x000000070ce00000|  0%| F|  |TAMS 0x000000070cc00000| PB 0x000000070cc00000| Untracked 
|  57|0x000000070ce00000, 0x000000070ce00000, 0x000000070d000000|  0%| F|  |TAMS 0x000000070ce00000| PB 0x000000070ce00000| Untracked 
|  58|0x000000070d000000, 0x000000070d000000, 0x000000070d200000|  0%| F|  |TAMS 0x000000070d000000| PB 0x000000070d000000| Untracked 
|  59|0x000000070d200000, 0x000000070d200000, 0x000000070d400000|  0%| F|  |TAMS 0x000000070d200000| PB 0x000000070d200000| Untracked 
|  60|0x000000070d400000, 0x000000070d400000, 0x000000070d600000|  0%| F|  |TAMS 0x000000070d400000| PB 0x000000070d400000| Untracked 
|  61|0x000000070d600000, 0x000000070d600000, 0x000000070d800000|  0%| F|  |TAMS 0x000000070d600000| PB 0x000000070d600000| Untracked 
|  62|0x000000070d800000, 0x000000070d800000, 0x000000070da00000|  0%| F|  |TAMS 0x000000070d800000| PB 0x000000070d800000| Untracked 
|  63|0x000000070da00000, 0x000000070da00000, 0x000000070dc00000|  0%| F|  |TAMS 0x000000070da00000| PB 0x000000070da00000| Untracked 
|  64|0x000000070dc00000, 0x000000070dc00000, 0x000000070de00000|  0%| F|  |TAMS 0x000000070dc00000| PB 0x000000070dc00000| Untracked 
|  65|0x000000070de00000, 0x000000070de00000, 0x000000070e000000|  0%| F|  |TAMS 0x000000070de00000| PB 0x000000070de00000| Untracked 
|  66|0x000000070e000000, 0x000000070e000000, 0x000000070e200000|  0%| F|  |TAMS 0x000000070e000000| PB 0x000000070e000000| Untracked 
|  67|0x000000070e200000, 0x000000070e200000, 0x000000070e400000|  0%| F|  |TAMS 0x000000070e200000| PB 0x000000070e200000| Untracked 
|  68|0x000000070e400000, 0x000000070e400000, 0x000000070e600000|  0%| F|  |TAMS 0x000000070e400000| PB 0x000000070e400000| Untracked 
|  69|0x000000070e600000, 0x000000070e600000, 0x000000070e800000|  0%| F|  |TAMS 0x000000070e600000| PB 0x000000070e600000| Untracked 
|  70|0x000000070e800000, 0x000000070e800000, 0x000000070ea00000|  0%| F|  |TAMS 0x000000070e800000| PB 0x000000070e800000| Untracked 
|  71|0x000000070ea00000, 0x000000070ea00000, 0x000000070ec00000|  0%| F|  |TAMS 0x000000070ea00000| PB 0x000000070ea00000| Untracked 
|  72|0x000000070ec00000, 0x000000070ec00000, 0x000000070ee00000|  0%| F|  |TAMS 0x000000070ec00000| PB 0x000000070ec00000| Untracked 
|  73|0x000000070ee00000, 0x000000070ee00000, 0x000000070f000000|  0%| F|  |TAMS 0x000000070ee00000| PB 0x000000070ee00000| Untracked 
|  74|0x000000070f000000, 0x000000070f000000, 0x000000070f200000|  0%| F|  |TAMS 0x000000070f000000| PB 0x000000070f000000| Untracked 
|  75|0x000000070f200000, 0x000000070f200000, 0x000000070f400000|  0%| F|  |TAMS 0x000000070f200000| PB 0x000000070f200000| Untracked 
|  76|0x000000070f400000, 0x000000070f400000, 0x000000070f600000|  0%| F|  |TAMS 0x000000070f400000| PB 0x000000070f400000| Untracked 
|  77|0x000000070f600000, 0x000000070f600000, 0x000000070f800000|  0%| F|  |TAMS 0x000000070f600000| PB 0x000000070f600000| Untracked 
|  78|0x000000070f800000, 0x000000070f800000, 0x000000070fa00000|  0%| F|  |TAMS 0x000000070f800000| PB 0x000000070f800000| Untracked 
|  79|0x000000070fa00000, 0x000000070fa00000, 0x000000070fc00000|  0%| F|  |TAMS 0x000000070fa00000| PB 0x000000070fa00000| Untracked 
|  80|0x000000070fc00000, 0x000000070fc00000, 0x000000070fe00000|  0%| F|  |TAMS 0x000000070fc00000| PB 0x000000070fc00000| Untracked 
|  81|0x000000070fe00000, 0x000000070fe00000, 0x0000000710000000|  0%| F|  |TAMS 0x000000070fe00000| PB 0x000000070fe00000| Untracked 
|  82|0x0000000710000000, 0x0000000710000000, 0x0000000710200000|  0%| F|  |TAMS 0x0000000710000000| PB 0x0000000710000000| Untracked 
|  83|0x0000000710200000, 0x0000000710200000, 0x0000000710400000|  0%| F|  |TAMS 0x0000000710200000| PB 0x0000000710200000| Untracked 
|  84|0x0000000710400000, 0x0000000710400000, 0x0000000710600000|  0%| F|  |TAMS 0x0000000710400000| PB 0x0000000710400000| Untracked 
|  85|0x0000000710600000, 0x0000000710600000, 0x0000000710800000|  0%| F|  |TAMS 0x0000000710600000| PB 0x0000000710600000| Untracked 
|  86|0x0000000710800000, 0x0000000710800000, 0x0000000710a00000|  0%| F|  |TAMS 0x0000000710800000| PB 0x0000000710800000| Untracked 
|  87|0x0000000710a00000, 0x0000000710a00000, 0x0000000710c00000|  0%| F|  |TAMS 0x0000000710a00000| PB 0x0000000710a00000| Untracked 
|  88|0x0000000710c00000, 0x0000000710c00000, 0x0000000710e00000|  0%| F|  |TAMS 0x0000000710c00000| PB 0x0000000710c00000| Untracked 
|  89|0x0000000710e00000, 0x0000000710e00000, 0x0000000711000000|  0%| F|  |TAMS 0x0000000710e00000| PB 0x0000000710e00000| Untracked 
|  90|0x0000000711000000, 0x0000000711000000, 0x0000000711200000|  0%| F|  |TAMS 0x0000000711000000| PB 0x0000000711000000| Untracked 
|  91|0x0000000711200000, 0x0000000711200000, 0x0000000711400000|  0%| F|  |TAMS 0x0000000711200000| PB 0x0000000711200000| Untracked 
|  92|0x0000000711400000, 0x0000000711400000, 0x0000000711600000|  0%| F|  |TAMS 0x0000000711400000| PB 0x0000000711400000| Untracked 
|  93|0x0000000711600000, 0x0000000711600000, 0x0000000711800000|  0%| F|  |TAMS 0x0000000711600000| PB 0x0000000711600000| Untracked 
|  94|0x0000000711800000, 0x0000000711800000, 0x0000000711a00000|  0%| F|  |TAMS 0x0000000711800000| PB 0x0000000711800000| Untracked 
|  95|0x0000000711a00000, 0x0000000711a00000, 0x0000000711c00000|  0%| F|  |TAMS 0x0000000711a00000| PB 0x0000000711a00000| Untracked 
|  96|0x0000000711c00000, 0x0000000711c00000, 0x0000000711e00000|  0%| F|  |TAMS 0x0000000711c00000| PB 0x0000000711c00000| Untracked 
|  97|0x0000000711e00000, 0x0000000711e00000, 0x0000000712000000|  0%| F|  |TAMS 0x0000000711e00000| PB 0x0000000711e00000| Untracked 
|  98|0x0000000712000000, 0x0000000712000000, 0x0000000712200000|  0%| F|  |TAMS 0x0000000712000000| PB 0x0000000712000000| Untracked 
|  99|0x0000000712200000, 0x0000000712200000, 0x0000000712400000|  0%| F|  |TAMS 0x0000000712200000| PB 0x0000000712200000| Untracked 
| 100|0x0000000712400000, 0x0000000712400000, 0x0000000712600000|  0%| F|  |TAMS 0x0000000712400000| PB 0x0000000712400000| Untracked 
| 101|0x0000000712600000, 0x0000000712600000, 0x0000000712800000|  0%| F|  |TAMS 0x0000000712600000| PB 0x0000000712600000| Untracked 
| 102|0x0000000712800000, 0x0000000712800000, 0x0000000712a00000|  0%| F|  |TAMS 0x0000000712800000| PB 0x0000000712800000| Untracked 
| 103|0x0000000712a00000, 0x0000000712a00000, 0x0000000712c00000|  0%| F|  |TAMS 0x0000000712a00000| PB 0x0000000712a00000| Untracked 
| 104|0x0000000712c00000, 0x0000000712c00000, 0x0000000712e00000|  0%| F|  |TAMS 0x0000000712c00000| PB 0x0000000712c00000| Untracked 
| 105|0x0000000712e00000, 0x0000000712e00000, 0x0000000713000000|  0%| F|  |TAMS 0x0000000712e00000| PB 0x0000000712e00000| Untracked 
| 106|0x0000000713000000, 0x0000000713000000, 0x0000000713200000|  0%| F|  |TAMS 0x0000000713000000| PB 0x0000000713000000| Untracked 
| 107|0x0000000713200000, 0x0000000713200000, 0x0000000713400000|  0%| F|  |TAMS 0x0000000713200000| PB 0x0000000713200000| Untracked 
| 108|0x0000000713400000, 0x0000000713400000, 0x0000000713600000|  0%| F|  |TAMS 0x0000000713400000| PB 0x0000000713400000| Untracked 
| 109|0x0000000713600000, 0x0000000713600000, 0x0000000713800000|  0%| F|  |TAMS 0x0000000713600000| PB 0x0000000713600000| Untracked 
| 110|0x0000000713800000, 0x0000000713800000, 0x0000000713a00000|  0%| F|  |TAMS 0x0000000713800000| PB 0x0000000713800000| Untracked 
| 111|0x0000000713a00000, 0x0000000713a00000, 0x0000000713c00000|  0%| F|  |TAMS 0x0000000713a00000| PB 0x0000000713a00000| Untracked 
| 112|0x0000000713c00000, 0x0000000713c00000, 0x0000000713e00000|  0%| F|  |TAMS 0x0000000713c00000| PB 0x0000000713c00000| Untracked 
| 113|0x0000000713e00000, 0x0000000713e00000, 0x0000000714000000|  0%| F|  |TAMS 0x0000000713e00000| PB 0x0000000713e00000| Untracked 
| 114|0x0000000714000000, 0x0000000714000000, 0x0000000714200000|  0%| F|  |TAMS 0x0000000714000000| PB 0x0000000714000000| Untracked 
| 115|0x0000000714200000, 0x0000000714200000, 0x0000000714400000|  0%| F|  |TAMS 0x0000000714200000| PB 0x0000000714200000| Untracked 
| 116|0x0000000714400000, 0x0000000714400000, 0x0000000714600000|  0%| F|  |TAMS 0x0000000714400000| PB 0x0000000714400000| Untracked 
| 117|0x0000000714600000, 0x0000000714600000, 0x0000000714800000|  0%| F|  |TAMS 0x0000000714600000| PB 0x0000000714600000| Untracked 
| 118|0x0000000714800000, 0x00000007148e14a8, 0x0000000714a00000| 44%| E|  |TAMS 0x0000000714800000| PB 0x0000000714800000| Complete 
| 119|0x0000000714a00000, 0x0000000714c00000, 0x0000000714c00000|100%| E|CS|TAMS 0x0000000714a00000| PB 0x0000000714a00000| Complete 
| 120|0x0000000714c00000, 0x0000000714e00000, 0x0000000714e00000|100%| E|CS|TAMS 0x0000000714c00000| PB 0x0000000714c00000| Complete 
| 121|0x0000000714e00000, 0x0000000715000000, 0x0000000715000000|100%| E|CS|TAMS 0x0000000714e00000| PB 0x0000000714e00000| Complete 
| 122|0x0000000715000000, 0x0000000715200000, 0x0000000715200000|100%| E|CS|TAMS 0x0000000715000000| PB 0x0000000715000000| Complete 
| 123|0x0000000715200000, 0x0000000715400000, 0x0000000715400000|100%| E|CS|TAMS 0x0000000715200000| PB 0x0000000715200000| Complete 
| 124|0x0000000715400000, 0x0000000715600000, 0x0000000715600000|100%| E|CS|TAMS 0x0000000715400000| PB 0x0000000715400000| Complete 
| 125|0x0000000715600000, 0x0000000715800000, 0x0000000715800000|100%| E|CS|TAMS 0x0000000715600000| PB 0x0000000715600000| Complete 

Card table byte_map: [0x000001cc1d000000,0x000001cc1d7e0000] _byte_map_base: 0x000001cc197d2000

Marking Bits: (CMBitMap*) 0x000001cc02f73540
 Bits: [0x000001cc1d7e0000, 0x000001cc21670000)

Polling page: 0x000001cc02fd0000

Metaspace:

Usage:
  Non-class:      2.35 MB used.
      Class:    281.54 KB used.
       Both:      2.62 MB used.

Virtual space:
  Non-class space:       64.00 MB reserved,       2.44 MB (  4%) committed,  1 nodes.
      Class space:        1.00 GB reserved,     384.00 KB ( <1%) committed,  1 nodes.
             Both:        1.06 GB reserved,       2.81 MB ( <1%) committed. 

Chunk freelists:
   Non-Class:  10.88 MB
       Class:  15.54 MB
        Both:  26.42 MB

MaxMetaspaceSize: unlimited
CompressedClassSpaceSize: 1.00 GB
Initial GC threshold: 21.00 MB
Current GC threshold: 21.00 MB
CDS: on
 - commit_granule_bytes: 65536.
 - commit_granule_words: 8192.
 - virtual_space_node_default_size: 8388608.
 - enlarge_chunks_in_place: 1.
 - use_allocation_guard: 0.


Internal statistics:

num_allocs_failed_limit: 0.
num_arena_births: 104.
num_arena_deaths: 0.
num_vsnodes_births: 2.
num_vsnodes_deaths: 0.
num_space_committed: 45.
num_space_uncommitted: 0.
num_chunks_returned_to_freelist: 0.
num_chunks_taken_from_freelist: 185.
num_chunk_merges: 0.
num_chunk_splits: 115.
num_chunks_enlarged: 68.
num_inconsistent_stats: 0.

CodeHeap 'non-profiled nmethods': size=120000Kb used=312Kb max_used=312Kb free=119687Kb
 bounds [0x000001cc14670000, 0x000001cc148e0000, 0x000001cc1bba0000]
CodeHeap 'profiled nmethods': size=120000Kb used=1126Kb max_used=1126Kb free=118873Kb
 bounds [0x000001cc0cba0000, 0x000001cc0ce10000, 0x000001cc140d0000]
CodeHeap 'non-nmethods': size=5760Kb used=1358Kb max_used=1377Kb free=4401Kb
 bounds [0x000001cc140d0000, 0x000001cc14340000, 0x000001cc14670000]
 total_blobs=1252 nmethods=790 adapters=367
 compilation: enabled
              stopped_count=0, restarted_count=0
 full_count=0

Compilation events (20 events):
Event: 0.466 Thread 0x000001cc23c30540  780       3       java.lang.invoke.MemberName::getInvocationType (56 bytes)
Event: 0.466 Thread 0x000001cc23c30540 nmethod 780 0x000001cc0ccb0e90 code [0x000001cc0ccb10c0, 0x000001cc0ccb1958]
Event: 0.466 Thread 0x000001cc23c30540  784       3       jdk.internal.org.objectweb.asm.SymbolTable::addConstantNameAndType (137 bytes)
Event: 0.467 Thread 0x000001cc23c30540 nmethod 784 0x000001cc0ccb1b90 code [0x000001cc0ccb1e00, 0x000001cc0ccb2540]
Event: 0.467 Thread 0x000001cc23c30540  777       3       java.lang.invoke.InvokerBytecodeGenerator::loadInsnOpcode (98 bytes)
Event: 0.467 Thread 0x000001cc23c30540 nmethod 777 0x000001cc0ccb2990 code [0x000001cc0ccb2c00, 0x000001cc0ccb3580]
Event: 0.467 Thread 0x000001cc23c30540  782       3       java.lang.invoke.LambdaForm$BasicType::basicTypeSlots (8 bytes)
Event: 0.467 Thread 0x000001cc23c30540 nmethod 782 0x000001cc0ccb3890 code [0x000001cc0ccb3a40, 0x000001cc0ccb3bb8]
Event: 0.467 Thread 0x000001cc23c30540  783       3       sun.invoke.util.Wrapper::stackSlots (9 bytes)
Event: 0.467 Thread 0x000001cc23c30540 nmethod 783 0x000001cc0ccb3c90 code [0x000001cc0ccb3e20, 0x000001cc0ccb3f30]
Event: 0.467 Thread 0x000001cc23c30540  778       3       java.lang.invoke.InvokerBytecodeGenerator::emitPushArgument (150 bytes)
Event: 0.468 Thread 0x000001cc23c30540 nmethod 778 0x000001cc0ccb3f90 code [0x000001cc0ccb4280, 0x000001cc0ccb5040]
Event: 0.468 Thread 0x000001cc23c30540  786       3       jdk.internal.org.objectweb.asm.Handler::getExceptionTableSize (10 bytes)
Event: 0.468 Thread 0x000001cc23c30540 nmethod 786 0x000001cc0ccb5390 code [0x000001cc0ccb5540, 0x000001cc0ccb5740]
Event: 0.468 Thread 0x000001cc23c30540  788       3       java.util.WeakHashMap::remove (131 bytes)
Event: 0.469 Thread 0x000001cc23c30540 nmethod 788 0x000001cc0ccb5890 code [0x000001cc0ccb5ae0, 0x000001cc0ccb6640]
Event: 0.470 Thread 0x000001cc23c30540  789       3       java.lang.String::concat (15 bytes)
Event: 0.471 Thread 0x000001cc23c30540 nmethod 789 0x000001cc0ccb6a90 code [0x000001cc0ccb6de0, 0x000001cc0ccb8108]
Event: 0.480 Thread 0x000001cc24641c10 nmethod 765 0x000001cc146bbf10 code [0x000001cc146bc200, 0x000001cc146bd580]
Event: 0.488 Thread 0x000001cc23c30540  790       3       java.util.concurrent.ConcurrentHashMap$Traverser::advance (188 bytes)

GC Heap History (0 events):
No events

Dll operation events (20 events):
Event: 0.259 Loaded shared library C:\Users\Julia\Downloads\jdk-21_windows-x64_bin\jdk-21.0.9\bin\api-ms-win-crt-convert-l1-1-0.dll
Event: 0.261 Loaded shared library C:\Users\Julia\Downloads\jdk-21_windows-x64_bin\jdk-21.0.9\bin\api-ms-win-crt-environment-l1-1-0.dll
Event: 0.263 Loaded shared library C:\Users\Julia\Downloads\jdk-21_windows-x64_bin\jdk-21.0.9\bin\api-ms-win-crt-filesystem-l1-1-0.dll
Event: 0.264 Loaded shared library C:\Users\Julia\Downloads\jdk-21_windows-x64_bin\jdk-21.0.9\bin\api-ms-win-crt-heap-l1-1-0.dll
Event: 0.265 Loaded shared library C:\Users\Julia\Downloads\jdk-21_windows-x64_bin\jdk-21.0.9\bin\api-ms-win-crt-locale-l1-1-0.dll
Event: 0.266 Loaded shared library C:\Users\Julia\Downloads\jdk-21_windows-x64_bin\jdk-21.0.9\bin\api-ms-win-crt-math-l1-1-0.dll
Event: 0.267 Loaded shared library C:\Users\Julia\Downloads\jdk-21_windows-x64_bin\jdk-21.0.9\bin\api-ms-win-crt-multibyte-l1-1-0.dll
Event: 0.268 Loaded shared library C:\Users\Julia\Downloads\jdk-21_windows-x64_bin\jdk-21.0.9\bin\api-ms-win-crt-private-l1-1-0.dll
Event: 0.269 Loaded shared library C:\Users\Julia\Downloads\jdk-21_windows-x64_bin\jdk-21.0.9\bin\api-ms-win-crt-process-l1-1-0.dll
Event: 0.271 Loaded shared library C:\Users\Julia\Downloads\jdk-21_windows-x64_bin\jdk-21.0.9\bin\api-ms-win-crt-runtime-l1-1-0.dll
Event: 0.273 Loaded shared library C:\Users\Julia\Downloads\jdk-21_windows-x64_bin\jdk-21.0.9\bin\api-ms-win-crt-stdio-l1-1-0.dll
Event: 0.274 Loaded shared library C:\Users\Julia\Downloads\jdk-21_windows-x64_bin\jdk-21.0.9\bin\api-ms-win-crt-string-l1-1-0.dll
Event: 0.276 Loaded shared library C:\Users\Julia\Downloads\jdk-21_windows-x64_bin\jdk-21.0.9\bin\api-ms-win-crt-time-l1-1-0.dll
Event: 0.279 Loaded shared library C:\Users\Julia\Downloads\jdk-21_windows-x64_bin\jdk-21.0.9\bin\api-ms-win-crt-utility-l1-1-0.dll
Event: 0.281 Loaded shared library C:\Users\Julia\Downloads\jdk-21_windows-x64_bin\jdk-21.0.9\bin\ucrtbase.dll
Event: 0.282 Loaded shared library C:\Users\Julia\Downloads\jdk-21_windows-x64_bin\jdk-21.0.9\bin\vcruntime140.dll
Event: 0.283 Loaded shared library C:\Users\Julia\Downloads\jdk-21_windows-x64_bin\jdk-21.0.9\bin\msvcp140.dll
Event: 0.334 Loaded shared library C:\Users\Julia\.openjfx\cache\11.0.2\concrt140.dll
Event: 0.371 Loaded shared library C:\Users\Julia\Downloads\openjfx-25.0.1_windows-x64_bin-sdk\javafx-sdk-25.0.1\bin\prism_d3d.dll
Event: 0.456 Loaded shared library C:\Users\Julia\Downloads\openjfx-25.0.1_windows-x64_bin-sdk\javafx-sdk-25.0.1\bin\glass.dll

Deoptimization events (20 events):
Event: 0.145 Thread 0x000001cc02d41900 Uncommon trap: trap_request=0xffffff45 fr.pc=0x000001cc146864a8 relative=0x00000000000004e8
Event: 0.145 Thread 0x000001cc02d41900 Uncommon trap: reason=unstable_if action=reinterpret pc=0x000001cc146864a8 method=java.lang.StringLatin1.newString([BII)Ljava/lang/String; @ 1 c2
Event: 0.145 Thread 0x000001cc02d41900 DEOPT PACKING pc=0x000001cc146864a8 sp=0x0000008986bfe8d0
Event: 0.145 Thread 0x000001cc02d41900 DEOPT UNPACKING pc=0x000001cc141246a2 sp=0x0000008986bfe8b0 mode 2
Event: 0.150 Thread 0x000001cc02d41900 Uncommon trap: trap_request=0xffffff45 fr.pc=0x000001cc1467d2e4 relative=0x00000000000000c4
Event: 0.150 Thread 0x000001cc02d41900 Uncommon trap: reason=unstable_if action=reinterpret pc=0x000001cc1467d2e4 method=java.lang.String.isLatin1()Z @ 10 c2
Event: 0.150 Thread 0x000001cc02d41900 DEOPT PACKING pc=0x000001cc1467d2e4 sp=0x0000008986bfeda0
Event: 0.150 Thread 0x000001cc02d41900 DEOPT UNPACKING pc=0x000001cc141246a2 sp=0x0000008986bfece0 mode 2
Event: 0.172 Thread 0x000001cc02d41900 Uncommon trap: trap_request=0xffffff45 fr.pc=0x000001cc146930d4 relative=0x0000000000000cd4
Event: 0.172 Thread 0x000001cc02d41900 Uncommon trap: reason=unstable_if action=reinterpret pc=0x000001cc146930d4 method=java.util.HashMap.putVal(ILjava/lang/Object;Ljava/lang/Object;ZZ)Ljava/lang/Object; @ 81 c2
Event: 0.172 Thread 0x000001cc02d41900 DEOPT PACKING pc=0x000001cc146930d4 sp=0x0000008986bfeb90
Event: 0.172 Thread 0x000001cc02d41900 DEOPT UNPACKING pc=0x000001cc141246a2 sp=0x0000008986bfeb30 mode 2
Event: 0.284 Thread 0x000001cc02d41900 Uncommon trap: trap_request=0xffffff45 fr.pc=0x000001cc1469cfcc relative=0x0000000000001f8c
Event: 0.284 Thread 0x000001cc02d41900 Uncommon trap: reason=unstable_if action=reinterpret pc=0x000001cc1469cfcc method=java.lang.String.isEmpty()Z @ 5 c2
Event: 0.284 Thread 0x000001cc02d41900 DEOPT PACKING pc=0x000001cc1469cfcc sp=0x0000008986bfe7b0
Event: 0.284 Thread 0x000001cc02d41900 DEOPT UNPACKING pc=0x000001cc141246a2 sp=0x0000008986bfe6b8 mode 2
Event: 0.331 Thread 0x000001cc02d41900 Uncommon trap: trap_request=0xffffff45 fr.pc=0x000001cc146871e8 relative=0x00000000000007e8
Event: 0.331 Thread 0x000001cc02d41900 Uncommon trap: reason=unstable_if action=reinterpret pc=0x000001cc146871e8 method=java.lang.String.isEmpty()Z @ 5 c2
Event: 0.331 Thread 0x000001cc02d41900 DEOPT PACKING pc=0x000001cc146871e8 sp=0x0000008986bfe6b0
Event: 0.331 Thread 0x000001cc02d41900 DEOPT UNPACKING pc=0x000001cc141246a2 sp=0x0000008986bfe5f8 mode 2

Classes loaded (20 events):
Event: 0.453 Loading class java/lang/ProcessEnvironment$EntryComparator
Event: 0.453 Loading class java/lang/ProcessEnvironment$EntryComparator done
Event: 0.453 Loading class java/lang/ProcessEnvironment$CheckedEntrySet
Event: 0.453 Loading class java/lang/ProcessEnvironment$CheckedEntrySet done
Event: 0.453 Loading class java/lang/ProcessEnvironment$CheckedEntrySet$1
Event: 0.453 Loading class java/lang/ProcessEnvironment$CheckedEntrySet$1 done
Event: 0.453 Loading class java/lang/ProcessEnvironment$CheckedEntry
Event: 0.454 Loading class java/lang/ProcessEnvironment$CheckedEntry done
Event: 0.457 Loading class java/lang/Throwable$WrappedPrintStream
Event: 0.457 Loading class java/lang/Throwable$PrintStreamOrWriter
Event: 0.457 Loading class java/lang/Throwable$PrintStreamOrWriter done
Event: 0.457 Loading class java/lang/Throwable$WrappedPrintStream done
Event: 0.458 Loading class java/lang/StackTraceElement$HashedModules
Event: 0.458 Loading class java/lang/StackTraceElement$HashedModules done
Event: 0.462 Loading class java/util/concurrent/BlockingDeque
Event: 0.462 Loading class java/util/concurrent/BlockingDeque done
Event: 0.462 Loading class java/util/concurrent/LinkedBlockingDeque
Event: 0.463 Loading class java/util/concurrent/LinkedBlockingDeque done
Event: 0.469 Loading class java/lang/NumberFormatException
Event: 0.469 Loading class java/lang/NumberFormatException done

Classes unloaded (0 events):
No events

Classes redefined (0 events):
No events

Internal exceptions (10 events):
Event: 0.170 Thread 0x000001cc02d41900 Exception <a 'java/lang/NoSuchMethodError'{0x00000007151c4620}: 'void java.lang.invoke.DirectMethodHandle$Holder.invokeStatic(java.lang.Object, java.lang.Object, java.lang.Object, java.lang.Object)'> (0x00000007151c4620) 
thrown [s\open\src\hotspot\share\interpreter\linkResolver.cpp, line 773]
Event: 0.171 Thread 0x000001cc02d41900 Exception <a 'java/lang/NoSuchMethodError'{0x00000007151c8510}: 'void java.lang.invoke.DirectMethodHandle$Holder.invokeSpecial(java.lang.Object, java.lang.Object, java.lang.Object, java.lang.Object, java.lang.Object)'> (0x00000007151c8510) 
thrown [s\open\src\hotspot\share\interpreter\linkResolver.cpp, line 773]
Event: 0.175 Thread 0x000001cc02d41900 Exception <a 'java/lang/NoSuchMethodError'{0x00000007151dfa48}: 'java.lang.Object java.lang.invoke.Invokers$Holder.invokeExact_MT(java.lang.Object, java.lang.Object, java.lang.Object, java.lang.Object, java.lang.Object, java.lang.Object)'> (0x00000007151dfa48) 
thrown [s\open\src\hotspot\share\interpreter\linkResolver.cpp, line 773]
Event: 0.178 Thread 0x000001cc02d41900 Exception <a 'java/lang/NoSuchMethodError'{0x00000007151e45f0}: 'void java.lang.invoke.DirectMethodHandle$Holder.invokeStatic(java.lang.Object, java.lang.Object)'> (0x00000007151e45f0) 
thrown [s\open\src\hotspot\share\interpreter\linkResolver.cpp, line 773]
Event: 0.353 Thread 0x000001cc02d41900 Exception <a 'java/lang/NoSuchMethodError'{0x0000000714a254c8}: 'void java.lang.invoke.DirectMethodHandle$Holder.invokeSpecial(java.lang.Object, java.lang.Object, java.lang.Object)'> (0x0000000714a254c8) 
thrown [s\open\src\hotspot\share\interpreter\linkResolver.cpp, line 773]
Event: 0.364 Thread 0x000001cc02d41900 Exception <a 'java/lang/NoSuchMethodError'{0x0000000714a61238}: 'void java.lang.invoke.DirectMethodHandle$Holder.invokeStatic(java.lang.Object, java.lang.Object, java.lang.Object)'> (0x0000000714a61238) 
thrown [s\open\src\hotspot\share\interpreter\linkResolver.cpp, line 773]
Event: 0.444 Thread 0x000001cc02d41900 Exception <a 'java/lang/NoSuchMethodError'{0x0000000714af3870}: 'int java.lang.invoke.DirectMethodHandle$Holder.invokeStaticInit(java.lang.Object, java.lang.Object, java.lang.Object)'> (0x0000000714af3870) 
thrown [s\open\src\hotspot\share\interpreter\linkResolver.cpp, line 773]
Event: 0.457 Thread 0x000001cc02d41900 Exception <a 'java/lang/NoSuchMethodError'{0x0000000714bc4518}: notifyPreferencesChanged> (0x0000000714bc4518) 
thrown [s\open\src\hotspot\share\prims\jni.cpp, line 1077]
Event: 0.465 Thread 0x000001cc02d41900 Exception <a 'java/lang/NoSuchMethodError'{0x0000000714bdb470}: 'java.lang.Object java.lang.invoke.DirectMethodHandle$Holder.newInvokeSpecial(java.lang.Object, java.lang.Object, int, java.lang.Object)'> (0x0000000714bdb470) 
thrown [s\open\src\hotspot\share\interpreter\linkResolver.cpp, line 773]
Event: 0.466 Thread 0x000001cc02d41900 Exception <a 'java/lang/NoSuchMethodError'{0x0000000714bdf598}: 'java.lang.Object java.lang.invoke.DirectMethodHandle$Holder.invokeSpecial(java.lang.Object, java.lang.Object, java.lang.Object, int, java.lang.Object)'> (0x0000000714bdf598) 
thrown [s\open\src\hotspot\share\interpreter\linkResolver.cpp, line 773]

ZGC Phase Switch (0 events):
No events

VM Operations (8 events):
Event: 0.088 Executing VM operation: HandshakeAllThreads (Deoptimize)
Event: 0.088 Executing VM operation: HandshakeAllThreads (Deoptimize) done
Event: 0.135 Executing VM operation: HandshakeAllThreads (Deoptimize)
Event: 0.135 Executing VM operation: HandshakeAllThreads (Deoptimize) done
Event: 0.186 Executing VM operation: HandshakeAllThreads (Deoptimize)
Event: 0.186 Executing VM operation: HandshakeAllThreads (Deoptimize) done
Event: 0.453 Executing VM operation: HandshakeAllThreads (Deoptimize)
Event: 0.453 Executing VM operation: HandshakeAllThreads (Deoptimize) done

Events (17 events):
Event: 0.019 Thread 0x000001cc02d41900 Thread added: 0x000001cc02d41900
Event: 0.032 Thread 0x000001cc23c243a0 Thread added: 0x000001cc23c243a0
Event: 0.032 Thread 0x000001cc23c26f10 Thread added: 0x000001cc23c26f10
Event: 0.033 Thread 0x000001cc23c29f90 Thread added: 0x000001cc23c29f90
Event: 0.033 Thread 0x000001cc23c2d1e0 Thread added: 0x000001cc23c2d1e0
Event: 0.033 Thread 0x000001cc23c2e050 Thread added: 0x000001cc23c2e050
Event: 0.033 Thread 0x000001cc23c2eab0 Thread added: 0x000001cc23c2eab0
Event: 0.033 Thread 0x000001cc23c2f970 Thread added: 0x000001cc23c2f970
Event: 0.033 Thread 0x000001cc23c30540 Thread added: 0x000001cc23c30540
Event: 0.059 Thread 0x000001cc24604360 Thread added: 0x000001cc24604360
Event: 0.084 Thread 0x000001cc24641c10 Thread added: 0x000001cc24641c10
Event: 0.104 Thread 0x000001cc2477fd20 Thread added: 0x000001cc2477fd20
Event: 0.149 Thread 0x000001cc6a1da060 Thread added: 0x000001cc6a1da060
Event: 0.365 Thread 0x000001cc6a273630 Thread added: 0x000001cc6a273630
Event: 0.441 Thread 0x000001cc2477fd20 Thread exited: 0x000001cc2477fd20
Event: 0.463 Thread 0x000001cc6a4b9960 Thread added: 0x000001cc6a4b9960
Event: 0.467 Thread 0x000001cc6a5e11b0 Thread added: 0x000001cc6a5e11b0


Dynamic libraries:
0x00007ff6577b0000 - 0x00007ff6577c0000 	C:\Users\Julia\Downloads\jdk-21_windows-x64_bin\jdk-21.0.9\bin\java.exe
0x00007ffbdf520000 - 0x00007ffbdf788000 	C:\WINDOWS\SYSTEM32\ntdll.dll
0x00007ffbde920000 - 0x00007ffbde9e9000 	C:\WINDOWS\System32\KERNEL32.DLL
0x00007ffbdcab0000 - 0x00007ffbdcea8000 	C:\WINDOWS\System32\KERNELBASE.dll
0x00007ffbdd170000 - 0x00007ffbdd2bb000 	C:\WINDOWS\System32\ucrtbase.dll
0x00007ffbbe090000 - 0x00007ffbbe0a9000 	C:\Users\Julia\Downloads\jdk-21_windows-x64_bin\jdk-21.0.9\bin\jli.dll
0x00007ffbdf420000 - 0x00007ffbdf4d4000 	C:\WINDOWS\System32\ADVAPI32.dll
0x00007ffbdf320000 - 0x00007ffbdf3c9000 	C:\WINDOWS\System32\msvcrt.dll
0x00007ffbdd930000 - 0x00007ffbdd9d6000 	C:\WINDOWS\System32\sechost.dll
0x00007ffbdd810000 - 0x00007ffbdd928000 	C:\WINDOWS\System32\RPCRT4.dll
0x00007ffbde4e0000 - 0x00007ffbde6a7000 	C:\WINDOWS\System32\USER32.dll
0x00007ffbbe580000 - 0x00007ffbbe59b000 	C:\Users\Julia\Downloads\jdk-21_windows-x64_bin\jdk-21.0.9\bin\VCRUNTIME140.dll
0x00007ffbdc730000 - 0x00007ffbdc757000 	C:\WINDOWS\System32\win32u.dll
0x00007ffbdedf0000 - 0x00007ffbdee1b000 	C:\WINDOWS\System32\GDI32.dll
0x00007ffbdc810000 - 0x00007ffbdc93c000 	C:\WINDOWS\System32\gdi32full.dll
0x00007ffbdcf40000 - 0x00007ffbdcfe3000 	C:\WINDOWS\System32\msvcp_win.dll
0x00007ffbc6600000 - 0x00007ffbc6894000 	C:\WINDOWS\WinSxS\amd64_microsoft.windows.common-controls_6595b64144ccf1df_6.0.26100.7019_none_3e06ffa0e335b8a8\COMCTL32.dll
0x00007ffbc7420000 - 0x00007ffbc742b000 	C:\WINDOWS\SYSTEM32\VERSION.dll
0x00007ffbdd660000 - 0x00007ffbdd691000 	C:\WINDOWS\System32\IMM32.DLL
0x00007ffbbe560000 - 0x00007ffbbe56c000 	C:\Users\Julia\Downloads\jdk-21_windows-x64_bin\jdk-21.0.9\bin\vcruntime140_1.dll
0x00007ffb98600000 - 0x00007ffb9868e000 	C:\Users\Julia\Downloads\jdk-21_windows-x64_bin\jdk-21.0.9\bin\msvcp140.dll
0x00007ffb32890000 - 0x00007ffb335ad000 	C:\Users\Julia\Downloads\jdk-21_windows-x64_bin\jdk-21.0.9\bin\server\jvm.dll
0x00007ffbde9f0000 - 0x00007ffbdea64000 	C:\WINDOWS\System32\WS2_32.dll
0x00007ffbd0ef0000 - 0x00007ffbd0f25000 	C:\WINDOWS\SYSTEM32\WINMM.dll
0x00007ffbdc4f0000 - 0x00007ffbdc54e000 	C:\WINDOWS\SYSTEM32\POWRPROF.dll
0x00007ffbdc4b0000 - 0x00007ffbdc4c4000 	C:\WINDOWS\SYSTEM32\UMPDC.dll
0x00007ffbdb3d0000 - 0x00007ffbdb3eb000 	C:\WINDOWS\SYSTEM32\kernel.appcore.dll
0x00007ffbbe440000 - 0x00007ffbbe44a000 	C:\Users\Julia\Downloads\jdk-21_windows-x64_bin\jdk-21.0.9\bin\jimage.dll
0x00007ffbd9ec0000 - 0x00007ffbda102000 	C:\WINDOWS\SYSTEM32\DBGHELP.DLL
0x00007ffbdd2d0000 - 0x00007ffbdd65b000 	C:\WINDOWS\System32\combase.dll
0x00007ffbded10000 - 0x00007ffbdede7000 	C:\WINDOWS\System32\OLEAUT32.dll
0x00007ffbbb910000 - 0x00007ffbbb94c000 	C:\WINDOWS\SYSTEM32\dbgcore.DLL
0x00007ffbdc760000 - 0x00007ffbdc805000 	C:\WINDOWS\System32\bcryptPrimitives.dll
0x00007ffbbdf40000 - 0x00007ffbbdf5f000 	C:\Users\Julia\Downloads\jdk-21_windows-x64_bin\jdk-21.0.9\bin\java.dll
0x00007ffbdda70000 - 0x00007ffbde1bf000 	C:\WINDOWS\System32\SHELL32.dll
0x00007ffbdc940000 - 0x00007ffbdcaab000 	C:\WINDOWS\System32\wintypes.dll
0x00007ffbda110000 - 0x00007ffbda96d000 	C:\WINDOWS\SYSTEM32\windows.storage.dll
0x00007ffbdeb30000 - 0x00007ffbdec22000 	C:\WINDOWS\System32\SHCORE.dll
0x00007ffbdee20000 - 0x00007ffbdee87000 	C:\WINDOWS\System32\shlwapi.dll
0x00007ffbdc590000 - 0x00007ffbdc5b9000 	C:\WINDOWS\SYSTEM32\profapi.dll
0x00007ffb4c9f0000 - 0x00007ffb4cac7000 	C:\Users\Julia\Downloads\jdk-21_windows-x64_bin\jdk-21.0.9\bin\jsvml.dll
0x00007ffbbe3a0000 - 0x00007ffbbe3b0000 	C:\Users\Julia\Downloads\jdk-21_windows-x64_bin\jdk-21.0.9\bin\net.dll
0x00007ffbd43e0000 - 0x00007ffbd4508000 	C:\WINDOWS\SYSTEM32\WINHTTP.dll
0x00007ffbdb9a0000 - 0x00007ffbdba0b000 	C:\WINDOWS\system32\mswsock.dll
0x00007ffbb43b0000 - 0x00007ffbb43c6000 	C:\Users\Julia\Downloads\jdk-21_windows-x64_bin\jdk-21.0.9\bin\nio.dll
0x00007ffbb0aa0000 - 0x00007ffbb0ab8000 	C:\Users\Julia\Downloads\jdk-21_windows-x64_bin\jdk-21.0.9\bin\zip.dll
0x000001cc248f0000 - 0x000001cc248f4000 	C:\Users\Julia\Downloads\jdk-21_windows-x64_bin\jdk-21.0.9\bin\api-ms-win-core-console-l1-1-0.dll
0x000001cc24900000 - 0x000001cc24904000 	C:\Users\Julia\Downloads\jdk-21_windows-x64_bin\jdk-21.0.9\bin\api-ms-win-core-datetime-l1-1-0.dll
0x000001cc24910000 - 0x000001cc24914000 	C:\Users\Julia\Downloads\jdk-21_windows-x64_bin\jdk-21.0.9\bin\api-ms-win-core-debug-l1-1-0.dll
0x000001cc24920000 - 0x000001cc24924000 	C:\Users\Julia\Downloads\jdk-21_windows-x64_bin\jdk-21.0.9\bin\api-ms-win-core-errorhandling-l1-1-0.dll
0x000001cc24930000 - 0x000001cc24935000 	C:\Users\Julia\Downloads\jdk-21_windows-x64_bin\jdk-21.0.9\bin\api-ms-win-core-file-l1-1-0.dll
0x000001cc24940000 - 0x000001cc24944000 	C:\Users\Julia\Downloads\jdk-21_windows-x64_bin\jdk-21.0.9\bin\api-ms-win-core-file-l1-2-0.dll
0x000001cc24950000 - 0x000001cc24954000 	C:\Users\Julia\Downloads\jdk-21_windows-x64_bin\jdk-21.0.9\bin\api-ms-win-core-file-l2-1-0.dll
0x000001cc24960000 - 0x000001cc24964000 	C:\Users\Julia\Downloads\jdk-21_windows-x64_bin\jdk-21.0.9\bin\api-ms-win-core-handle-l1-1-0.dll
0x000001cc24970000 - 0x000001cc24974000 	C:\Users\Julia\Downloads\jdk-21_windows-x64_bin\jdk-21.0.9\bin\api-ms-win-core-heap-l1-1-0.dll
0x000001cc24980000 - 0x000001cc24984000 	C:\Users\Julia\Downloads\jdk-21_windows-x64_bin\jdk-21.0.9\bin\api-ms-win-core-interlocked-l1-1-0.dll
0x000001cc24990000 - 0x000001cc24994000 	C:\Users\Julia\Downloads\jdk-21_windows-x64_bin\jdk-21.0.9\bin\api-ms-win-core-libraryloader-l1-1-0.dll
0x000001cc249a0000 - 0x000001cc249a4000 	C:\Users\Julia\Downloads\jdk-21_windows-x64_bin\jdk-21.0.9\bin\api-ms-win-core-localization-l1-2-0.dll
0x000001cc249b0000 - 0x000001cc249b4000 	C:\Users\Julia\Downloads\jdk-21_windows-x64_bin\jdk-21.0.9\bin\api-ms-win-core-memory-l1-1-0.dll
0x000001cc249c0000 - 0x000001cc249c4000 	C:\Users\Julia\Downloads\jdk-21_windows-x64_bin\jdk-21.0.9\bin\api-ms-win-core-namedpipe-l1-1-0.dll
0x000001cc249d0000 - 0x000001cc249d4000 	C:\Users\Julia\Downloads\jdk-21_windows-x64_bin\jdk-21.0.9\bin\api-ms-win-core-processenvironment-l1-1-0.dll
0x000001cc249e0000 - 0x000001cc249e4000 	C:\Users\Julia\Downloads\jdk-21_windows-x64_bin\jdk-21.0.9\bin\api-ms-win-core-processthreads-l1-1-0.dll
0x000001cc249f0000 - 0x000001cc249f4000 	C:\Users\Julia\Downloads\jdk-21_windows-x64_bin\jdk-21.0.9\bin\api-ms-win-core-processthreads-l1-1-1.dll
0x000001cc24a00000 - 0x000001cc24a04000 	C:\Users\Julia\Downloads\jdk-21_windows-x64_bin\jdk-21.0.9\bin\api-ms-win-core-profile-l1-1-0.dll
0x000001cc24a10000 - 0x000001cc24a14000 	C:\Users\Julia\Downloads\jdk-21_windows-x64_bin\jdk-21.0.9\bin\api-ms-win-core-rtlsupport-l1-1-0.dll
0x000001cc24a20000 - 0x000001cc24a24000 	C:\Users\Julia\Downloads\jdk-21_windows-x64_bin\jdk-21.0.9\bin\api-ms-win-core-string-l1-1-0.dll
0x000001cc24a30000 - 0x000001cc24a34000 	C:\Users\Julia\Downloads\jdk-21_windows-x64_bin\jdk-21.0.9\bin\api-ms-win-core-synch-l1-1-0.dll
0x000001cc24a40000 - 0x000001cc24a44000 	C:\Users\Julia\Downloads\jdk-21_windows-x64_bin\jdk-21.0.9\bin\api-ms-win-core-synch-l1-2-0.dll
0x000001cc24a50000 - 0x000001cc24a54000 	C:\Users\Julia\Downloads\jdk-21_windows-x64_bin\jdk-21.0.9\bin\api-ms-win-core-sysinfo-l1-1-0.dll
0x000001cc24a60000 - 0x000001cc24a64000 	C:\Users\Julia\Downloads\jdk-21_windows-x64_bin\jdk-21.0.9\bin\api-ms-win-core-timezone-l1-1-0.dll
0x000001cc24a70000 - 0x000001cc24a74000 	C:\Users\Julia\Downloads\jdk-21_windows-x64_bin\jdk-21.0.9\bin\api-ms-win-core-util-l1-1-0.dll
0x000001cc24a80000 - 0x000001cc24a84000 	C:\Users\Julia\Downloads\jdk-21_windows-x64_bin\jdk-21.0.9\bin\api-ms-win-crt-conio-l1-1-0.dll
0x000001cc24a90000 - 0x000001cc24a95000 	C:\Users\Julia\Downloads\jdk-21_windows-x64_bin\jdk-21.0.9\bin\api-ms-win-crt-convert-l1-1-0.dll
0x000001cc24aa0000 - 0x000001cc24aa4000 	C:\Users\Julia\Downloads\jdk-21_windows-x64_bin\jdk-21.0.9\bin\api-ms-win-crt-environment-l1-1-0.dll
0x000001cc24ab0000 - 0x000001cc24ab4000 	C:\Users\Julia\Downloads\jdk-21_windows-x64_bin\jdk-21.0.9\bin\api-ms-win-crt-filesystem-l1-1-0.dll
0x000001cc24ac0000 - 0x000001cc24ac4000 	C:\Users\Julia\Downloads\jdk-21_windows-x64_bin\jdk-21.0.9\bin\api-ms-win-crt-heap-l1-1-0.dll
0x000001cc24ad0000 - 0x000001cc24ad4000 	C:\Users\Julia\Downloads\jdk-21_windows-x64_bin\jdk-21.0.9\bin\api-ms-win-crt-locale-l1-1-0.dll
0x000001cc24ae0000 - 0x000001cc24ae6000 	C:\Users\Julia\Downloads\jdk-21_windows-x64_bin\jdk-21.0.9\bin\api-ms-win-crt-math-l1-1-0.dll
0x000001cc24af0000 - 0x000001cc24af6000 	C:\Users\Julia\Downloads\jdk-21_windows-x64_bin\jdk-21.0.9\bin\api-ms-win-crt-multibyte-l1-1-0.dll
0x000001cc24b00000 - 0x000001cc24b11000 	C:\Users\Julia\Downloads\jdk-21_windows-x64_bin\jdk-21.0.9\bin\api-ms-win-crt-private-l1-1-0.dll
0x000001cc24b20000 - 0x000001cc24b24000 	C:\Users\Julia\Downloads\jdk-21_windows-x64_bin\jdk-21.0.9\bin\api-ms-win-crt-process-l1-1-0.dll
0x000001cc24b30000 - 0x000001cc24b35000 	C:\Users\Julia\Downloads\jdk-21_windows-x64_bin\jdk-21.0.9\bin\api-ms-win-crt-runtime-l1-1-0.dll
0x000001cc24b40000 - 0x000001cc24b45000 	C:\Users\Julia\Downloads\jdk-21_windows-x64_bin\jdk-21.0.9\bin\api-ms-win-crt-stdio-l1-1-0.dll
0x000001cc24b50000 - 0x000001cc24b55000 	C:\Users\Julia\Downloads\jdk-21_windows-x64_bin\jdk-21.0.9\bin\api-ms-win-crt-string-l1-1-0.dll
0x000001cc24b60000 - 0x000001cc24b64000 	C:\Users\Julia\Downloads\jdk-21_windows-x64_bin\jdk-21.0.9\bin\api-ms-win-crt-time-l1-1-0.dll
0x000001cc24b70000 - 0x000001cc24b74000 	C:\Users\Julia\Downloads\jdk-21_windows-x64_bin\jdk-21.0.9\bin\api-ms-win-crt-utility-l1-1-0.dll
0x00007ffb4c8d0000 - 0x00007ffb4c9e1000 	C:\Users\Julia\Downloads\jdk-21_windows-x64_bin\jdk-21.0.9\bin\ucrtbase.dll
0x00007ffb96230000 - 0x00007ffb96281000 	C:\Users\Julia\.openjfx\cache\11.0.2\concrt140.dll
0x00007ffbad3d0000 - 0x00007ffbad400000 	C:\Users\Julia\Downloads\openjfx-25.0.1_windows-x64_bin-sdk\javafx-sdk-25.0.1\bin\prism_d3d.dll
0x00007ffb85970000 - 0x00007ffb85b20000 	C:\WINDOWS\system32\d3d9.dll
0x00007ffbd9720000 - 0x00007ffbd9750000 	C:\WINDOWS\SYSTEM32\dwmapi.dll
0x00007ffbd9550000 - 0x00007ffbd9593000 	C:\WINDOWS\SYSTEM32\dxcore.dll
0x00007ffbd9450000 - 0x00007ffbd94fa000 	C:\WINDOWS\system32\uxtheme.dll
0x00007ffb4b790000 - 0x00007ffb4ba06000 	C:\WINDOWS\System32\DriverStore\FileRepository\iigd_dch.inf_amd64_c2201cfb126f0796\igdumdim64.dll
0x00007ffbde780000 - 0x00007ffbde917000 	C:\WINDOWS\System32\ole32.dll
0x00007ffb31350000 - 0x00007ffb3288c000 	C:\WINDOWS\System32\DriverStore\FileRepository\iigd_dch.inf_amd64_c2201cfb126f0796\igd9trinity64.dll
0x00007ffbd95c0000 - 0x00007ffbd96f9000 	C:\WINDOWS\system32\dxgi.dll
0x00007ffbd07a0000 - 0x00007ffbd0be2000 	C:\WINDOWS\System32\DriverStore\FileRepository\iigd_dch.inf_amd64_c2201cfb126f0796\igdgmm64.dll
0x00007ffbd05f0000 - 0x00007ffbd0616000 	C:\WINDOWS\System32\DriverStore\FileRepository\iigd_dch.inf_amd64_c2201cfb126f0796\igc64.dll
0x00007ffb958e0000 - 0x00007ffb9592d000 	C:\WINDOWS\SYSTEM32\ControlLib.dll
0x00007ffbdc1c0000 - 0x00007ffbdc217000 	C:\WINDOWS\SYSTEM32\CFGMGR32.dll
0x00007ffbd0d60000 - 0x00007ffbd0dfd000 	C:\WINDOWS\System32\DriverStore\FileRepository\iigd_dch.inf_amd64_c2201cfb126f0796\IntelControlLib.dll
0x00007ffbd4180000 - 0x00007ffbd41e3000 	C:\WINDOWS\SYSTEM32\directxdatabasehelper.dll
0x00007ffb2fe20000 - 0x00007ffb31349000 	C:\WINDOWS\System32\DriverStore\FileRepository\iigd_dch.inf_amd64_c2201cfb126f0796\igd9dxva64.dll
0x00007ffbdee90000 - 0x00007ffbdf31a000 	C:\WINDOWS\System32\SETUPAPI.dll
0x00007ffbbc000000 - 0x00007ffbbdd2e000 	C:\WINDOWS\System32\DriverStore\FileRepository\iigd_dch.inf_amd64_c2201cfb126f0796\media_bin_64.dll
0x00007ffb95370000 - 0x00007ffb953b9000 	C:\Users\Julia\Downloads\openjfx-25.0.1_windows-x64_bin-sdk\javafx-sdk-25.0.1\bin\glass.dll
0x00007ffbde3d0000 - 0x00007ffbde4c2000 	C:\WINDOWS\System32\COMDLG32.dll
0x00007ffbdea70000 - 0x00007ffbdeb20000 	C:\WINDOWS\System32\clbcatq.dll
0x00007ffbb8ee0000 - 0x00007ffbb9030000 	C:\Windows\System32\Windows.UI.dll
0x00007ffbabdf0000 - 0x00007ffbabeab000 	C:\Windows\System32\Windows.Networking.Connectivity.dll
0x00007ffbc9380000 - 0x00007ffbc95c4000 	C:\Windows\System32\twinapi.appcore.dll
0x00007ffbdd6a0000 - 0x00007ffbdd7fe000 	C:\WINDOWS\System32\MSCTF.dll

dbghelp: loaded successfully - version: 4.0.5 - missing functions: none
symbol engine: initialized successfully - sym options: 0x614 - pdb path: .;C:\Users\Julia\Downloads\jdk-21_windows-x64_bin\jdk-21.0.9\bin;C:\WINDOWS\SYSTEM32;C:\WINDOWS\WinSxS\amd64_microsoft.windows.common-controls_6595b64144ccf1df_6.0.26100.7019_none_3e06ffa0e335b8a8;C:\Users\Julia\Downloads\jdk-21_windows-x64_bin\jdk-21.0.9\bin\server;C:\Users\Julia\.openjfx\cache\11.0.2;C:\Users\Julia\Downloads\openjfx-25.0.1_windows-x64_bin-sdk\javafx-sdk-25.0.1\bin;C:\WINDOWS\System32\DriverStore\FileRepository\iigd_dch.inf_amd64_c2201cfb126f0796

VM Arguments:
jvm_args: --module-path=C:\Users\Julia\.m2\repository\org\openjfx\javafx-base\11.0.2\javafx-base-11.0.2-win.jar;C:\Users\Julia\.m2\repository\org\openjfx\javafx-base\11.0.2\javafx-base-11.0.2.jar;C:\Users\Julia\.m2\repository\org\openjfx\javafx-controls\11.0.2\javafx-controls-11.0.2-win.jar;C:\Users\Julia\.m2\repository\org\openjfx\javafx-controls\11.0.2\javafx-controls-11.0.2.jar;C:\Users\Julia\.m2\repository\org\openjfx\javafx-fxml\11.0.2\javafx-fxml-11.0.2-win.jar;C:\Users\Julia\.m2\repository\org\openjfx\javafx-fxml\11.0.2\javafx-fxml-11.0.2.jar;C:\Users\Julia\.m2\repository\org\openjfx\javafx-graphics\11.0.2\javafx-graphics-11.0.2-win.jar;C:\Users\Julia\.m2\repository\org\openjfx\javafx-graphics\11.0.2\javafx-graphics-11.0.2.jar --add-modules=javafx.base,javafx.controls,javafx.fxml,javafx.graphics 
java_command: com.pokearena.view.MenuPrincipal
java_class_path (initial): C:\Users\Julia\Documents\Workspace Julia\pokearena\target\classes;C:\Users\Julia\.m2\repository\org\apache\httpcomponents\client5\httpclient5\5.2.1\httpclient5-5.2.1.jar;C:\Users\Julia\.m2\repository\org\apache\httpcomponents\core5\httpcore5\5.2\httpcore5-5.2.jar;C:\Users\Julia\.m2\repository\org\apache\httpcomponents\core5\httpcore5-h2\5.2\httpcore5-h2-5.2.jar;C:\Users\Julia\.m2\repository\org\checkerframework\checker-qual\3.42.0\checker-qual-3.42.0.jar;C:\Users\Julia\.m2\repository\org\json\json\20240303\json-20240303.jar;C:\Users\Julia\.m2\repository\org\postgresql\postgresql\42.7.3\postgresql-42.7.3.jar;C:\Users\Julia\.m2\repository\org\slf4j\slf4j-api\1.7.36\slf4j-api-1.7.36.jar
Launcher Type: SUN_STANDARD

[Global flags]
     intx CICompilerCount                          = 4                                         {product} {ergonomic}
     uint ConcGCThreads                            = 3                                         {product} {ergonomic}
     uint G1ConcRefinementThreads                  = 10                                        {product} {ergonomic}
   size_t G1HeapRegionSize                         = 2097152                                   {product} {ergonomic}
    uintx GCDrainStackTargetSize                   = 64                                        {product} {ergonomic}
   size_t InitialHeapSize                          = 264241152                                 {product} {ergonomic}
   size_t MarkStackSize                            = 4194304                                   {product} {ergonomic}
   size_t MaxHeapSize                              = 4198498304                                {product} {ergonomic}
   size_t MaxNewSize                               = 2518679552                                {product} {ergonomic}
   size_t MinHeapDeltaBytes                        = 2097152                                   {product} {ergonomic}
   size_t MinHeapSize                              = 8388608                                   {product} {ergonomic}
    uintx NonNMethodCodeHeapSize                   = 5839372                                {pd product} {ergonomic}
    uintx NonProfiledCodeHeapSize                  = 122909434                              {pd product} {ergonomic}
     bool PerfDisableSharedMem                     = true                                      {product} {ergonomic}
    uintx ProfiledCodeHeapSize                     = 122909434                              {pd product} {ergonomic}
    uintx ReservedCodeCacheSize                    = 251658240                              {pd product} {ergonomic}
     bool SegmentedCodeCache                       = true                                      {product} {ergonomic}
   size_t SoftMaxHeapSize                          = 4198498304                             {manageable} {ergonomic}
     bool UseCompressedOops                        = true                           {product lp64_product} {ergonomic}
     bool UseG1GC                                  = true                                      {product} {ergonomic}
     bool UseLargePagesIndividualAllocation        = false                                  {pd product} {ergonomic}

Logging:
Log output configuration:
 #0: stdout all=warning uptime,level,tags foldmultilines=false
 #1: stderr all=off uptime,level,tags foldmultilines=false

Environment Variables:
JAVA_HOME=C:\Users\Julia\Downloads\jdk-21_windows-x64_bin\jdk-21.0.9
PATH=C:\Users\Julia\Downloads\jdk-21_windows-x64_bin\jdk-21.0.9\bin;C:\Users\Julia\Downloads\openjfx-25.0.1_windows-x64_bin-sdk\javafx-sdk-25.0.1\bin;C:\Program Files (x86)\Common Files\Oracle\Java\javapath;C:\WINDOWS\system32;C:\WINDOWS;C:\WINDOWS\System32\Wbem;C:\WINDOWS\System32\WindowsPowerShell\v1.0\;C:\WINDOWS\System32\OpenSSH\;C:\Program Files\cursor\resources\app\bin;C:\Program Files\Git\cmd;C:\Users\Julia\Downloads\apache-maven-3.9.11-bin\apache-maven-3.9.11\bin;C:\Users\Julia\AppData\Local\Microsoft\WindowsApps;
USERNAME=Julia
TERM=dumb
OS=Windows_NT
PROCESSOR_IDENTIFIER=Intel64 Family 6 Model 186 Stepping 3, GenuineIntel
TMP=C:\Users\Julia\AppData\Local\Temp
TEMP=C:\Users\Julia\AppData\Local\Temp




Periodic native trim disabled

---------------  S Y S T E M  ---------------

OS:
 Windows 11 , 64 bit Build 26100 (10.0.26100.7019)
OS uptime: 1 days 18:36 hours

CPU: total 12 (initial active 12) (6 cores per cpu, 2 threads per core) family 6 model 186 stepping 3 microcode 0x4124, cx8, cmov, fxsr, ht, mmx, 3dnowpref, sse, sse2, sse3, ssse3, sse4.1, sse4.2, popcnt, lzcnt, tsc, tscinvbit, avx, avx2, aes, erms, clmul, bmi1, bmi2, adx, sha, fma, vzeroupper, clflush, clflushopt, clwb, serialize, rdtscp, rdpid, fsrm, f16c, pku, cet_ibt, cet_ss
Processor Information for processor 0
  Max Mhz: 1300, Current Mhz: 1300, Mhz Limit: 1300
Processor Information for processor 1
  Max Mhz: 1300, Current Mhz: 1300, Mhz Limit: 1300
Processor Information for processor 2
  Max Mhz: 1300, Current Mhz: 1300, Mhz Limit: 1300
Processor Information for processor 3
  Max Mhz: 1300, Current Mhz: 1300, Mhz Limit: 1300
Processor Information for processor 4
  Max Mhz: 1300, Current Mhz: 900, Mhz Limit: 897
Processor Information for processor 5
  Max Mhz: 1300, Current Mhz: 900, Mhz Limit: 897
Processor Information for processor 6
  Max Mhz: 1300, Current Mhz: 900, Mhz Limit: 897
Processor Information for processor 7
  Max Mhz: 1300, Current Mhz: 900, Mhz Limit: 897
Processor Information for processor 8
  Max Mhz: 1300, Current Mhz: 900, Mhz Limit: 897
Processor Information for processor 9
  Max Mhz: 1300, Current Mhz: 900, Mhz Limit: 897
Processor Information for processor 10
  Max Mhz: 1300, Current Mhz: 900, Mhz Limit: 897
Processor Information for processor 11
  Max Mhz: 1300, Current Mhz: 900, Mhz Limit: 897

Memory: 4k page, system-wide physical 16009M (7542M free)
TotalPageFile size 18953M (AvailPageFile size 8452M)
current process WorkingSet (physical memory assigned to process): 79M, peak: 79M
current process commit charge ("private bytes"): 367M, peak: 368M

vm_info: Java HotSpot(TM) 64-Bit Server VM (21.0.9+7-LTS-338) for windows-amd64 JRE (21.0.9+7-LTS-338), built on 2025-09-26T06:33:49Z by "mach5run" with MS VC++ 17.6 (VS2022)

END.
