#
# A fatal error has been detected by the Java Runtime Environment:
#
#  EXCEPTION_ACCESS_VIOLATION (0xc0000005) at pc=0x00007ffb32e03924, pid=3128, tid=9740
#
# JRE version: Java(TM) SE Runtime Environment 18.9 (11.0.28+12) (build 11.0.28+12-LTS-279)
# Java VM: Java HotSpot(TM) 64-Bit Server VM 18.9 (11.0.28+12-LTS-279, mixed mode, tiered, compressed oops, g1 gc, windows-amd64)
# Problematic frame:
# V  [jvm.dll+0x3c3924]
#
# No core dump will be written. Minidumps are not enabled by default on client versions of Windows
#
# If you would like to submit a bug report, please visit:
#   https://bugreport.java.com/bugreport/crash.jsp
#

---------------  S U M M A R Y ------------

Command Line: --module-path=C:\Users\Julia\.m2\repository\org\openjfx\javafx-base\11.0.2\javafx-base-11.0.2-win.jar;C:\Users\Julia\.m2\repository\org\openjfx\javafx-base\11.0.2\javafx-base-11.0.2.jar;C:\Users\Julia\.m2\repository\org\openjfx\javafx-controls\11.0.2\javafx-controls-11.0.2-win.jar;C:\Users\Julia\.m2\repository\org\openjfx\javafx-controls\11.0.2\javafx-controls-11.0.2.jar;C:\Users\Julia\.m2\repository\org\openjfx\javafx-fxml\11.0.2\javafx-fxml-11.0.2-win.jar;C:\Users\Julia\.m2\repository\org\openjfx\javafx-fxml\11.0.2\javafx-fxml-11.0.2.jar;C:\Users\Julia\.m2\repository\org\openjfx\javafx-graphics\11.0.2\javafx-graphics-11.0.2-win.jar;C:\Users\Julia\.m2\repository\org\openjfx\javafx-graphics\11.0.2\javafx-graphics-11.0.2.jar --add-modules=javafx.base,javafx.controls,javafx.fxml,javafx.graphics com.pokearena.view.MenuPrincipal

Host: 13th Gen Intel(R) Core(TM) i5-1334U, 12 cores, 15G,  Windows 11 , 64 bit Build 26100 (10.0.26100.7019)
Time: Mon Nov 17 20:35:20 2025 Hora oficial do Brasil elapsed time: 0.362888 seconds (0d 0h 0m 0s)

---------------  T H R E A D  ---------------

Current thread (0x000002ce852d1000):  JavaThread "WindowsNativeRunloopThread" [_thread_in_vm, id=9740, stack(0x000000ff98600000,0x000000ff98700000)]

Stack: [0x000000ff98600000,0x000000ff98700000],  sp=0x000000ff986ff490,  free space=1021k
Native frames: (J=compiled Java code, j=interpreted, Vv=VM code, C=native code)
V  [jvm.dll+0x3c3924]
C  [glass.dll+0x54d0]

Java frames: (J=compiled Java code, j=interpreted, Vv=VM code)
j  com.sun.glass.ui.win.WinApplication._runLoop(Ljava/lang/Runnable;)V+0 javafx.graphics
j  com.sun.glass.ui.win.WinApplication.lambda$runLoop$3(ILjava/lang/Runnable;)V+8 javafx.graphics
j  com.sun.glass.ui.win.WinApplication$$Lambda$89.run()V+12 javafx.graphics
j  java.lang.Thread.run()V+11 java.base@11.0.28
v  ~StubRoutines::call_stub

siginfo: EXCEPTION_ACCESS_VIOLATION (0xc0000005), reading address 0x0000000000000000


Register to memory mapping:

RIP=0x00007ffb32e03924 jvm.dll
RAX=0x0 is NULL
RBX=0x000002ce852d1000 is a thread
RCX=0x000002ce852d1000 is a thread
RDX=0x0000000000000006 is an unknown value
RSP=0x000000ff986ff490 is pointing into the stack for thread: 0x000002ce852d1000
RBP=0x000000ff986ff598 is pointing into the stack for thread: 0x000002ce852d1000
RSI=0x0 is NULL
RDI=0x000002ce852d1348 points into unknown readable memory: 0x00007ffb3346ed40 | 40 ed 46 33 fb 7f 00 00
R8 =0x0 is NULL
R9 =0x000000ff986ff598 is pointing into the stack for thread: 0x000002ce852d1000
R10=0x00007ffb32e038b0 jvm.dll
R11=0x0000000000000246 is an unknown value
R12=0x0 is NULL
R13={method} {0x000002ce851e8628} '_runLoop' '(Ljava/lang/Runnable;)V' in 'com/sun/glass/ui/win/WinApplication'
R14=0x000000ff986ff678 is pointing into the stack for thread: 0x000002ce852d1000
R15=0x000002ce852d1000 is a thread


Registers:
RAX=0x0000000000000000, RBX=0x000002ce852d1000, RCX=0x000002ce852d1000, RDX=0x0000000000000006
RSP=0x000000ff986ff490, RBP=0x000000ff986ff598, RSI=0x0000000000000000, RDI=0x000002ce852d1348
R8 =0x0000000000000000, R9 =0x000000ff986ff598, R10=0x00007ffb32e038b0, R11=0x0000000000000246
R12=0x0000000000000000, R13=0x000002ce851e8620, R14=0x000000ff986ff678, R15=0x000002ce852d1000
RIP=0x00007ffb32e03924, EFLAGS=0x0000000000010246

Top of Stack: (sp=0x000000ff986ff490)
0x000000ff986ff490:   000002ce852d1000 00007ffbdf5c3041
0x000000ff986ff4a0:   00007ffb00000004 00007ffb00000000
0x000000ff986ff4b0:   0000000000000000 000000ff986ff4c8
0x000000ff986ff4c0:   0000000000000000 00007ffbdf5c3041
0x000000ff986ff4d0:   00007ffbde867590 0000000000000000
0x000000ff986ff4e0:   000002ce852d1000 0000000000000000
0x000000ff986ff4f0:   000002ce861dbe50 00007ffbde530ccc
0x000000ff986ff500:   0000000000000000 00007ffbde88a660
0x000000ff986ff510:   000002ce861dbe50 00007ffbdd3ac1af
0x000000ff986ff520:   000002ce852d1000 0000000000000001
0x000000ff986ff530:   000002ce852d1000 000000ff986ff680
0x000000ff986ff540:   000002ce852d1348 00007ffb866954d0
0x000000ff986ff550:   0000000000000000 000000ff986ff658
0x000000ff986ff560:   000000ff986ff678 000002ce861dbe50
0x000000ff986ff570:   000000ff986ff680 00007ffb8669ade6
0x000000ff986ff580:   000002ce851e8620 000000ff986ff658 

Instructions: (pc=0x00007ffb32e03924)
0x00007ffb32e03904:   ff 48 83 7b 08 00 48 89 5c 24 50 48 c7 44 24 58
0x00007ffb32e03914:   00 00 00 00 74 0a 48 8d 4c 24 50 e8 9c 70 2c 00
0x00007ffb32e03924:   48 8b 06 48 8d 4c 24 70 c7 44 24 40 0e 00 00 00
0x00007ffb32e03934:   48 8b 50 08 0f b7 42 2c 48 8b 52 08 48 8b 54 c2 


Stack slot to memory mapping:
stack at sp + 0 slots: 0x000002ce852d1000 is a thread
stack at sp + 1 slots: 0x00007ffbdf5c3041 ntdll.dll
stack at sp + 2 slots: 0x00007ffb00000004 is an unknown value
stack at sp + 3 slots: 0x00007ffb00000000 is an unknown value
stack at sp + 4 slots: 0x0 is NULL
stack at sp + 5 slots: 0x000000ff986ff4c8 is pointing into the stack for thread: 0x000002ce852d1000
stack at sp + 6 slots: 0x0 is NULL
stack at sp + 7 slots: 0x00007ffbdf5c3041 ntdll.dll


---------------  P R O C E S S  ---------------

Threads class SMR info:
_java_thread_list=0x000002ce86161150, length=15, elements={
0x000002cedfb50000, 0x000002ce852cb000, 0x000002ce852ca000, 0x000002ce852cc800,
0x000002ce852cc000, 0x000002ce852cf000, 0x000002ce85337800, 0x000002ce85339800,
0x000002ce852e3000, 0x000002ce852ce800, 0x000002ce855b2800, 0x000002ce857fd800,
0x000002ce852d0000, 0x000002ce852cd800, 0x000002ce852d1000
}

Java Threads: ( => current thread )
  0x000002cedfb50000 JavaThread "main" [_thread_blocked, id=1856, stack(0x000000ff97100000,0x000000ff97200000)]
  0x000002ce852cb000 JavaThread "Reference Handler" daemon [_thread_blocked, id=5856, stack(0x000000ff97800000,0x000000ff97900000)]
  0x000002ce852ca000 JavaThread "Finalizer" daemon [_thread_blocked, id=11636, stack(0x000000ff97900000,0x000000ff97a00000)]
  0x000002ce852cc800 JavaThread "Signal Dispatcher" daemon [_thread_blocked, id=13980, stack(0x000000ff97a00000,0x000000ff97b00000)]
  0x000002ce852cc000 JavaThread "Attach Listener" daemon [_thread_blocked, id=12104, stack(0x000000ff97b00000,0x000000ff97c00000)]
  0x000002ce852cf000 JavaThread "Service Thread" daemon [_thread_blocked, id=12472, stack(0x000000ff97c00000,0x000000ff97d00000)]
  0x000002ce85337800 JavaThread "C2 CompilerThread0" daemon [_thread_blocked, id=4540, stack(0x000000ff97d00000,0x000000ff97e00000)]
  0x000002ce85339800 JavaThread "C1 CompilerThread0" daemon [_thread_blocked, id=11376, stack(0x000000ff97e00000,0x000000ff97f00000)]
  0x000002ce852e3000 JavaThread "Sweeper thread" daemon [_thread_blocked, id=8976, stack(0x000000ff97f00000,0x000000ff98000000)]
  0x000002ce852ce800 JavaThread "Common-Cleaner" daemon [_thread_blocked, id=6012, stack(0x000000ff98000000,0x000000ff98100000)]
  0x000002ce855b2800 JavaThread "C2 CompilerThread1" daemon [_thread_blocked, id=11072, stack(0x000000ff98100000,0x000000ff98200000)]
  0x000002ce857fd800 JavaThread "C2 CompilerThread2" daemon [_thread_blocked, id=13800, stack(0x000000ff98200000,0x000000ff98300000)]
  0x000002ce852d0000 JavaThread "QuantumRenderer-0" daemon [_thread_blocked, id=8688, stack(0x000000ff98400000,0x000000ff98500000)]
  0x000002ce852cd800 JavaThread "InvokeLaterDispatcher" daemon [_thread_blocked, id=9940, stack(0x000000ff98500000,0x000000ff98600000)]
=>0x000002ce852d1000 JavaThread "WindowsNativeRunloopThread" [_thread_in_vm, id=9740, stack(0x000000ff98600000,0x000000ff98700000)]

Other Threads:
  0x000002ce84a0e800 VMThread "VM Thread" [stack: 0x000000ff97700000,0x000000ff97800000] [id=6028]
  0x000002ce85e06000 WatcherThread [stack: 0x000000ff98300000,0x000000ff98400000] [id=3540]
  0x000002cedfb67000 GCTaskThread "GC Thread#0" [stack: 0x000000ff97200000,0x000000ff97300000] [id=8708]
  0x000002cedfbc1800 ConcurrentGCThread "G1 Main Marker" [stack: 0x000000ff97300000,0x000000ff97400000] [id=15040]
  0x000002cedfbc4000 ConcurrentGCThread "G1 Conc#0" [stack: 0x000000ff97400000,0x000000ff97500000] [id=7960]
  0x000002ce848f5800 ConcurrentGCThread "G1 Refine#0" [stack: 0x000000ff97500000,0x000000ff97600000] [id=1240]
  0x000002ce848f8800 ConcurrentGCThread "G1 Young RemSet Sampling" [stack: 0x000000ff97600000,0x000000ff97700000] [id=12156]

Threads with active compile tasks:

VM state:not at safepoint (normal execution)

VM Mutex/Monitor currently owned by a thread: None

Heap address: 0x0000000705c00000, size: 4004 MB, Compressed Oops mode: Zero based, Oop shift amount: 3
Narrow klass base: 0x0000000800000000, Narrow klass shift: 0
Compressed class space size: 1073741824 Address: 0x0000000800000000

Heap:
 garbage-first heap   total 258048K, used 13312K [0x0000000705c00000, 0x0000000800000000)
  region size 1024K, 14 young (14336K), 0 survivors (0K)
 Metaspace       used 9049K, capacity 9274K, committed 9472K, reserved 1058816K
  class space    used 885K, capacity 987K, committed 1024K, reserved 1048576K
Heap Regions: E=young(eden), S=young(survivor), O=old, HS=humongous(starts), HC=humongous(continues), CS=collection set, F=free, A=archive, TAMS=top-at-mark-start (previous, next)
|   0|0x0000000705c00000, 0x0000000705c00000, 0x0000000705d00000|  0%| F|  |TAMS 0x0000000705c00000, 0x0000000705c00000| Untracked 
|   1|0x0000000705d00000, 0x0000000705d00000, 0x0000000705e00000|  0%| F|  |TAMS 0x0000000705d00000, 0x0000000705d00000| Untracked 
|   2|0x0000000705e00000, 0x0000000705e00000, 0x0000000705f00000|  0%| F|  |TAMS 0x0000000705e00000, 0x0000000705e00000| Untracked 
|   3|0x0000000705f00000, 0x0000000705f00000, 0x0000000706000000|  0%| F|  |TAMS 0x0000000705f00000, 0x0000000705f00000| Untracked 
|   4|0x0000000706000000, 0x0000000706000000, 0x0000000706100000|  0%| F|  |TAMS 0x0000000706000000, 0x0000000706000000| Untracked 
|   5|0x0000000706100000, 0x0000000706100000, 0x0000000706200000|  0%| F|  |TAMS 0x0000000706100000, 0x0000000706100000| Untracked 
|   6|0x0000000706200000, 0x0000000706200000, 0x0000000706300000|  0%| F|  |TAMS 0x0000000706200000, 0x0000000706200000| Untracked 
|   7|0x0000000706300000, 0x0000000706300000, 0x0000000706400000|  0%| F|  |TAMS 0x0000000706300000, 0x0000000706300000| Untracked 
|   8|0x0000000706400000, 0x0000000706400000, 0x0000000706500000|  0%| F|  |TAMS 0x0000000706400000, 0x0000000706400000| Untracked 
|   9|0x0000000706500000, 0x0000000706500000, 0x0000000706600000|  0%| F|  |TAMS 0x0000000706500000, 0x0000000706500000| Untracked 
|  10|0x0000000706600000, 0x0000000706600000, 0x0000000706700000|  0%| F|  |TAMS 0x0000000706600000, 0x0000000706600000| Untracked 
|  11|0x0000000706700000, 0x0000000706700000, 0x0000000706800000|  0%| F|  |TAMS 0x0000000706700000, 0x0000000706700000| Untracked 
|  12|0x0000000706800000, 0x0000000706800000, 0x0000000706900000|  0%| F|  |TAMS 0x0000000706800000, 0x0000000706800000| Untracked 
|  13|0x0000000706900000, 0x0000000706900000, 0x0000000706a00000|  0%| F|  |TAMS 0x0000000706900000, 0x0000000706900000| Untracked 
|  14|0x0000000706a00000, 0x0000000706a00000, 0x0000000706b00000|  0%| F|  |TAMS 0x0000000706a00000, 0x0000000706a00000| Untracked 
|  15|0x0000000706b00000, 0x0000000706b00000, 0x0000000706c00000|  0%| F|  |TAMS 0x0000000706b00000, 0x0000000706b00000| Untracked 
|  16|0x0000000706c00000, 0x0000000706c00000, 0x0000000706d00000|  0%| F|  |TAMS 0x0000000706c00000, 0x0000000706c00000| Untracked 
|  17|0x0000000706d00000, 0x0000000706d00000, 0x0000000706e00000|  0%| F|  |TAMS 0x0000000706d00000, 0x0000000706d00000| Untracked 
|  18|0x0000000706e00000, 0x0000000706e00000, 0x0000000706f00000|  0%| F|  |TAMS 0x0000000706e00000, 0x0000000706e00000| Untracked 
|  19|0x0000000706f00000, 0x0000000706f00000, 0x0000000707000000|  0%| F|  |TAMS 0x0000000706f00000, 0x0000000706f00000| Untracked 
|  20|0x0000000707000000, 0x0000000707000000, 0x0000000707100000|  0%| F|  |TAMS 0x0000000707000000, 0x0000000707000000| Untracked 
|  21|0x0000000707100000, 0x0000000707100000, 0x0000000707200000|  0%| F|  |TAMS 0x0000000707100000, 0x0000000707100000| Untracked 
|  22|0x0000000707200000, 0x0000000707200000, 0x0000000707300000|  0%| F|  |TAMS 0x0000000707200000, 0x0000000707200000| Untracked 
|  23|0x0000000707300000, 0x0000000707300000, 0x0000000707400000|  0%| F|  |TAMS 0x0000000707300000, 0x0000000707300000| Untracked 
|  24|0x0000000707400000, 0x0000000707400000, 0x0000000707500000|  0%| F|  |TAMS 0x0000000707400000, 0x0000000707400000| Untracked 
|  25|0x0000000707500000, 0x0000000707500000, 0x0000000707600000|  0%| F|  |TAMS 0x0000000707500000, 0x0000000707500000| Untracked 
|  26|0x0000000707600000, 0x0000000707600000, 0x0000000707700000|  0%| F|  |TAMS 0x0000000707600000, 0x0000000707600000| Untracked 
|  27|0x0000000707700000, 0x0000000707700000, 0x0000000707800000|  0%| F|  |TAMS 0x0000000707700000, 0x0000000707700000| Untracked 
|  28|0x0000000707800000, 0x0000000707800000, 0x0000000707900000|  0%| F|  |TAMS 0x0000000707800000, 0x0000000707800000| Untracked 
|  29|0x0000000707900000, 0x0000000707900000, 0x0000000707a00000|  0%| F|  |TAMS 0x0000000707900000, 0x0000000707900000| Untracked 
|  30|0x0000000707a00000, 0x0000000707a00000, 0x0000000707b00000|  0%| F|  |TAMS 0x0000000707a00000, 0x0000000707a00000| Untracked 
|  31|0x0000000707b00000, 0x0000000707b00000, 0x0000000707c00000|  0%| F|  |TAMS 0x0000000707b00000, 0x0000000707b00000| Untracked 
|  32|0x0000000707c00000, 0x0000000707c00000, 0x0000000707d00000|  0%| F|  |TAMS 0x0000000707c00000, 0x0000000707c00000| Untracked 
|  33|0x0000000707d00000, 0x0000000707d00000, 0x0000000707e00000|  0%| F|  |TAMS 0x0000000707d00000, 0x0000000707d00000| Untracked 
|  34|0x0000000707e00000, 0x0000000707e00000, 0x0000000707f00000|  0%| F|  |TAMS 0x0000000707e00000, 0x0000000707e00000| Untracked 
|  35|0x0000000707f00000, 0x0000000707f00000, 0x0000000708000000|  0%| F|  |TAMS 0x0000000707f00000, 0x0000000707f00000| Untracked 
|  36|0x0000000708000000, 0x0000000708000000, 0x0000000708100000|  0%| F|  |TAMS 0x0000000708000000, 0x0000000708000000| Untracked 
|  37|0x0000000708100000, 0x0000000708100000, 0x0000000708200000|  0%| F|  |TAMS 0x0000000708100000, 0x0000000708100000| Untracked 
|  38|0x0000000708200000, 0x0000000708200000, 0x0000000708300000|  0%| F|  |TAMS 0x0000000708200000, 0x0000000708200000| Untracked 
|  39|0x0000000708300000, 0x0000000708300000, 0x0000000708400000|  0%| F|  |TAMS 0x0000000708300000, 0x0000000708300000| Untracked 
|  40|0x0000000708400000, 0x0000000708400000, 0x0000000708500000|  0%| F|  |TAMS 0x0000000708400000, 0x0000000708400000| Untracked 
|  41|0x0000000708500000, 0x0000000708500000, 0x0000000708600000|  0%| F|  |TAMS 0x0000000708500000, 0x0000000708500000| Untracked 
|  42|0x0000000708600000, 0x0000000708600000, 0x0000000708700000|  0%| F|  |TAMS 0x0000000708600000, 0x0000000708600000| Untracked 
|  43|0x0000000708700000, 0x0000000708700000, 0x0000000708800000|  0%| F|  |TAMS 0x0000000708700000, 0x0000000708700000| Untracked 
|  44|0x0000000708800000, 0x0000000708800000, 0x0000000708900000|  0%| F|  |TAMS 0x0000000708800000, 0x0000000708800000| Untracked 
|  45|0x0000000708900000, 0x0000000708900000, 0x0000000708a00000|  0%| F|  |TAMS 0x0000000708900000, 0x0000000708900000| Untracked 
|  46|0x0000000708a00000, 0x0000000708a00000, 0x0000000708b00000|  0%| F|  |TAMS 0x0000000708a00000, 0x0000000708a00000| Untracked 
|  47|0x0000000708b00000, 0x0000000708b00000, 0x0000000708c00000|  0%| F|  |TAMS 0x0000000708b00000, 0x0000000708b00000| Untracked 
|  48|0x0000000708c00000, 0x0000000708c00000, 0x0000000708d00000|  0%| F|  |TAMS 0x0000000708c00000, 0x0000000708c00000| Untracked 
|  49|0x0000000708d00000, 0x0000000708d00000, 0x0000000708e00000|  0%| F|  |TAMS 0x0000000708d00000, 0x0000000708d00000| Untracked 
|  50|0x0000000708e00000, 0x0000000708e00000, 0x0000000708f00000|  0%| F|  |TAMS 0x0000000708e00000, 0x0000000708e00000| Untracked 
|  51|0x0000000708f00000, 0x0000000708f00000, 0x0000000709000000|  0%| F|  |TAMS 0x0000000708f00000, 0x0000000708f00000| Untracked 
|  52|0x0000000709000000, 0x0000000709000000, 0x0000000709100000|  0%| F|  |TAMS 0x0000000709000000, 0x0000000709000000| Untracked 
|  53|0x0000000709100000, 0x0000000709100000, 0x0000000709200000|  0%| F|  |TAMS 0x0000000709100000, 0x0000000709100000| Untracked 
|  54|0x0000000709200000, 0x0000000709200000, 0x0000000709300000|  0%| F|  |TAMS 0x0000000709200000, 0x0000000709200000| Untracked 
|  55|0x0000000709300000, 0x0000000709300000, 0x0000000709400000|  0%| F|  |TAMS 0x0000000709300000, 0x0000000709300000| Untracked 
|  56|0x0000000709400000, 0x0000000709400000, 0x0000000709500000|  0%| F|  |TAMS 0x0000000709400000, 0x0000000709400000| Untracked 
|  57|0x0000000709500000, 0x0000000709500000, 0x0000000709600000|  0%| F|  |TAMS 0x0000000709500000, 0x0000000709500000| Untracked 
|  58|0x0000000709600000, 0x0000000709600000, 0x0000000709700000|  0%| F|  |TAMS 0x0000000709600000, 0x0000000709600000| Untracked 
|  59|0x0000000709700000, 0x0000000709700000, 0x0000000709800000|  0%| F|  |TAMS 0x0000000709700000, 0x0000000709700000| Untracked 
|  60|0x0000000709800000, 0x0000000709800000, 0x0000000709900000|  0%| F|  |TAMS 0x0000000709800000, 0x0000000709800000| Untracked 
|  61|0x0000000709900000, 0x0000000709900000, 0x0000000709a00000|  0%| F|  |TAMS 0x0000000709900000, 0x0000000709900000| Untracked 
|  62|0x0000000709a00000, 0x0000000709a00000, 0x0000000709b00000|  0%| F|  |TAMS 0x0000000709a00000, 0x0000000709a00000| Untracked 
|  63|0x0000000709b00000, 0x0000000709b00000, 0x0000000709c00000|  0%| F|  |TAMS 0x0000000709b00000, 0x0000000709b00000| Untracked 
|  64|0x0000000709c00000, 0x0000000709c00000, 0x0000000709d00000|  0%| F|  |TAMS 0x0000000709c00000, 0x0000000709c00000| Untracked 
|  65|0x0000000709d00000, 0x0000000709d00000, 0x0000000709e00000|  0%| F|  |TAMS 0x0000000709d00000, 0x0000000709d00000| Untracked 
|  66|0x0000000709e00000, 0x0000000709e00000, 0x0000000709f00000|  0%| F|  |TAMS 0x0000000709e00000, 0x0000000709e00000| Untracked 
|  67|0x0000000709f00000, 0x0000000709f00000, 0x000000070a000000|  0%| F|  |TAMS 0x0000000709f00000, 0x0000000709f00000| Untracked 
|  68|0x000000070a000000, 0x000000070a000000, 0x000000070a100000|  0%| F|  |TAMS 0x000000070a000000, 0x000000070a000000| Untracked 
|  69|0x000000070a100000, 0x000000070a100000, 0x000000070a200000|  0%| F|  |TAMS 0x000000070a100000, 0x000000070a100000| Untracked 
|  70|0x000000070a200000, 0x000000070a200000, 0x000000070a300000|  0%| F|  |TAMS 0x000000070a200000, 0x000000070a200000| Untracked 
|  71|0x000000070a300000, 0x000000070a300000, 0x000000070a400000|  0%| F|  |TAMS 0x000000070a300000, 0x000000070a300000| Untracked 
|  72|0x000000070a400000, 0x000000070a400000, 0x000000070a500000|  0%| F|  |TAMS 0x000000070a400000, 0x000000070a400000| Untracked 
|  73|0x000000070a500000, 0x000000070a500000, 0x000000070a600000|  0%| F|  |TAMS 0x000000070a500000, 0x000000070a500000| Untracked 
|  74|0x000000070a600000, 0x000000070a600000, 0x000000070a700000|  0%| F|  |TAMS 0x000000070a600000, 0x000000070a600000| Untracked 
|  75|0x000000070a700000, 0x000000070a700000, 0x000000070a800000|  0%| F|  |TAMS 0x000000070a700000, 0x000000070a700000| Untracked 
|  76|0x000000070a800000, 0x000000070a800000, 0x000000070a900000|  0%| F|  |TAMS 0x000000070a800000, 0x000000070a800000| Untracked 
|  77|0x000000070a900000, 0x000000070a900000, 0x000000070aa00000|  0%| F|  |TAMS 0x000000070a900000, 0x000000070a900000| Untracked 
|  78|0x000000070aa00000, 0x000000070aa00000, 0x000000070ab00000|  0%| F|  |TAMS 0x000000070aa00000, 0x000000070aa00000| Untracked 
|  79|0x000000070ab00000, 0x000000070ab00000, 0x000000070ac00000|  0%| F|  |TAMS 0x000000070ab00000, 0x000000070ab00000| Untracked 
|  80|0x000000070ac00000, 0x000000070ac00000, 0x000000070ad00000|  0%| F|  |TAMS 0x000000070ac00000, 0x000000070ac00000| Untracked 
|  81|0x000000070ad00000, 0x000000070ad00000, 0x000000070ae00000|  0%| F|  |TAMS 0x000000070ad00000, 0x000000070ad00000| Untracked 
|  82|0x000000070ae00000, 0x000000070ae00000, 0x000000070af00000|  0%| F|  |TAMS 0x000000070ae00000, 0x000000070ae00000| Untracked 
|  83|0x000000070af00000, 0x000000070af00000, 0x000000070b000000|  0%| F|  |TAMS 0x000000070af00000, 0x000000070af00000| Untracked 
|  84|0x000000070b000000, 0x000000070b000000, 0x000000070b100000|  0%| F|  |TAMS 0x000000070b000000, 0x000000070b000000| Untracked 
|  85|0x000000070b100000, 0x000000070b100000, 0x000000070b200000|  0%| F|  |TAMS 0x000000070b100000, 0x000000070b100000| Untracked 
|  86|0x000000070b200000, 0x000000070b200000, 0x000000070b300000|  0%| F|  |TAMS 0x000000070b200000, 0x000000070b200000| Untracked 
|  87|0x000000070b300000, 0x000000070b300000, 0x000000070b400000|  0%| F|  |TAMS 0x000000070b300000, 0x000000070b300000| Untracked 
|  88|0x000000070b400000, 0x000000070b400000, 0x000000070b500000|  0%| F|  |TAMS 0x000000070b400000, 0x000000070b400000| Untracked 
|  89|0x000000070b500000, 0x000000070b500000, 0x000000070b600000|  0%| F|  |TAMS 0x000000070b500000, 0x000000070b500000| Untracked 
|  90|0x000000070b600000, 0x000000070b600000, 0x000000070b700000|  0%| F|  |TAMS 0x000000070b600000, 0x000000070b600000| Untracked 
|  91|0x000000070b700000, 0x000000070b700000, 0x000000070b800000|  0%| F|  |TAMS 0x000000070b700000, 0x000000070b700000| Untracked 
|  92|0x000000070b800000, 0x000000070b800000, 0x000000070b900000|  0%| F|  |TAMS 0x000000070b800000, 0x000000070b800000| Untracked 
|  93|0x000000070b900000, 0x000000070b900000, 0x000000070ba00000|  0%| F|  |TAMS 0x000000070b900000, 0x000000070b900000| Untracked 
|  94|0x000000070ba00000, 0x000000070ba00000, 0x000000070bb00000|  0%| F|  |TAMS 0x000000070ba00000, 0x000000070ba00000| Untracked 
|  95|0x000000070bb00000, 0x000000070bb00000, 0x000000070bc00000|  0%| F|  |TAMS 0x000000070bb00000, 0x000000070bb00000| Untracked 
|  96|0x000000070bc00000, 0x000000070bc00000, 0x000000070bd00000|  0%| F|  |TAMS 0x000000070bc00000, 0x000000070bc00000| Untracked 
|  97|0x000000070bd00000, 0x000000070bd00000, 0x000000070be00000|  0%| F|  |TAMS 0x000000070bd00000, 0x000000070bd00000| Untracked 
|  98|0x000000070be00000, 0x000000070be00000, 0x000000070bf00000|  0%| F|  |TAMS 0x000000070be00000, 0x000000070be00000| Untracked 
|  99|0x000000070bf00000, 0x000000070bf00000, 0x000000070c000000|  0%| F|  |TAMS 0x000000070bf00000, 0x000000070bf00000| Untracked 
| 100|0x000000070c000000, 0x000000070c000000, 0x000000070c100000|  0%| F|  |TAMS 0x000000070c000000, 0x000000070c000000| Untracked 
| 101|0x000000070c100000, 0x000000070c100000, 0x000000070c200000|  0%| F|  |TAMS 0x000000070c100000, 0x000000070c100000| Untracked 
| 102|0x000000070c200000, 0x000000070c200000, 0x000000070c300000|  0%| F|  |TAMS 0x000000070c200000, 0x000000070c200000| Untracked 
| 103|0x000000070c300000, 0x000000070c300000, 0x000000070c400000|  0%| F|  |TAMS 0x000000070c300000, 0x000000070c300000| Untracked 
| 104|0x000000070c400000, 0x000000070c400000, 0x000000070c500000|  0%| F|  |TAMS 0x000000070c400000, 0x000000070c400000| Untracked 
| 105|0x000000070c500000, 0x000000070c500000, 0x000000070c600000|  0%| F|  |TAMS 0x000000070c500000, 0x000000070c500000| Untracked 
| 106|0x000000070c600000, 0x000000070c600000, 0x000000070c700000|  0%| F|  |TAMS 0x000000070c600000, 0x000000070c600000| Untracked 
| 107|0x000000070c700000, 0x000000070c700000, 0x000000070c800000|  0%| F|  |TAMS 0x000000070c700000, 0x000000070c700000| Untracked 
| 108|0x000000070c800000, 0x000000070c800000, 0x000000070c900000|  0%| F|  |TAMS 0x000000070c800000, 0x000000070c800000| Untracked 
| 109|0x000000070c900000, 0x000000070c900000, 0x000000070ca00000|  0%| F|  |TAMS 0x000000070c900000, 0x000000070c900000| Untracked 
| 110|0x000000070ca00000, 0x000000070ca00000, 0x000000070cb00000|  0%| F|  |TAMS 0x000000070ca00000, 0x000000070ca00000| Untracked 
| 111|0x000000070cb00000, 0x000000070cb00000, 0x000000070cc00000|  0%| F|  |TAMS 0x000000070cb00000, 0x000000070cb00000| Untracked 
| 112|0x000000070cc00000, 0x000000070cc00000, 0x000000070cd00000|  0%| F|  |TAMS 0x000000070cc00000, 0x000000070cc00000| Untracked 
| 113|0x000000070cd00000, 0x000000070cd00000, 0x000000070ce00000|  0%| F|  |TAMS 0x000000070cd00000, 0x000000070cd00000| Untracked 
| 114|0x000000070ce00000, 0x000000070ce00000, 0x000000070cf00000|  0%| F|  |TAMS 0x000000070ce00000, 0x000000070ce00000| Untracked 
| 115|0x000000070cf00000, 0x000000070cf00000, 0x000000070d000000|  0%| F|  |TAMS 0x000000070cf00000, 0x000000070cf00000| Untracked 
| 116|0x000000070d000000, 0x000000070d000000, 0x000000070d100000|  0%| F|  |TAMS 0x000000070d000000, 0x000000070d000000| Untracked 
| 117|0x000000070d100000, 0x000000070d100000, 0x000000070d200000|  0%| F|  |TAMS 0x000000070d100000, 0x000000070d100000| Untracked 
| 118|0x000000070d200000, 0x000000070d200000, 0x000000070d300000|  0%| F|  |TAMS 0x000000070d200000, 0x000000070d200000| Untracked 
| 119|0x000000070d300000, 0x000000070d300000, 0x000000070d400000|  0%| F|  |TAMS 0x000000070d300000, 0x000000070d300000| Untracked 
| 120|0x000000070d400000, 0x000000070d400000, 0x000000070d500000|  0%| F|  |TAMS 0x000000070d400000, 0x000000070d400000| Untracked 
| 121|0x000000070d500000, 0x000000070d500000, 0x000000070d600000|  0%| F|  |TAMS 0x000000070d500000, 0x000000070d500000| Untracked 
| 122|0x000000070d600000, 0x000000070d600000, 0x000000070d700000|  0%| F|  |TAMS 0x000000070d600000, 0x000000070d600000| Untracked 
| 123|0x000000070d700000, 0x000000070d700000, 0x000000070d800000|  0%| F|  |TAMS 0x000000070d700000, 0x000000070d700000| Untracked 
| 124|0x000000070d800000, 0x000000070d800000, 0x000000070d900000|  0%| F|  |TAMS 0x000000070d800000, 0x000000070d800000| Untracked 
| 125|0x000000070d900000, 0x000000070d900000, 0x000000070da00000|  0%| F|  |TAMS 0x000000070d900000, 0x000000070d900000| Untracked 
| 126|0x000000070da00000, 0x000000070da00000, 0x000000070db00000|  0%| F|  |TAMS 0x000000070da00000, 0x000000070da00000| Untracked 
| 127|0x000000070db00000, 0x000000070db00000, 0x000000070dc00000|  0%| F|  |TAMS 0x000000070db00000, 0x000000070db00000| Untracked 
| 128|0x000000070dc00000, 0x000000070dc00000, 0x000000070dd00000|  0%| F|  |TAMS 0x000000070dc00000, 0x000000070dc00000| Untracked 
| 129|0x000000070dd00000, 0x000000070dd00000, 0x000000070de00000|  0%| F|  |TAMS 0x000000070dd00000, 0x000000070dd00000| Untracked 
| 130|0x000000070de00000, 0x000000070de00000, 0x000000070df00000|  0%| F|  |TAMS 0x000000070de00000, 0x000000070de00000| Untracked 
| 131|0x000000070df00000, 0x000000070df00000, 0x000000070e000000|  0%| F|  |TAMS 0x000000070df00000, 0x000000070df00000| Untracked 
| 132|0x000000070e000000, 0x000000070e000000, 0x000000070e100000|  0%| F|  |TAMS 0x000000070e000000, 0x000000070e000000| Untracked 
| 133|0x000000070e100000, 0x000000070e100000, 0x000000070e200000|  0%| F|  |TAMS 0x000000070e100000, 0x000000070e100000| Untracked 
| 134|0x000000070e200000, 0x000000070e200000, 0x000000070e300000|  0%| F|  |TAMS 0x000000070e200000, 0x000000070e200000| Untracked 
| 135|0x000000070e300000, 0x000000070e300000, 0x000000070e400000|  0%| F|  |TAMS 0x000000070e300000, 0x000000070e300000| Untracked 
| 136|0x000000070e400000, 0x000000070e400000, 0x000000070e500000|  0%| F|  |TAMS 0x000000070e400000, 0x000000070e400000| Untracked 
| 137|0x000000070e500000, 0x000000070e500000, 0x000000070e600000|  0%| F|  |TAMS 0x000000070e500000, 0x000000070e500000| Untracked 
| 138|0x000000070e600000, 0x000000070e600000, 0x000000070e700000|  0%| F|  |TAMS 0x000000070e600000, 0x000000070e600000| Untracked 
| 139|0x000000070e700000, 0x000000070e700000, 0x000000070e800000|  0%| F|  |TAMS 0x000000070e700000, 0x000000070e700000| Untracked 
| 140|0x000000070e800000, 0x000000070e800000, 0x000000070e900000|  0%| F|  |TAMS 0x000000070e800000, 0x000000070e800000| Untracked 
| 141|0x000000070e900000, 0x000000070e900000, 0x000000070ea00000|  0%| F|  |TAMS 0x000000070e900000, 0x000000070e900000| Untracked 
| 142|0x000000070ea00000, 0x000000070ea00000, 0x000000070eb00000|  0%| F|  |TAMS 0x000000070ea00000, 0x000000070ea00000| Untracked 
| 143|0x000000070eb00000, 0x000000070eb00000, 0x000000070ec00000|  0%| F|  |TAMS 0x000000070eb00000, 0x000000070eb00000| Untracked 
| 144|0x000000070ec00000, 0x000000070ec00000, 0x000000070ed00000|  0%| F|  |TAMS 0x000000070ec00000, 0x000000070ec00000| Untracked 
| 145|0x000000070ed00000, 0x000000070ed00000, 0x000000070ee00000|  0%| F|  |TAMS 0x000000070ed00000, 0x000000070ed00000| Untracked 
| 146|0x000000070ee00000, 0x000000070ee00000, 0x000000070ef00000|  0%| F|  |TAMS 0x000000070ee00000, 0x000000070ee00000| Untracked 
| 147|0x000000070ef00000, 0x000000070ef00000, 0x000000070f000000|  0%| F|  |TAMS 0x000000070ef00000, 0x000000070ef00000| Untracked 
| 148|0x000000070f000000, 0x000000070f000000, 0x000000070f100000|  0%| F|  |TAMS 0x000000070f000000, 0x000000070f000000| Untracked 
| 149|0x000000070f100000, 0x000000070f100000, 0x000000070f200000|  0%| F|  |TAMS 0x000000070f100000, 0x000000070f100000| Untracked 
| 150|0x000000070f200000, 0x000000070f200000, 0x000000070f300000|  0%| F|  |TAMS 0x000000070f200000, 0x000000070f200000| Untracked 
| 151|0x000000070f300000, 0x000000070f300000, 0x000000070f400000|  0%| F|  |TAMS 0x000000070f300000, 0x000000070f300000| Untracked 
| 152|0x000000070f400000, 0x000000070f400000, 0x000000070f500000|  0%| F|  |TAMS 0x000000070f400000, 0x000000070f400000| Untracked 
| 153|0x000000070f500000, 0x000000070f500000, 0x000000070f600000|  0%| F|  |TAMS 0x000000070f500000, 0x000000070f500000| Untracked 
| 154|0x000000070f600000, 0x000000070f600000, 0x000000070f700000|  0%| F|  |TAMS 0x000000070f600000, 0x000000070f600000| Untracked 
| 155|0x000000070f700000, 0x000000070f700000, 0x000000070f800000|  0%| F|  |TAMS 0x000000070f700000, 0x000000070f700000| Untracked 
| 156|0x000000070f800000, 0x000000070f800000, 0x000000070f900000|  0%| F|  |TAMS 0x000000070f800000, 0x000000070f800000| Untracked 
| 157|0x000000070f900000, 0x000000070f900000, 0x000000070fa00000|  0%| F|  |TAMS 0x000000070f900000, 0x000000070f900000| Untracked 
| 158|0x000000070fa00000, 0x000000070fa00000, 0x000000070fb00000|  0%| F|  |TAMS 0x000000070fa00000, 0x000000070fa00000| Untracked 
| 159|0x000000070fb00000, 0x000000070fb00000, 0x000000070fc00000|  0%| F|  |TAMS 0x000000070fb00000, 0x000000070fb00000| Untracked 
| 160|0x000000070fc00000, 0x000000070fc00000, 0x000000070fd00000|  0%| F|  |TAMS 0x000000070fc00000, 0x000000070fc00000| Untracked 
| 161|0x000000070fd00000, 0x000000070fd00000, 0x000000070fe00000|  0%| F|  |TAMS 0x000000070fd00000, 0x000000070fd00000| Untracked 
| 162|0x000000070fe00000, 0x000000070fe00000, 0x000000070ff00000|  0%| F|  |TAMS 0x000000070fe00000, 0x000000070fe00000| Untracked 
| 163|0x000000070ff00000, 0x000000070ff00000, 0x0000000710000000|  0%| F|  |TAMS 0x000000070ff00000, 0x000000070ff00000| Untracked 
| 164|0x0000000710000000, 0x0000000710000000, 0x0000000710100000|  0%| F|  |TAMS 0x0000000710000000, 0x0000000710000000| Untracked 
| 165|0x0000000710100000, 0x0000000710100000, 0x0000000710200000|  0%| F|  |TAMS 0x0000000710100000, 0x0000000710100000| Untracked 
| 166|0x0000000710200000, 0x0000000710200000, 0x0000000710300000|  0%| F|  |TAMS 0x0000000710200000, 0x0000000710200000| Untracked 
| 167|0x0000000710300000, 0x0000000710300000, 0x0000000710400000|  0%| F|  |TAMS 0x0000000710300000, 0x0000000710300000| Untracked 
| 168|0x0000000710400000, 0x0000000710400000, 0x0000000710500000|  0%| F|  |TAMS 0x0000000710400000, 0x0000000710400000| Untracked 
| 169|0x0000000710500000, 0x0000000710500000, 0x0000000710600000|  0%| F|  |TAMS 0x0000000710500000, 0x0000000710500000| Untracked 
| 170|0x0000000710600000, 0x0000000710600000, 0x0000000710700000|  0%| F|  |TAMS 0x0000000710600000, 0x0000000710600000| Untracked 
| 171|0x0000000710700000, 0x0000000710700000, 0x0000000710800000|  0%| F|  |TAMS 0x0000000710700000, 0x0000000710700000| Untracked 
| 172|0x0000000710800000, 0x0000000710800000, 0x0000000710900000|  0%| F|  |TAMS 0x0000000710800000, 0x0000000710800000| Untracked 
| 173|0x0000000710900000, 0x0000000710900000, 0x0000000710a00000|  0%| F|  |TAMS 0x0000000710900000, 0x0000000710900000| Untracked 
| 174|0x0000000710a00000, 0x0000000710a00000, 0x0000000710b00000|  0%| F|  |TAMS 0x0000000710a00000, 0x0000000710a00000| Untracked 
| 175|0x0000000710b00000, 0x0000000710b00000, 0x0000000710c00000|  0%| F|  |TAMS 0x0000000710b00000, 0x0000000710b00000| Untracked 
| 176|0x0000000710c00000, 0x0000000710c00000, 0x0000000710d00000|  0%| F|  |TAMS 0x0000000710c00000, 0x0000000710c00000| Untracked 
| 177|0x0000000710d00000, 0x0000000710d00000, 0x0000000710e00000|  0%| F|  |TAMS 0x0000000710d00000, 0x0000000710d00000| Untracked 
| 178|0x0000000710e00000, 0x0000000710e00000, 0x0000000710f00000|  0%| F|  |TAMS 0x0000000710e00000, 0x0000000710e00000| Untracked 
| 179|0x0000000710f00000, 0x0000000710f00000, 0x0000000711000000|  0%| F|  |TAMS 0x0000000710f00000, 0x0000000710f00000| Untracked 
| 180|0x0000000711000000, 0x0000000711000000, 0x0000000711100000|  0%| F|  |TAMS 0x0000000711000000, 0x0000000711000000| Untracked 
| 181|0x0000000711100000, 0x0000000711100000, 0x0000000711200000|  0%| F|  |TAMS 0x0000000711100000, 0x0000000711100000| Untracked 
| 182|0x0000000711200000, 0x0000000711200000, 0x0000000711300000|  0%| F|  |TAMS 0x0000000711200000, 0x0000000711200000| Untracked 
| 183|0x0000000711300000, 0x0000000711300000, 0x0000000711400000|  0%| F|  |TAMS 0x0000000711300000, 0x0000000711300000| Untracked 
| 184|0x0000000711400000, 0x0000000711400000, 0x0000000711500000|  0%| F|  |TAMS 0x0000000711400000, 0x0000000711400000| Untracked 
| 185|0x0000000711500000, 0x0000000711500000, 0x0000000711600000|  0%| F|  |TAMS 0x0000000711500000, 0x0000000711500000| Untracked 
| 186|0x0000000711600000, 0x0000000711600000, 0x0000000711700000|  0%| F|  |TAMS 0x0000000711600000, 0x0000000711600000| Untracked 
| 187|0x0000000711700000, 0x0000000711700000, 0x0000000711800000|  0%| F|  |TAMS 0x0000000711700000, 0x0000000711700000| Untracked 
| 188|0x0000000711800000, 0x0000000711800000, 0x0000000711900000|  0%| F|  |TAMS 0x0000000711800000, 0x0000000711800000| Untracked 
| 189|0x0000000711900000, 0x0000000711900000, 0x0000000711a00000|  0%| F|  |TAMS 0x0000000711900000, 0x0000000711900000| Untracked 
| 190|0x0000000711a00000, 0x0000000711a00000, 0x0000000711b00000|  0%| F|  |TAMS 0x0000000711a00000, 0x0000000711a00000| Untracked 
| 191|0x0000000711b00000, 0x0000000711b00000, 0x0000000711c00000|  0%| F|  |TAMS 0x0000000711b00000, 0x0000000711b00000| Untracked 
| 192|0x0000000711c00000, 0x0000000711c00000, 0x0000000711d00000|  0%| F|  |TAMS 0x0000000711c00000, 0x0000000711c00000| Untracked 
| 193|0x0000000711d00000, 0x0000000711d00000, 0x0000000711e00000|  0%| F|  |TAMS 0x0000000711d00000, 0x0000000711d00000| Untracked 
| 194|0x0000000711e00000, 0x0000000711e00000, 0x0000000711f00000|  0%| F|  |TAMS 0x0000000711e00000, 0x0000000711e00000| Untracked 
| 195|0x0000000711f00000, 0x0000000711f00000, 0x0000000712000000|  0%| F|  |TAMS 0x0000000711f00000, 0x0000000711f00000| Untracked 
| 196|0x0000000712000000, 0x0000000712000000, 0x0000000712100000|  0%| F|  |TAMS 0x0000000712000000, 0x0000000712000000| Untracked 
| 197|0x0000000712100000, 0x0000000712100000, 0x0000000712200000|  0%| F|  |TAMS 0x0000000712100000, 0x0000000712100000| Untracked 
| 198|0x0000000712200000, 0x0000000712200000, 0x0000000712300000|  0%| F|  |TAMS 0x0000000712200000, 0x0000000712200000| Untracked 
| 199|0x0000000712300000, 0x0000000712300000, 0x0000000712400000|  0%| F|  |TAMS 0x0000000712300000, 0x0000000712300000| Untracked 
| 200|0x0000000712400000, 0x0000000712400000, 0x0000000712500000|  0%| F|  |TAMS 0x0000000712400000, 0x0000000712400000| Untracked 
| 201|0x0000000712500000, 0x0000000712500000, 0x0000000712600000|  0%| F|  |TAMS 0x0000000712500000, 0x0000000712500000| Untracked 
| 202|0x0000000712600000, 0x0000000712600000, 0x0000000712700000|  0%| F|  |TAMS 0x0000000712600000, 0x0000000712600000| Untracked 
| 203|0x0000000712700000, 0x0000000712700000, 0x0000000712800000|  0%| F|  |TAMS 0x0000000712700000, 0x0000000712700000| Untracked 
| 204|0x0000000712800000, 0x0000000712800000, 0x0000000712900000|  0%| F|  |TAMS 0x0000000712800000, 0x0000000712800000| Untracked 
| 205|0x0000000712900000, 0x0000000712900000, 0x0000000712a00000|  0%| F|  |TAMS 0x0000000712900000, 0x0000000712900000| Untracked 
| 206|0x0000000712a00000, 0x0000000712a00000, 0x0000000712b00000|  0%| F|  |TAMS 0x0000000712a00000, 0x0000000712a00000| Untracked 
| 207|0x0000000712b00000, 0x0000000712b00000, 0x0000000712c00000|  0%| F|  |TAMS 0x0000000712b00000, 0x0000000712b00000| Untracked 
| 208|0x0000000712c00000, 0x0000000712c00000, 0x0000000712d00000|  0%| F|  |TAMS 0x0000000712c00000, 0x0000000712c00000| Untracked 
| 209|0x0000000712d00000, 0x0000000712d00000, 0x0000000712e00000|  0%| F|  |TAMS 0x0000000712d00000, 0x0000000712d00000| Untracked 
| 210|0x0000000712e00000, 0x0000000712e00000, 0x0000000712f00000|  0%| F|  |TAMS 0x0000000712e00000, 0x0000000712e00000| Untracked 
| 211|0x0000000712f00000, 0x0000000712f00000, 0x0000000713000000|  0%| F|  |TAMS 0x0000000712f00000, 0x0000000712f00000| Untracked 
| 212|0x0000000713000000, 0x0000000713000000, 0x0000000713100000|  0%| F|  |TAMS 0x0000000713000000, 0x0000000713000000| Untracked 
| 213|0x0000000713100000, 0x0000000713100000, 0x0000000713200000|  0%| F|  |TAMS 0x0000000713100000, 0x0000000713100000| Untracked 
| 214|0x0000000713200000, 0x0000000713200000, 0x0000000713300000|  0%| F|  |TAMS 0x0000000713200000, 0x0000000713200000| Untracked 
| 215|0x0000000713300000, 0x0000000713300000, 0x0000000713400000|  0%| F|  |TAMS 0x0000000713300000, 0x0000000713300000| Untracked 
| 216|0x0000000713400000, 0x0000000713400000, 0x0000000713500000|  0%| F|  |TAMS 0x0000000713400000, 0x0000000713400000| Untracked 
| 217|0x0000000713500000, 0x0000000713500000, 0x0000000713600000|  0%| F|  |TAMS 0x0000000713500000, 0x0000000713500000| Untracked 
| 218|0x0000000713600000, 0x0000000713600000, 0x0000000713700000|  0%| F|  |TAMS 0x0000000713600000, 0x0000000713600000| Untracked 
| 219|0x0000000713700000, 0x0000000713700000, 0x0000000713800000|  0%| F|  |TAMS 0x0000000713700000, 0x0000000713700000| Untracked 
| 220|0x0000000713800000, 0x0000000713800000, 0x0000000713900000|  0%| F|  |TAMS 0x0000000713800000, 0x0000000713800000| Untracked 
| 221|0x0000000713900000, 0x0000000713900000, 0x0000000713a00000|  0%| F|  |TAMS 0x0000000713900000, 0x0000000713900000| Untracked 
| 222|0x0000000713a00000, 0x0000000713a00000, 0x0000000713b00000|  0%| F|  |TAMS 0x0000000713a00000, 0x0000000713a00000| Untracked 
| 223|0x0000000713b00000, 0x0000000713b00000, 0x0000000713c00000|  0%| F|  |TAMS 0x0000000713b00000, 0x0000000713b00000| Untracked 
| 224|0x0000000713c00000, 0x0000000713c00000, 0x0000000713d00000|  0%| F|  |TAMS 0x0000000713c00000, 0x0000000713c00000| Untracked 
| 225|0x0000000713d00000, 0x0000000713d00000, 0x0000000713e00000|  0%| F|  |TAMS 0x0000000713d00000, 0x0000000713d00000| Untracked 
| 226|0x0000000713e00000, 0x0000000713e00000, 0x0000000713f00000|  0%| F|  |TAMS 0x0000000713e00000, 0x0000000713e00000| Untracked 
| 227|0x0000000713f00000, 0x0000000713f00000, 0x0000000714000000|  0%| F|  |TAMS 0x0000000713f00000, 0x0000000713f00000| Untracked 
| 228|0x0000000714000000, 0x0000000714000000, 0x0000000714100000|  0%| F|  |TAMS 0x0000000714000000, 0x0000000714000000| Untracked 
| 229|0x0000000714100000, 0x0000000714100000, 0x0000000714200000|  0%| F|  |TAMS 0x0000000714100000, 0x0000000714100000| Untracked 
| 230|0x0000000714200000, 0x0000000714200000, 0x0000000714300000|  0%| F|  |TAMS 0x0000000714200000, 0x0000000714200000| Untracked 
| 231|0x0000000714300000, 0x0000000714300000, 0x0000000714400000|  0%| F|  |TAMS 0x0000000714300000, 0x0000000714300000| Untracked 
| 232|0x0000000714400000, 0x0000000714400000, 0x0000000714500000|  0%| F|  |TAMS 0x0000000714400000, 0x0000000714400000| Untracked 
| 233|0x0000000714500000, 0x0000000714500000, 0x0000000714600000|  0%| F|  |TAMS 0x0000000714500000, 0x0000000714500000| Untracked 
| 234|0x0000000714600000, 0x0000000714600000, 0x0000000714700000|  0%| F|  |TAMS 0x0000000714600000, 0x0000000714600000| Untracked 
| 235|0x0000000714700000, 0x0000000714700000, 0x0000000714800000|  0%| F|  |TAMS 0x0000000714700000, 0x0000000714700000| Untracked 
| 236|0x0000000714800000, 0x0000000714800000, 0x0000000714900000|  0%| F|  |TAMS 0x0000000714800000, 0x0000000714800000| Untracked 
| 237|0x0000000714900000, 0x0000000714900000, 0x0000000714a00000|  0%| F|  |TAMS 0x0000000714900000, 0x0000000714900000| Untracked 
| 238|0x0000000714a00000, 0x0000000714a7cbe8, 0x0000000714b00000| 48%| E|  |TAMS 0x0000000714a00000, 0x0000000714a00000| Complete 
| 239|0x0000000714b00000, 0x0000000714c00000, 0x0000000714c00000|100%| E|CS|TAMS 0x0000000714b00000, 0x0000000714b00000| Complete 
| 240|0x0000000714c00000, 0x0000000714d00000, 0x0000000714d00000|100%| E|CS|TAMS 0x0000000714c00000, 0x0000000714c00000| Complete 
| 241|0x0000000714d00000, 0x0000000714e00000, 0x0000000714e00000|100%| E|CS|TAMS 0x0000000714d00000, 0x0000000714d00000| Complete 
| 242|0x0000000714e00000, 0x0000000714f00000, 0x0000000714f00000|100%| E|CS|TAMS 0x0000000714e00000, 0x0000000714e00000| Complete 
| 243|0x0000000714f00000, 0x0000000715000000, 0x0000000715000000|100%| E|CS|TAMS 0x0000000714f00000, 0x0000000714f00000| Complete 
| 244|0x0000000715000000, 0x0000000715100000, 0x0000000715100000|100%| E|CS|TAMS 0x0000000715000000, 0x0000000715000000| Complete 
| 245|0x0000000715100000, 0x0000000715200000, 0x0000000715200000|100%| E|CS|TAMS 0x0000000715100000, 0x0000000715100000| Complete 
| 246|0x0000000715200000, 0x0000000715300000, 0x0000000715300000|100%| E|CS|TAMS 0x0000000715200000, 0x0000000715200000| Complete 
| 247|0x0000000715300000, 0x0000000715400000, 0x0000000715400000|100%| E|CS|TAMS 0x0000000715300000, 0x0000000715300000| Complete 
| 248|0x0000000715400000, 0x0000000715500000, 0x0000000715500000|100%| E|CS|TAMS 0x0000000715400000, 0x0000000715400000| Complete 
| 249|0x0000000715500000, 0x0000000715600000, 0x0000000715600000|100%| E|CS|TAMS 0x0000000715500000, 0x0000000715500000| Complete 
| 250|0x0000000715600000, 0x0000000715700000, 0x0000000715700000|100%| E|CS|TAMS 0x0000000715600000, 0x0000000715600000| Complete 
| 251|0x0000000715700000, 0x0000000715800000, 0x0000000715800000|100%| E|CS|TAMS 0x0000000715700000, 0x0000000715700000| Complete 

Card table byte_map: [0x000002cef8f20000,0x000002cef9700000] _byte_map_base: 0x000002cef56f2000

Marking Bits (Prev, Next): (CMBitMap*) 0x000002cedfbb1458, (CMBitMap*) 0x000002cedfbb1490
 Prev Bits: [0x000002cef9ee0000, 0x000002cefdd70000)
 Next Bits: [0x000002ce80000000, 0x000002ce83e90000)

Polling page: 0x000002cedfc20000

Metaspace:

Usage:
  Non-class:      8.09 MB capacity,     7.97 MB ( 99%) used,   105.48 KB (  1%) free+waste,    17.12 KB ( <1%) overhead. 
      Class:    987.00 KB capacity,   885.04 KB ( 90%) used,    91.84 KB (  9%) free+waste,    10.12 KB (  1%) overhead. 
       Both:      9.06 MB capacity,     8.84 MB ( 98%) used,   197.31 KB (  2%) free+waste,    27.25 KB ( <1%) overhead. 

Virtual space:
  Non-class space:       10.00 MB reserved,       8.25 MB ( 82%) committed 
      Class space:        1.00 GB reserved,       1.00 MB ( <1%) committed 
             Both:        1.01 GB reserved,       9.25 MB ( <1%) committed 

Chunk freelists:
   Non-Class:  4.12 KB
       Class:  640 bytes
        Both:  4.75 KB

CodeHeap 'non-profiled nmethods': size=120000Kb used=248Kb max_used=248Kb free=119751Kb
 bounds [0x000002cef0680000, 0x000002cef08f0000, 0x000002cef7bb0000]
CodeHeap 'profiled nmethods': size=120000Kb used=1009Kb max_used=1009Kb free=118990Kb
 bounds [0x000002cee9150000, 0x000002cee93c0000, 0x000002cef0680000]
CodeHeap 'non-nmethods': size=5760Kb used=1095Kb max_used=1110Kb free=4664Kb
 bounds [0x000002cee8bb0000, 0x000002cee8e20000, 0x000002cee9150000]
 total_blobs=1151 nmethods=753 adapters=310
 compilation: enabled
              stopped_count=0, restarted_count=0
 full_count=0

Compilation events (10 events):
Event: 0.340 Thread 0x000002ce85339800  750       3       jdk.internal.org.objectweb.asm.MethodWriter::visitEnd (1 bytes)
Event: 0.340 Thread 0x000002ce85339800 nmethod 750 0x000002cee9249c10 code [0x000002cee9249da0, 0x000002cee9249e98]
Event: 0.341 Thread 0x000002ce85339800  751       3       java.util.concurrent.ConcurrentHashMap$Traverser::advance (188 bytes)
Event: 0.341 Thread 0x000002ce85337800 nmethod 745 0x000002cef06bc690 code [0x000002cef06bc820, 0x000002cef06bc9a8]
Event: 0.341 Thread 0x000002ce85339800 nmethod 751 0x000002cee9249f10 code [0x000002cee924a160, 0x000002cee924af98]
Event: 0.341 Thread 0x000002ce85339800  752       3       java.util.WeakHashMap::remove (133 bytes)
Event: 0.342 Thread 0x000002ce85339800 nmethod 752 0x000002cee924b290 code [0x000002cee924b4c0, 0x000002cee924bfc8]
Event: 0.343 Thread 0x000002ce855b2800 nmethod 713 0x000002cef06bcb10 code [0x000002cef06bccc0, 0x000002cef06bdaf8]
Event: 0.353 Thread 0x000002ce85339800  753       3       java.util.concurrent.ConcurrentHashMap$BaseIterator::hasNext (13 bytes)
Event: 0.353 Thread 0x000002ce85339800 nmethod 753 0x000002cee924c390 code [0x000002cee924c520, 0x000002cee924c678]

GC Heap History (0 events):
No events

Deoptimization events (10 events):
Event: 0.146 Thread 0x000002cedfb50000 Uncommon trap: reason=unstable_if action=reinterpret pc=0x000002cef069a7f4 method=java.util.HashMap.putVal(ILjava/lang/Object;Ljava/lang/Object;ZZ)Ljava/lang/Object; @ 81 c2
Event: 0.149 Thread 0x000002cedfb50000 Uncommon trap: reason=unstable_if action=reinterpret pc=0x000002cef0683774 method=java.lang.String.isLatin1()Z @ 10 c2
Event: 0.151 Thread 0x000002cedfb50000 Uncommon trap: reason=unstable_if action=reinterpret pc=0x000002cef0695df8 method=java.lang.String.substring(II)Ljava/lang/String; @ 22 c2
Event: 0.234 Thread 0x000002cedfb50000 Uncommon trap: reason=unstable_if action=reinterpret pc=0x000002cef069e970 method=java.lang.String.isEmpty()Z @ 5 c2
Event: 0.237 Thread 0x000002cedfb50000 Uncommon trap: reason=speculate_class_check action=maybe_recompile pc=0x000002cef06a2ed4 method=java.util.HashMap.putVal(ILjava/lang/Object;Ljava/lang/Object;ZZ)Ljava/lang/Object; @ 56 c2
Event: 0.237 Thread 0x000002cedfb50000 Uncommon trap: reason=speculate_class_check action=maybe_recompile pc=0x000002cef06a2ed4 method=java.util.HashMap.putVal(ILjava/lang/Object;Ljava/lang/Object;ZZ)Ljava/lang/Object; @ 56 c2
Event: 0.241 Thread 0x000002cedfb50000 Uncommon trap: reason=speculate_class_check action=maybe_recompile pc=0x000002cef06a2ed4 method=java.util.HashMap.putVal(ILjava/lang/Object;Ljava/lang/Object;ZZ)Ljava/lang/Object; @ 56 c2
Event: 0.241 Thread 0x000002cedfb50000 Uncommon trap: reason=speculate_class_check action=maybe_recompile pc=0x000002cef06a2f98 method=java.util.HashMap.putVal(ILjava/lang/Object;Ljava/lang/Object;ZZ)Ljava/lang/Object; @ 152 c2
Event: 0.241 Thread 0x000002cedfb50000 Uncommon trap: reason=speculate_class_check action=maybe_recompile pc=0x000002cef06a2ed4 method=java.util.HashMap.putVal(ILjava/lang/Object;Ljava/lang/Object;ZZ)Ljava/lang/Object; @ 56 c2
Event: 0.249 Thread 0x000002cedfb50000 Uncommon trap: reason=unstable_if action=reinterpret pc=0x000002cef0692890 method=java.lang.String.isEmpty()Z @ 5 c2

Classes redefined (0 events):
No events

Internal exceptions (9 events):
Event: 0.102 Thread 0x000002cedfb50000 Exception <a 'java/lang/NoSuchMethodError'{0x000000071550a0c0}: 'int java.lang.invoke.DirectMethodHandle$Holder.invokeSpecialIFC(java.lang.Object, java.lang.Object, int)'> (0x000000071550a0c0) thrown at [./open/src/hotspot/share/interpreter/linkResolver.c
Event: 0.239 Thread 0x000002cedfb50000 Exception <a 'java/lang/NoSuchMethodError'{0x0000000714e2c940}: 'void java.lang.invoke.DirectMethodHandle$Holder.invokeStaticInit(java.lang.Object, java.lang.Object)'> (0x0000000714e2c940) thrown at [./open/src/hotspot/share/interpreter/linkResolver.cpp, 
Event: 0.273 Thread 0x000002cedfb50000 Exception <a 'java/lang/NoSuchMethodError'{0x0000000714dc18d8}: 'long java.lang.invoke.DelegatingMethodHandle$Holder.reinvoke_L(java.lang.Object, long, java.lang.Object, java.lang.Object, int, java.lang.Object)'> (0x0000000714dc18d8) thrown at [./open/src
Event: 0.274 Thread 0x000002cedfb50000 Exception <a 'java/lang/NoSuchMethodError'{0x0000000714ddab68}: 'long java.lang.invoke.DelegatingMethodHandle$Holder.reinvoke_L(java.lang.Object, long, int)'> (0x0000000714ddab68) thrown at [./open/src/hotspot/share/interpreter/linkResolver.cpp, line 773]
Event: 0.322 Thread 0x000002cedfb50000 Exception <a 'java/lang/NoSuchMethodError'{0x0000000714c87060}: 'int java.lang.invoke.DirectMethodHandle$Holder.invokeStaticInit(java.lang.Object, java.lang.Object, java.lang.Object)'> (0x0000000714c87060) thrown at [./open/src/hotspot/share/interpreter/l
Event: 0.323 Thread 0x000002cedfb50000 Exception <a 'java/lang/NoSuchMethodError'{0x0000000714c92990}: 'void java.lang.invoke.DirectMethodHandle$Holder.invokeSpecial(java.lang.Object, java.lang.Object)'> (0x0000000714c92990) thrown at [./open/src/hotspot/share/interpreter/linkResolver.cpp, lin
Event: 0.335 Thread 0x000002cedfb50000 Exception <a 'java/lang/NoSuchMethodError'{0x0000000714b32840}: notifyPreferencesChanged> (0x0000000714b32840) thrown at [./open/src/hotspot/share/prims/jni.cpp, line 1338]
Event: 0.339 Thread 0x000002cedfb50000 Exception <a 'java/lang/NoSuchMethodError'{0x0000000714b49ff8}: 'java.lang.Object java.lang.invoke.DirectMethodHandle$Holder.invokeStatic(java.lang.Object, java.lang.Object, int, java.lang.Object)'> (0x0000000714b49ff8) thrown at [./open/src/hotspot/share
Event: 0.339 Thread 0x000002cedfb50000 Exception <a 'java/lang/NoSuchMethodError'{0x0000000714b50ad0}: 'java.lang.Object java.lang.invoke.Invokers$Holder.linkToTargetMethod(java.lang.Object, int, java.lang.Object, java.lang.Object)'> (0x0000000714b50ad0) thrown at [./open/src/hotspot/share/int

Events (10 events):
Event: 0.337 Thread 0x000002ce852cd800 Thread added: 0x000002ce852cd800
Event: 0.339 loading class com/sun/glass/ui/win/WinApplication
Event: 0.339 loading class com/sun/glass/ui/win/WinApplication done
Event: 0.340 loading class com/sun/glass/ui/win/WinApplication
Event: 0.340 loading class com/sun/glass/ui/win/WinApplication done
Event: 0.340 Thread 0x000002ce852d1000 Thread added: 0x000002ce852d1000
Event: 0.341 Executing VM operation: RevokeBias
Event: 0.341 Executing VM operation: RevokeBias done
Event: 0.342 loading class java/lang/NumberFormatException
Event: 0.342 loading class java/lang/NumberFormatException done


Dynamic libraries:
0x00007ff730620000 - 0x00007ff730630000 	C:\Users\Julia\Downloads\jdk-11.0.28_windows-x64_bin\jdk-11.0.28\bin\java.exe
0x00007ffbdf520000 - 0x00007ffbdf788000 	C:\WINDOWS\SYSTEM32\ntdll.dll
0x00007ffbde920000 - 0x00007ffbde9e9000 	C:\WINDOWS\System32\KERNEL32.DLL
0x00007ffbdcab0000 - 0x00007ffbdcea8000 	C:\WINDOWS\System32\KERNELBASE.dll
0x00007ffbdd170000 - 0x00007ffbdd2bb000 	C:\WINDOWS\System32\ucrtbase.dll
0x00007ffbbe740000 - 0x00007ffbbe759000 	C:\Users\Julia\Downloads\jdk-11.0.28_windows-x64_bin\jdk-11.0.28\bin\jli.dll
0x00007ffbdf420000 - 0x00007ffbdf4d4000 	C:\WINDOWS\System32\ADVAPI32.dll
0x00007ffbd4bb0000 - 0x00007ffbd4bcb000 	C:\Users\Julia\Downloads\jdk-11.0.28_windows-x64_bin\jdk-11.0.28\bin\VCRUNTIME140.dll
0x00007ffbdf320000 - 0x00007ffbdf3c9000 	C:\WINDOWS\System32\msvcrt.dll
0x00007ffbdd930000 - 0x00007ffbdd9d6000 	C:\WINDOWS\System32\sechost.dll
0x00007ffbdd810000 - 0x00007ffbdd928000 	C:\WINDOWS\System32\RPCRT4.dll
0x00007ffbde4e0000 - 0x00007ffbde6a7000 	C:\WINDOWS\System32\USER32.dll
0x00007ffbdc730000 - 0x00007ffbdc757000 	C:\WINDOWS\System32\win32u.dll
0x00007ffbdedf0000 - 0x00007ffbdee1b000 	C:\WINDOWS\System32\GDI32.dll
0x00007ffbc6600000 - 0x00007ffbc6894000 	C:\WINDOWS\WinSxS\amd64_microsoft.windows.common-controls_6595b64144ccf1df_6.0.26100.7019_none_3e06ffa0e335b8a8\COMCTL32.dll
0x00007ffbdc810000 - 0x00007ffbdc93c000 	C:\WINDOWS\System32\gdi32full.dll
0x00007ffbdcf40000 - 0x00007ffbdcfe3000 	C:\WINDOWS\System32\msvcp_win.dll
0x00007ffbc7420000 - 0x00007ffbc742b000 	C:\WINDOWS\SYSTEM32\VERSION.dll
0x00007ffbdd660000 - 0x00007ffbdd691000 	C:\WINDOWS\System32\IMM32.DLL
0x00007ffbc2580000 - 0x00007ffbc258c000 	C:\Users\Julia\Downloads\jdk-11.0.28_windows-x64_bin\jdk-11.0.28\bin\vcruntime140_1.dll
0x00007ffb43610000 - 0x00007ffb4369e000 	C:\Users\Julia\Downloads\jdk-11.0.28_windows-x64_bin\jdk-11.0.28\bin\msvcp140.dll
0x00007ffb32a40000 - 0x00007ffb335a3000 	C:\Users\Julia\Downloads\jdk-11.0.28_windows-x64_bin\jdk-11.0.28\bin\server\jvm.dll
0x00007ffbde1d0000 - 0x00007ffbde1d8000 	C:\WINDOWS\System32\PSAPI.DLL
0x00007ffbd0ef0000 - 0x00007ffbd0f25000 	C:\WINDOWS\SYSTEM32\WINMM.dll
0x00007ffbb3910000 - 0x00007ffbb391a000 	C:\WINDOWS\SYSTEM32\WSOCK32.dll
0x00007ffbde9f0000 - 0x00007ffbdea64000 	C:\WINDOWS\System32\WS2_32.dll
0x00007ffbdb3d0000 - 0x00007ffbdb3eb000 	C:\WINDOWS\SYSTEM32\kernel.appcore.dll
0x00007ffbc1520000 - 0x00007ffbc1530000 	C:\Users\Julia\Downloads\jdk-11.0.28_windows-x64_bin\jdk-11.0.28\bin\verify.dll
0x00007ffbd9ec0000 - 0x00007ffbda102000 	C:\WINDOWS\SYSTEM32\DBGHELP.DLL
0x00007ffbdd2d0000 - 0x00007ffbdd65b000 	C:\WINDOWS\System32\combase.dll
0x00007ffbded10000 - 0x00007ffbdede7000 	C:\WINDOWS\System32\OLEAUT32.dll
0x00007ffbbb910000 - 0x00007ffbbb94c000 	C:\WINDOWS\SYSTEM32\dbgcore.DLL
0x00007ffbdc760000 - 0x00007ffbdc805000 	C:\WINDOWS\System32\bcryptPrimitives.dll
0x00007ffb9d150000 - 0x00007ffb9d178000 	C:\Users\Julia\Downloads\jdk-11.0.28_windows-x64_bin\jdk-11.0.28\bin\java.dll
0x00007ffbc14b0000 - 0x00007ffbc14ba000 	C:\Users\Julia\Downloads\jdk-11.0.28_windows-x64_bin\jdk-11.0.28\bin\jimage.dll
0x00007ffbbe720000 - 0x00007ffbbe737000 	C:\Users\Julia\Downloads\jdk-11.0.28_windows-x64_bin\jdk-11.0.28\bin\zip.dll
0x00007ffbdda70000 - 0x00007ffbde1bf000 	C:\WINDOWS\System32\SHELL32.dll
0x00007ffbdc940000 - 0x00007ffbdcaab000 	C:\WINDOWS\System32\wintypes.dll
0x00007ffbda110000 - 0x00007ffbda96d000 	C:\WINDOWS\SYSTEM32\windows.storage.dll
0x00007ffbdeb30000 - 0x00007ffbdec22000 	C:\WINDOWS\System32\SHCORE.dll
0x00007ffbdee20000 - 0x00007ffbdee87000 	C:\WINDOWS\System32\shlwapi.dll
0x00007ffbdc590000 - 0x00007ffbdc5b9000 	C:\WINDOWS\SYSTEM32\profapi.dll
0x00007ffbad1f0000 - 0x00007ffbad209000 	C:\Users\Julia\Downloads\jdk-11.0.28_windows-x64_bin\jdk-11.0.28\bin\net.dll
0x00007ffbd43e0000 - 0x00007ffbd4508000 	C:\WINDOWS\SYSTEM32\WINHTTP.dll
0x00007ffbdb9a0000 - 0x00007ffbdba0b000 	C:\WINDOWS\system32\mswsock.dll
0x00007ffba8b40000 - 0x00007ffba8b52000 	C:\Users\Julia\Downloads\jdk-11.0.28_windows-x64_bin\jdk-11.0.28\bin\nio.dll
0x000002cee1500000 - 0x000002cee1504000 	C:\Users\Julia\Downloads\jdk-11.0.28_windows-x64_bin\jdk-11.0.28\bin\api-ms-win-core-console-l1-1-0.dll
0x000002cee1510000 - 0x000002cee1514000 	C:\Users\Julia\Downloads\jdk-11.0.28_windows-x64_bin\jdk-11.0.28\bin\api-ms-win-core-datetime-l1-1-0.dll
0x000002cee1520000 - 0x000002cee1524000 	C:\Users\Julia\Downloads\jdk-11.0.28_windows-x64_bin\jdk-11.0.28\bin\api-ms-win-core-debug-l1-1-0.dll
0x000002cee1530000 - 0x000002cee1534000 	C:\Users\Julia\Downloads\jdk-11.0.28_windows-x64_bin\jdk-11.0.28\bin\api-ms-win-core-errorhandling-l1-1-0.dll
0x000002cee1540000 - 0x000002cee1545000 	C:\Users\Julia\Downloads\jdk-11.0.28_windows-x64_bin\jdk-11.0.28\bin\api-ms-win-core-file-l1-1-0.dll
0x000002cee1550000 - 0x000002cee1554000 	C:\Users\Julia\Downloads\jdk-11.0.28_windows-x64_bin\jdk-11.0.28\bin\api-ms-win-core-file-l1-2-0.dll
0x000002cee1560000 - 0x000002cee1564000 	C:\Users\Julia\Downloads\jdk-11.0.28_windows-x64_bin\jdk-11.0.28\bin\api-ms-win-core-file-l2-1-0.dll
0x000002cee1570000 - 0x000002cee1574000 	C:\Users\Julia\Downloads\jdk-11.0.28_windows-x64_bin\jdk-11.0.28\bin\api-ms-win-core-handle-l1-1-0.dll
0x000002cee1580000 - 0x000002cee1584000 	C:\Users\Julia\Downloads\jdk-11.0.28_windows-x64_bin\jdk-11.0.28\bin\api-ms-win-core-heap-l1-1-0.dll
0x000002cefff90000 - 0x000002cefff94000 	C:\Users\Julia\Downloads\jdk-11.0.28_windows-x64_bin\jdk-11.0.28\bin\api-ms-win-core-interlocked-l1-1-0.dll
0x000002cefffa0000 - 0x000002cefffa4000 	C:\Users\Julia\Downloads\jdk-11.0.28_windows-x64_bin\jdk-11.0.28\bin\api-ms-win-core-libraryloader-l1-1-0.dll
0x000002cefffb0000 - 0x000002cefffb4000 	C:\Users\Julia\Downloads\jdk-11.0.28_windows-x64_bin\jdk-11.0.28\bin\api-ms-win-core-localization-l1-2-0.dll
0x000002cefffc0000 - 0x000002cefffc4000 	C:\Users\Julia\Downloads\jdk-11.0.28_windows-x64_bin\jdk-11.0.28\bin\api-ms-win-core-memory-l1-1-0.dll
0x000002cefffd0000 - 0x000002cefffd4000 	C:\Users\Julia\Downloads\jdk-11.0.28_windows-x64_bin\jdk-11.0.28\bin\api-ms-win-core-namedpipe-l1-1-0.dll
0x000002cefffe0000 - 0x000002cefffe4000 	C:\Users\Julia\Downloads\jdk-11.0.28_windows-x64_bin\jdk-11.0.28\bin\api-ms-win-core-processenvironment-l1-1-0.dll
0x000002ceffff0000 - 0x000002ceffff4000 	C:\Users\Julia\Downloads\jdk-11.0.28_windows-x64_bin\jdk-11.0.28\bin\api-ms-win-core-processthreads-l1-1-0.dll
0x000002ce86f20000 - 0x000002ce86f24000 	C:\Users\Julia\Downloads\jdk-11.0.28_windows-x64_bin\jdk-11.0.28\bin\api-ms-win-core-processthreads-l1-1-1.dll
0x000002ce86f30000 - 0x000002ce86f34000 	C:\Users\Julia\Downloads\jdk-11.0.28_windows-x64_bin\jdk-11.0.28\bin\api-ms-win-core-profile-l1-1-0.dll
0x000002ce86f40000 - 0x000002ce86f44000 	C:\Users\Julia\Downloads\jdk-11.0.28_windows-x64_bin\jdk-11.0.28\bin\api-ms-win-core-rtlsupport-l1-1-0.dll
0x000002ce86f50000 - 0x000002ce86f54000 	C:\Users\Julia\Downloads\jdk-11.0.28_windows-x64_bin\jdk-11.0.28\bin\api-ms-win-core-string-l1-1-0.dll
0x000002ce86f60000 - 0x000002ce86f64000 	C:\Users\Julia\Downloads\jdk-11.0.28_windows-x64_bin\jdk-11.0.28\bin\api-ms-win-core-synch-l1-1-0.dll
0x000002ce86f70000 - 0x000002ce86f74000 	C:\Users\Julia\Downloads\jdk-11.0.28_windows-x64_bin\jdk-11.0.28\bin\api-ms-win-core-synch-l1-2-0.dll
0x000002ce86f80000 - 0x000002ce86f84000 	C:\Users\Julia\Downloads\jdk-11.0.28_windows-x64_bin\jdk-11.0.28\bin\api-ms-win-core-sysinfo-l1-1-0.dll
0x000002ce86f90000 - 0x000002ce86f94000 	C:\Users\Julia\Downloads\jdk-11.0.28_windows-x64_bin\jdk-11.0.28\bin\api-ms-win-core-timezone-l1-1-0.dll
0x000002ce86fa0000 - 0x000002ce86fa4000 	C:\Users\Julia\Downloads\jdk-11.0.28_windows-x64_bin\jdk-11.0.28\bin\api-ms-win-core-util-l1-1-0.dll
0x000002ce86fb0000 - 0x000002ce86fb4000 	C:\Users\Julia\Downloads\jdk-11.0.28_windows-x64_bin\jdk-11.0.28\bin\api-ms-win-crt-conio-l1-1-0.dll
0x000002ce86fc0000 - 0x000002ce86fc5000 	C:\Users\Julia\Downloads\jdk-11.0.28_windows-x64_bin\jdk-11.0.28\bin\api-ms-win-crt-convert-l1-1-0.dll
0x000002ce86fd0000 - 0x000002ce86fd4000 	C:\Users\Julia\Downloads\jdk-11.0.28_windows-x64_bin\jdk-11.0.28\bin\api-ms-win-crt-environment-l1-1-0.dll
0x000002ce86fe0000 - 0x000002ce86fe4000 	C:\Users\Julia\Downloads\jdk-11.0.28_windows-x64_bin\jdk-11.0.28\bin\api-ms-win-crt-filesystem-l1-1-0.dll
0x000002ce86ff0000 - 0x000002ce86ff4000 	C:\Users\Julia\Downloads\jdk-11.0.28_windows-x64_bin\jdk-11.0.28\bin\api-ms-win-crt-heap-l1-1-0.dll
0x000002ce87000000 - 0x000002ce87004000 	C:\Users\Julia\Downloads\jdk-11.0.28_windows-x64_bin\jdk-11.0.28\bin\api-ms-win-crt-locale-l1-1-0.dll
0x000002ce87010000 - 0x000002ce87016000 	C:\Users\Julia\Downloads\jdk-11.0.28_windows-x64_bin\jdk-11.0.28\bin\api-ms-win-crt-math-l1-1-0.dll
0x000002ce87020000 - 0x000002ce87026000 	C:\Users\Julia\Downloads\jdk-11.0.28_windows-x64_bin\jdk-11.0.28\bin\api-ms-win-crt-multibyte-l1-1-0.dll
0x000002ce87030000 - 0x000002ce87041000 	C:\Users\Julia\Downloads\jdk-11.0.28_windows-x64_bin\jdk-11.0.28\bin\api-ms-win-crt-private-l1-1-0.dll
0x000002ce87050000 - 0x000002ce87054000 	C:\Users\Julia\Downloads\jdk-11.0.28_windows-x64_bin\jdk-11.0.28\bin\api-ms-win-crt-process-l1-1-0.dll
0x000002ce87060000 - 0x000002ce87065000 	C:\Users\Julia\Downloads\jdk-11.0.28_windows-x64_bin\jdk-11.0.28\bin\api-ms-win-crt-runtime-l1-1-0.dll
0x000002ce87070000 - 0x000002ce87075000 	C:\Users\Julia\Downloads\jdk-11.0.28_windows-x64_bin\jdk-11.0.28\bin\api-ms-win-crt-stdio-l1-1-0.dll
0x000002ce87080000 - 0x000002ce87085000 	C:\Users\Julia\Downloads\jdk-11.0.28_windows-x64_bin\jdk-11.0.28\bin\api-ms-win-crt-string-l1-1-0.dll
0x000002ce87090000 - 0x000002ce87094000 	C:\Users\Julia\Downloads\jdk-11.0.28_windows-x64_bin\jdk-11.0.28\bin\api-ms-win-crt-time-l1-1-0.dll
0x000002ce870a0000 - 0x000002ce870a4000 	C:\Users\Julia\Downloads\jdk-11.0.28_windows-x64_bin\jdk-11.0.28\bin\api-ms-win-crt-utility-l1-1-0.dll
0x00007ffb434f0000 - 0x00007ffb43601000 	C:\Users\Julia\Downloads\jdk-11.0.28_windows-x64_bin\jdk-11.0.28\bin\ucrtbase.dll
0x00007ffb87b10000 - 0x00007ffb87b61000 	C:\Users\Julia\.openjfx\cache\11.0.2\concrt140.dll
0x00007ffb90e50000 - 0x00007ffb90e80000 	C:\Users\Julia\Downloads\openjfx-25.0.1_windows-x64_bin-sdk\javafx-sdk-25.0.1\bin\prism_d3d.dll
0x00007ffb85970000 - 0x00007ffb85b20000 	C:\WINDOWS\system32\d3d9.dll
0x00007ffbd9720000 - 0x00007ffbd9750000 	C:\WINDOWS\SYSTEM32\dwmapi.dll
0x00007ffbd9550000 - 0x00007ffbd9593000 	C:\WINDOWS\SYSTEM32\dxcore.dll
0x00007ffbd9450000 - 0x00007ffbd94fa000 	C:\WINDOWS\system32\uxtheme.dll
0x00007ffb327c0000 - 0x00007ffb32a36000 	C:\WINDOWS\System32\DriverStore\FileRepository\iigd_dch.inf_amd64_c2201cfb126f0796\igdumdim64.dll
0x00007ffbde780000 - 0x00007ffbde917000 	C:\WINDOWS\System32\ole32.dll
0x00007ffb31280000 - 0x00007ffb327bc000 	C:\WINDOWS\System32\DriverStore\FileRepository\iigd_dch.inf_amd64_c2201cfb126f0796\igd9trinity64.dll
0x00007ffbd95c0000 - 0x00007ffbd96f9000 	C:\WINDOWS\system32\dxgi.dll
0x00007ffbdc4f0000 - 0x00007ffbdc54e000 	C:\WINDOWS\SYSTEM32\powrprof.dll
0x00007ffbdc4b0000 - 0x00007ffbdc4c4000 	C:\WINDOWS\SYSTEM32\UMPDC.dll
0x00007ffbd07a0000 - 0x00007ffbd0be2000 	C:\WINDOWS\System32\DriverStore\FileRepository\iigd_dch.inf_amd64_c2201cfb126f0796\igdgmm64.dll
0x00007ffbd05f0000 - 0x00007ffbd0616000 	C:\WINDOWS\System32\DriverStore\FileRepository\iigd_dch.inf_amd64_c2201cfb126f0796\igc64.dll
0x00007ffb8fb20000 - 0x00007ffb8fb6d000 	C:\WINDOWS\SYSTEM32\ControlLib.dll
0x00007ffbdc1c0000 - 0x00007ffbdc217000 	C:\WINDOWS\SYSTEM32\CFGMGR32.dll
0x00007ffbd0d60000 - 0x00007ffbd0dfd000 	C:\WINDOWS\System32\DriverStore\FileRepository\iigd_dch.inf_amd64_c2201cfb126f0796\IntelControlLib.dll
0x00007ffbd4180000 - 0x00007ffbd41e3000 	C:\WINDOWS\SYSTEM32\directxdatabasehelper.dll
0x00007ffb2fd50000 - 0x00007ffb31279000 	C:\WINDOWS\System32\DriverStore\FileRepository\iigd_dch.inf_amd64_c2201cfb126f0796\igd9dxva64.dll
0x00007ffbdee90000 - 0x00007ffbdf31a000 	C:\WINDOWS\System32\SETUPAPI.dll
0x00007ffbbc000000 - 0x00007ffbbdd2e000 	C:\WINDOWS\System32\DriverStore\FileRepository\iigd_dch.inf_amd64_c2201cfb126f0796\media_bin_64.dll
0x00007ffb86690000 - 0x00007ffb866d9000 	C:\Users\Julia\Downloads\openjfx-25.0.1_windows-x64_bin-sdk\javafx-sdk-25.0.1\bin\glass.dll
0x00007ffbde3d0000 - 0x00007ffbde4c2000 	C:\WINDOWS\System32\COMDLG32.dll
0x00007ffbdea70000 - 0x00007ffbdeb20000 	C:\WINDOWS\System32\clbcatq.dll
0x00007ffbb8ee0000 - 0x00007ffbb9030000 	C:\Windows\System32\Windows.UI.dll
0x00007ffbabdf0000 - 0x00007ffbabeab000 	C:\Windows\System32\Windows.Networking.Connectivity.dll
0x00007ffbc9380000 - 0x00007ffbc95c4000 	C:\Windows\System32\twinapi.appcore.dll
0x00007ffbdd6a0000 - 0x00007ffbdd7fe000 	C:\WINDOWS\System32\MSCTF.dll

dbghelp: loaded successfully - version: 4.0.5 - missing functions: none
symbol engine: initialized successfully - sym options: 0x614 - pdb path: .;C:\Users\Julia\Downloads\jdk-11.0.28_windows-x64_bin\jdk-11.0.28\bin;C:\WINDOWS\SYSTEM32;C:\WINDOWS\WinSxS\amd64_microsoft.windows.common-controls_6595b64144ccf1df_6.0.26100.7019_none_3e06ffa0e335b8a8;C:\Users\Julia\Downloads\jdk-11.0.28_windows-x64_bin\jdk-11.0.28\bin\server;C:\Users\Julia\.openjfx\cache\11.0.2;C:\Users\Julia\Downloads\openjfx-25.0.1_windows-x64_bin-sdk\javafx-sdk-25.0.1\bin;C:\WINDOWS\System32\DriverStore\FileRepository\iigd_dch.inf_amd64_c2201cfb126f0796

VM Arguments:
jvm_args: --module-path=C:\Users\Julia\.m2\repository\org\openjfx\javafx-base\11.0.2\javafx-base-11.0.2-win.jar;C:\Users\Julia\.m2\repository\org\openjfx\javafx-base\11.0.2\javafx-base-11.0.2.jar;C:\Users\Julia\.m2\repository\org\openjfx\javafx-controls\11.0.2\javafx-controls-11.0.2-win.jar;C:\Users\Julia\.m2\repository\org\openjfx\javafx-controls\11.0.2\javafx-controls-11.0.2.jar;C:\Users\Julia\.m2\repository\org\openjfx\javafx-fxml\11.0.2\javafx-fxml-11.0.2-win.jar;C:\Users\Julia\.m2\repository\org\openjfx\javafx-fxml\11.0.2\javafx-fxml-11.0.2.jar;C:\Users\Julia\.m2\repository\org\openjfx\javafx-graphics\11.0.2\javafx-graphics-11.0.2-win.jar;C:\Users\Julia\.m2\repository\org\openjfx\javafx-graphics\11.0.2\javafx-graphics-11.0.2.jar --add-modules=javafx.base,javafx.controls,javafx.fxml,javafx.graphics 
java_command: com.pokearena.view.MenuPrincipal
java_class_path (initial): C:\Users\Julia\Documents\Workspace Julia\pokearena\target\classes;C:\Users\Julia\.m2\repository\org\apache\httpcomponents\client5\httpclient5\5.2.1\httpclient5-5.2.1.jar;C:\Users\Julia\.m2\repository\org\apache\httpcomponents\core5\httpcore5\5.2\httpcore5-5.2.jar;C:\Users\Julia\.m2\repository\org\apache\httpcomponents\core5\httpcore5-h2\5.2\httpcore5-h2-5.2.jar;C:\Users\Julia\.m2\repository\org\checkerframework\checker-qual\3.42.0\checker-qual-3.42.0.jar;C:\Users\Julia\.m2\repository\org\json\json\20240303\json-20240303.jar;C:\Users\Julia\.m2\repository\org\postgresql\postgresql\42.7.3\postgresql-42.7.3.jar;C:\Users\Julia\.m2\repository\org\slf4j\slf4j-api\1.7.36\slf4j-api-1.7.36.jar
Launcher Type: SUN_STANDARD

[Global flags]
     intx CICompilerCount                          = 4                                         {product} {ergonomic}
     uint ConcGCThreads                            = 3                                         {product} {ergonomic}
     uint G1ConcRefinementThreads                  = 10                                        {product} {ergonomic}
   size_t G1HeapRegionSize                         = 1048576                                   {product} {ergonomic}
    uintx GCDrainStackTargetSize                   = 64                                        {product} {ergonomic}
   size_t InitialHeapSize                          = 264241152                                 {product} {ergonomic}
   size_t MarkStackSize                            = 4194304                                   {product} {ergonomic}
   size_t MaxHeapSize                              = 4198498304                                {product} {ergonomic}
   size_t MaxNewSize                               = 2518679552                                {product} {ergonomic}
   size_t MinHeapDeltaBytes                        = 1048576                                   {product} {ergonomic}
    uintx NonNMethodCodeHeapSize                   = 5836300                                {pd product} {ergonomic}
    uintx NonProfiledCodeHeapSize                  = 122910970                              {pd product} {ergonomic}
    uintx ProfiledCodeHeapSize                     = 122910970                              {pd product} {ergonomic}
    uintx ReservedCodeCacheSize                    = 251658240                              {pd product} {ergonomic}
     bool SegmentedCodeCache                       = true                                      {product} {ergonomic}
     bool UseCompressedClassPointers               = true                                 {lp64_product} {ergonomic}
     bool UseCompressedOops                        = true                                 {lp64_product} {ergonomic}
     bool UseG1GC                                  = true                                      {product} {ergonomic}
     bool UseLargePagesIndividualAllocation        = false                                  {pd product} {ergonomic}

Logging:
Log output configuration:
 #0: stdout all=warning uptime,level,tags
 #1: stderr all=off uptime,level,tags

Environment Variables:
JAVA_HOME=C:\Users\Julia\Downloads\jdk-11.0.28_windows-x64_bin\jdk-11.0.28
PATH=C:\Users\Julia\Downloads\jdk-11.0.28_windows-x64_bin\jdk-11.0.28\bin;C:\Users\Julia\Downloads\openjfx-25.0.1_windows-x64_bin-sdk\javafx-sdk-25.0.1\bin;C:\Program Files (x86)\Common Files\Oracle\Java\javapath;C:\WINDOWS\system32;C:\WINDOWS;C:\WINDOWS\System32\Wbem;C:\WINDOWS\System32\WindowsPowerShell\v1.0\;C:\WINDOWS\System32\OpenSSH\;C:\Program Files\cursor\resources\app\bin;C:\Program Files\Git\cmd;C:\Users\Julia\Downloads\apache-maven-3.9.11-bin\apache-maven-3.9.11\bin;C:\Users\Julia\AppData\Local\Microsoft\WindowsApps;c:\Users\Julia\.cursor\extensions\vscjava.vscode-java-debug-0.58.3-universal\bundled\scripts\noConfigScripts
USERNAME=Julia
OS=Windows_NT
PROCESSOR_IDENTIFIER=Intel64 Family 6 Model 186 Stepping 3, GenuineIntel



---------------  S Y S T E M  ---------------

OS: Windows 11 , 64 bit Build 26100 (10.0.26100.7019)

CPU:total 12 (initial active 12) (6 cores per cpu, 2 threads per core) family 6 model 186 stepping 3 microcode 0x4124, cmov, cx8, fxsr, mmx, sse, sse2, sse3, ssse3, sse4.1, sse4.2, popcnt, avx, avx2, aes, clmul, erms, 3dnowpref, lzcnt, ht, tsc, tscinvbit, bmi1, bmi2, adx, sha, fma

Memory: 4k page, system-wide physical 16009M (6890M free)
TotalPageFile size 18953M (AvailPageFile size 7718M)
current process WorkingSet (physical memory assigned to process): 84M, peak: 84M
current process commit charge ("private bytes"): 370M, peak: 370M

vm_info: Java HotSpot(TM) 64-Bit Server VM (11.0.28+12-LTS-279) for windows-amd64 JRE (11.0.28+12-LTS-279), built on Jun 27 2025 10:10:38 by "mach5one" with MS VC++ 17.6 (VS2022)

END.
