#
# A fatal error has been detected by the Java Runtime Environment:
#
#  EXCEPTION_ACCESS_VIOLATION (0xc0000005) at pc=0x00007ffb46083924, pid=12876, tid=3544
#
# JRE version: Java(TM) SE Runtime Environment 18.9 (11.0.28+12) (build 11.0.28+12-LTS-279)
# Java VM: Java HotSpot(TM) 64-Bit Server VM 18.9 (11.0.28+12-LTS-279, mixed mode, tiered, compressed oops, g1 gc, windows-amd64)
# Problematic frame:
# V  [jvm.dll+0x3c3924]
#
# No core dump will be written. Minidumps are not enabled by default on client versions of Windows
#
# If you would like to submit a bug report, please visit:
#   https://bugreport.java.com/bugreport/crash.jsp
#

---------------  S U M M A R Y ------------

Command Line: --module-path=C:\Users\Julia\.m2\repository\org\openjfx\javafx-base\11.0.2\javafx-base-11.0.2-win.jar;C:\Users\Julia\.m2\repository\org\openjfx\javafx-base\11.0.2\javafx-base-11.0.2.jar;C:\Users\Julia\.m2\repository\org\openjfx\javafx-controls\11.0.2\javafx-controls-11.0.2-win.jar;C:\Users\Julia\.m2\repository\org\openjfx\javafx-controls\11.0.2\javafx-controls-11.0.2.jar;C:\Users\Julia\.m2\repository\org\openjfx\javafx-fxml\11.0.2\javafx-fxml-11.0.2-win.jar;C:\Users\Julia\.m2\repository\org\openjfx\javafx-fxml\11.0.2\javafx-fxml-11.0.2.jar;C:\Users\Julia\.m2\repository\org\openjfx\javafx-graphics\11.0.2\javafx-graphics-11.0.2-win.jar;C:\Users\Julia\.m2\repository\org\openjfx\javafx-graphics\11.0.2\javafx-graphics-11.0.2.jar --add-modules=javafx.base,javafx.controls,javafx.fxml,javafx.graphics com.pokearena.view.MenuPrincipal

Host: 13th Gen Intel(R) Core(TM) i5-1334U, 12 cores, 15G,  Windows 11 , 64 bit Build 26100 (10.0.26100.7019)
Time: Mon Nov 17 20:32:35 2025 Hora oficial do Brasil elapsed time: 2.822445 seconds (0d 0h 0m 2s)

---------------  T H R E A D  ---------------

Current thread (0x000002bf45bb3800):  JavaThread "WindowsNativeRunloopThread" [_thread_in_vm, id=3544, stack(0x000000c3f9100000,0x000000c3f9200000)]

Stack: [0x000000c3f9100000,0x000000c3f9200000],  sp=0x000000c3f91ff580,  free space=1021k
Native frames: (J=compiled Java code, j=interpreted, Vv=VM code, C=native code)
V  [jvm.dll+0x3c3924]
C  [glass.dll+0x54d0]

Java frames: (J=compiled Java code, j=interpreted, Vv=VM code)
j  com.sun.glass.ui.win.WinApplication._runLoop(Ljava/lang/Runnable;)V+0 javafx.graphics
j  com.sun.glass.ui.win.WinApplication.lambda$runLoop$3(ILjava/lang/Runnable;)V+8 javafx.graphics
j  com.sun.glass.ui.win.WinApplication$$Lambda$89.run()V+12 javafx.graphics
j  java.lang.Thread.run()V+11 java.base@11.0.28
v  ~StubRoutines::call_stub

siginfo: EXCEPTION_ACCESS_VIOLATION (0xc0000005), reading address 0x0000000000000000


Register to memory mapping:

RIP=0x00007ffb46083924 jvm.dll
RAX=0x0 is NULL
RBX=0x000002bf45bb3800 is a thread
RCX=0x000002bf45bb3800 is a thread
RDX=0x0000000000000006 is an unknown value
RSP=0x000000c3f91ff580 is pointing into the stack for thread: 0x000002bf45bb3800
RBP=0x000000c3f91ff688 is pointing into the stack for thread: 0x000002bf45bb3800
RSI=0x0 is NULL
RDI=0x000002bf45bb3b48 points into unknown readable memory: 0x00007ffb466eed40 | 40 ed 6e 46 fb 7f 00 00
R8 =0x0 is NULL
R9 =0x000000c3f91ff688 is pointing into the stack for thread: 0x000002bf45bb3800
R10=0x00007ffb460838b0 jvm.dll
R11=0x0000000000000246 is an unknown value
R12=0x0 is NULL
R13={method} {0x000002bf44e57bf0} '_runLoop' '(Ljava/lang/Runnable;)V' in 'com/sun/glass/ui/win/WinApplication'
R14=0x000000c3f91ff768 is pointing into the stack for thread: 0x000002bf45bb3800
R15=0x000002bf45bb3800 is a thread


Registers:
RAX=0x0000000000000000, RBX=0x000002bf45bb3800, RCX=0x000002bf45bb3800, RDX=0x0000000000000006
RSP=0x000000c3f91ff580, RBP=0x000000c3f91ff688, RSI=0x0000000000000000, RDI=0x000002bf45bb3b48
R8 =0x0000000000000000, R9 =0x000000c3f91ff688, R10=0x00007ffb460838b0, R11=0x0000000000000246
R12=0x0000000000000000, R13=0x000002bf44e57be8, R14=0x000000c3f91ff768, R15=0x000002bf45bb3800
RIP=0x00007ffb46083924, EFLAGS=0x0000000000010246

Top of Stack: (sp=0x000000c3f91ff580)
0x000000c3f91ff580:   000002bf45bb3800 00007ffbdf5c3041
0x000000c3f91ff590:   00007ffb00000004 00007ffb00000000
0x000000c3f91ff5a0:   0000000000000000 000000c3f91ff5b8
0x000000c3f91ff5b0:   0000000000000000 00007ffbdf5c3041
0x000000c3f91ff5c0:   00007ffbde867590 0000000000000000
0x000000c3f91ff5d0:   000002bf45bb3800 0000000000000000
0x000000c3f91ff5e0:   000002bf46020830 00007ffbde530ccc
0x000000c3f91ff5f0:   0000000000000000 00007ffbde88a660
0x000000c3f91ff600:   000002bf46020830 00007ffbdd3ac1af
0x000000c3f91ff610:   000002bf45bb3800 0000000000000001
0x000000c3f91ff620:   000002bf45bb3800 000000c3f91ff770
0x000000c3f91ff630:   000002bf45bb3b48 00007ffb90ca54d0
0x000000c3f91ff640:   0000000000000000 000000c3f91ff748
0x000000c3f91ff650:   000000c3f91ff768 000002bf46020830
0x000000c3f91ff660:   000000c3f91ff770 00007ffb90caade6
0x000000c3f91ff670:   000002bf44e57be8 000000c3f91ff748 

Instructions: (pc=0x00007ffb46083924)
0x00007ffb46083904:   ff 48 83 7b 08 00 48 89 5c 24 50 48 c7 44 24 58
0x00007ffb46083914:   00 00 00 00 74 0a 48 8d 4c 24 50 e8 9c 70 2c 00
0x00007ffb46083924:   48 8b 06 48 8d 4c 24 70 c7 44 24 40 0e 00 00 00
0x00007ffb46083934:   48 8b 50 08 0f b7 42 2c 48 8b 52 08 48 8b 54 c2 


Stack slot to memory mapping:
stack at sp + 0 slots: 0x000002bf45bb3800 is a thread
stack at sp + 1 slots: 0x00007ffbdf5c3041 ntdll.dll
stack at sp + 2 slots: 0x00007ffb00000004 is an unknown value
stack at sp + 3 slots: 0x00007ffb00000000 is an unknown value
stack at sp + 4 slots: 0x0 is NULL
stack at sp + 5 slots: 0x000000c3f91ff5b8 is pointing into the stack for thread: 0x000002bf45bb3800
stack at sp + 6 slots: 0x0 is NULL
stack at sp + 7 slots: 0x00007ffbdf5c3041 ntdll.dll


---------------  P R O C E S S  ---------------

Threads class SMR info:
_java_thread_list=0x000002bf45ed3560, length=13, elements={
0x000002bf21065000, 0x000002bf44f4b000, 0x000002bf44f4c800, 0x000002bf44fbc000,
0x000002bf44fbe800, 0x000002bf44fbf800, 0x000002bf44f68800, 0x000002bf44f6a800,
0x000002bf44f70000, 0x000002bf44662000, 0x000002bf455f7000, 0x000002bf45f8b800,
0x000002bf45bb3800
}

Java Threads: ( => current thread )
  0x000002bf21065000 JavaThread "main" [_thread_blocked, id=17292, stack(0x000000c3f7e00000,0x000000c3f7f00000)]
  0x000002bf44f4b000 JavaThread "Reference Handler" daemon [_thread_blocked, id=10616, stack(0x000000c3f8500000,0x000000c3f8600000)]
  0x000002bf44f4c800 JavaThread "Finalizer" daemon [_thread_blocked, id=11072, stack(0x000000c3f8600000,0x000000c3f8700000)]
  0x000002bf44fbc000 JavaThread "Signal Dispatcher" daemon [_thread_blocked, id=16352, stack(0x000000c3f8700000,0x000000c3f8800000)]
  0x000002bf44fbe800 JavaThread "Attach Listener" daemon [_thread_blocked, id=17036, stack(0x000000c3f8800000,0x000000c3f8900000)]
  0x000002bf44fbf800 JavaThread "Service Thread" daemon [_thread_blocked, id=15668, stack(0x000000c3f8900000,0x000000c3f8a00000)]
  0x000002bf44f68800 JavaThread "C2 CompilerThread0" daemon [_thread_blocked, id=16112, stack(0x000000c3f8a00000,0x000000c3f8b00000)]
  0x000002bf44f6a800 JavaThread "C1 CompilerThread0" daemon [_thread_blocked, id=7596, stack(0x000000c3f8b00000,0x000000c3f8c00000)]
  0x000002bf44f70000 JavaThread "Sweeper thread" daemon [_thread_blocked, id=11456, stack(0x000000c3f8c00000,0x000000c3f8d00000)]
  0x000002bf44662000 JavaThread "Common-Cleaner" daemon [_thread_blocked, id=14360, stack(0x000000c3f8d00000,0x000000c3f8e00000)]
  0x000002bf455f7000 JavaThread "QuantumRenderer-0" daemon [_thread_blocked, id=15312, stack(0x000000c3f8e00000,0x000000c3f8f00000)]
  0x000002bf45f8b800 JavaThread "InvokeLaterDispatcher" daemon [_thread_blocked, id=12432, stack(0x000000c3f8f00000,0x000000c3f9000000)]
=>0x000002bf45bb3800 JavaThread "WindowsNativeRunloopThread" [_thread_in_vm, id=3544, stack(0x000000c3f9100000,0x000000c3f9200000)]

Other Threads:
  0x000002bf44f49000 VMThread "VM Thread" [stack: 0x000000c3f8400000,0x000000c3f8500000] [id=6096]
  0x000002bf45916000 WatcherThread [stack: 0x000000c3f9000000,0x000000c3f9100000] [id=12292]
  0x000002bf21076000 GCTaskThread "GC Thread#0" [stack: 0x000000c3f7f00000,0x000000c3f8000000] [id=13968]
  0x000002bf210d1000 ConcurrentGCThread "G1 Main Marker" [stack: 0x000000c3f8000000,0x000000c3f8100000] [id=13064]
  0x000002bf210d3000 ConcurrentGCThread "G1 Conc#0" [stack: 0x000000c3f8100000,0x000000c3f8200000] [id=12532]
  0x000002bf44590000 ConcurrentGCThread "G1 Refine#0" [stack: 0x000000c3f8200000,0x000000c3f8300000] [id=11124]
  0x000002bf44591000 ConcurrentGCThread "G1 Young RemSet Sampling" [stack: 0x000000c3f8300000,0x000000c3f8400000] [id=8380]

Threads with active compile tasks:

VM state:not at safepoint (normal execution)

VM Mutex/Monitor currently owned by a thread: None

Heap address: 0x0000000705c00000, size: 4004 MB, Compressed Oops mode: Zero based, Oop shift amount: 3
Narrow klass base: 0x0000000800000000, Narrow klass shift: 0
Compressed class space size: 1073741824 Address: 0x0000000800000000

Heap:
 garbage-first heap   total 258048K, used 13312K [0x0000000705c00000, 0x0000000800000000)
  region size 1024K, 14 young (14336K), 0 survivors (0K)
 Metaspace       used 9039K, capacity 9274K, committed 9472K, reserved 1058816K
  class space    used 886K, capacity 987K, committed 1024K, reserved 1048576K
Heap Regions: E=young(eden), S=young(survivor), O=old, HS=humongous(starts), HC=humongous(continues), CS=collection set, F=free, A=archive, TAMS=top-at-mark-start (previous, next)
|   0|0x0000000705c00000, 0x0000000705c00000, 0x0000000705d00000|  0%| F|  |TAMS 0x0000000705c00000, 0x0000000705c00000| Untracked 
|   1|0x0000000705d00000, 0x0000000705d00000, 0x0000000705e00000|  0%| F|  |TAMS 0x0000000705d00000, 0x0000000705d00000| Untracked 
|   2|0x0000000705e00000, 0x0000000705e00000, 0x0000000705f00000|  0%| F|  |TAMS 0x0000000705e00000, 0x0000000705e00000| Untracked 
|   3|0x0000000705f00000, 0x0000000705f00000, 0x0000000706000000|  0%| F|  |TAMS 0x0000000705f00000, 0x0000000705f00000| Untracked 
|   4|0x0000000706000000, 0x0000000706000000, 0x0000000706100000|  0%| F|  |TAMS 0x0000000706000000, 0x0000000706000000| Untracked 
|   5|0x0000000706100000, 0x0000000706100000, 0x0000000706200000|  0%| F|  |TAMS 0x0000000706100000, 0x0000000706100000| Untracked 
|   6|0x0000000706200000, 0x0000000706200000, 0x0000000706300000|  0%| F|  |TAMS 0x0000000706200000, 0x0000000706200000| Untracked 
|   7|0x0000000706300000, 0x0000000706300000, 0x0000000706400000|  0%| F|  |TAMS 0x0000000706300000, 0x0000000706300000| Untracked 
|   8|0x0000000706400000, 0x0000000706400000, 0x0000000706500000|  0%| F|  |TAMS 0x0000000706400000, 0x0000000706400000| Untracked 
|   9|0x0000000706500000, 0x0000000706500000, 0x0000000706600000|  0%| F|  |TAMS 0x0000000706500000, 0x0000000706500000| Untracked 
|  10|0x0000000706600000, 0x0000000706600000, 0x0000000706700000|  0%| F|  |TAMS 0x0000000706600000, 0x0000000706600000| Untracked 
|  11|0x0000000706700000, 0x0000000706700000, 0x0000000706800000|  0%| F|  |TAMS 0x0000000706700000, 0x0000000706700000| Untracked 
|  12|0x0000000706800000, 0x0000000706800000, 0x0000000706900000|  0%| F|  |TAMS 0x0000000706800000, 0x0000000706800000| Untracked 
|  13|0x0000000706900000, 0x0000000706900000, 0x0000000706a00000|  0%| F|  |TAMS 0x0000000706900000, 0x0000000706900000| Untracked 
|  14|0x0000000706a00000, 0x0000000706a00000, 0x0000000706b00000|  0%| F|  |TAMS 0x0000000706a00000, 0x0000000706a00000| Untracked 
|  15|0x0000000706b00000, 0x0000000706b00000, 0x0000000706c00000|  0%| F|  |TAMS 0x0000000706b00000, 0x0000000706b00000| Untracked 
|  16|0x0000000706c00000, 0x0000000706c00000, 0x0000000706d00000|  0%| F|  |TAMS 0x0000000706c00000, 0x0000000706c00000| Untracked 
|  17|0x0000000706d00000, 0x0000000706d00000, 0x0000000706e00000|  0%| F|  |TAMS 0x0000000706d00000, 0x0000000706d00000| Untracked 
|  18|0x0000000706e00000, 0x0000000706e00000, 0x0000000706f00000|  0%| F|  |TAMS 0x0000000706e00000, 0x0000000706e00000| Untracked 
|  19|0x0000000706f00000, 0x0000000706f00000, 0x0000000707000000|  0%| F|  |TAMS 0x0000000706f00000, 0x0000000706f00000| Untracked 
|  20|0x0000000707000000, 0x0000000707000000, 0x0000000707100000|  0%| F|  |TAMS 0x0000000707000000, 0x0000000707000000| Untracked 
|  21|0x0000000707100000, 0x0000000707100000, 0x0000000707200000|  0%| F|  |TAMS 0x0000000707100000, 0x0000000707100000| Untracked 
|  22|0x0000000707200000, 0x0000000707200000, 0x0000000707300000|  0%| F|  |TAMS 0x0000000707200000, 0x0000000707200000| Untracked 
|  23|0x0000000707300000, 0x0000000707300000, 0x0000000707400000|  0%| F|  |TAMS 0x0000000707300000, 0x0000000707300000| Untracked 
|  24|0x0000000707400000, 0x0000000707400000, 0x0000000707500000|  0%| F|  |TAMS 0x0000000707400000, 0x0000000707400000| Untracked 
|  25|0x0000000707500000, 0x0000000707500000, 0x0000000707600000|  0%| F|  |TAMS 0x0000000707500000, 0x0000000707500000| Untracked 
|  26|0x0000000707600000, 0x0000000707600000, 0x0000000707700000|  0%| F|  |TAMS 0x0000000707600000, 0x0000000707600000| Untracked 
|  27|0x0000000707700000, 0x0000000707700000, 0x0000000707800000|  0%| F|  |TAMS 0x0000000707700000, 0x0000000707700000| Untracked 
|  28|0x0000000707800000, 0x0000000707800000, 0x0000000707900000|  0%| F|  |TAMS 0x0000000707800000, 0x0000000707800000| Untracked 
|  29|0x0000000707900000, 0x0000000707900000, 0x0000000707a00000|  0%| F|  |TAMS 0x0000000707900000, 0x0000000707900000| Untracked 
|  30|0x0000000707a00000, 0x0000000707a00000, 0x0000000707b00000|  0%| F|  |TAMS 0x0000000707a00000, 0x0000000707a00000| Untracked 
|  31|0x0000000707b00000, 0x0000000707b00000, 0x0000000707c00000|  0%| F|  |TAMS 0x0000000707b00000, 0x0000000707b00000| Untracked 
|  32|0x0000000707c00000, 0x0000000707c00000, 0x0000000707d00000|  0%| F|  |TAMS 0x0000000707c00000, 0x0000000707c00000| Untracked 
|  33|0x0000000707d00000, 0x0000000707d00000, 0x0000000707e00000|  0%| F|  |TAMS 0x0000000707d00000, 0x0000000707d00000| Untracked 
|  34|0x0000000707e00000, 0x0000000707e00000, 0x0000000707f00000|  0%| F|  |TAMS 0x0000000707e00000, 0x0000000707e00000| Untracked 
|  35|0x0000000707f00000, 0x0000000707f00000, 0x0000000708000000|  0%| F|  |TAMS 0x0000000707f00000, 0x0000000707f00000| Untracked 
|  36|0x0000000708000000, 0x0000000708000000, 0x0000000708100000|  0%| F|  |TAMS 0x0000000708000000, 0x0000000708000000| Untracked 
|  37|0x0000000708100000, 0x0000000708100000, 0x0000000708200000|  0%| F|  |TAMS 0x0000000708100000, 0x0000000708100000| Untracked 
|  38|0x0000000708200000, 0x0000000708200000, 0x0000000708300000|  0%| F|  |TAMS 0x0000000708200000, 0x0000000708200000| Untracked 
|  39|0x0000000708300000, 0x0000000708300000, 0x0000000708400000|  0%| F|  |TAMS 0x0000000708300000, 0x0000000708300000| Untracked 
|  40|0x0000000708400000, 0x0000000708400000, 0x0000000708500000|  0%| F|  |TAMS 0x0000000708400000, 0x0000000708400000| Untracked 
|  41|0x0000000708500000, 0x0000000708500000, 0x0000000708600000|  0%| F|  |TAMS 0x0000000708500000, 0x0000000708500000| Untracked 
|  42|0x0000000708600000, 0x0000000708600000, 0x0000000708700000|  0%| F|  |TAMS 0x0000000708600000, 0x0000000708600000| Untracked 
|  43|0x0000000708700000, 0x0000000708700000, 0x0000000708800000|  0%| F|  |TAMS 0x0000000708700000, 0x0000000708700000| Untracked 
|  44|0x0000000708800000, 0x0000000708800000, 0x0000000708900000|  0%| F|  |TAMS 0x0000000708800000, 0x0000000708800000| Untracked 
|  45|0x0000000708900000, 0x0000000708900000, 0x0000000708a00000|  0%| F|  |TAMS 0x0000000708900000, 0x0000000708900000| Untracked 
|  46|0x0000000708a00000, 0x0000000708a00000, 0x0000000708b00000|  0%| F|  |TAMS 0x0000000708a00000, 0x0000000708a00000| Untracked 
|  47|0x0000000708b00000, 0x0000000708b00000, 0x0000000708c00000|  0%| F|  |TAMS 0x0000000708b00000, 0x0000000708b00000| Untracked 
|  48|0x0000000708c00000, 0x0000000708c00000, 0x0000000708d00000|  0%| F|  |TAMS 0x0000000708c00000, 0x0000000708c00000| Untracked 
|  49|0x0000000708d00000, 0x0000000708d00000, 0x0000000708e00000|  0%| F|  |TAMS 0x0000000708d00000, 0x0000000708d00000| Untracked 
|  50|0x0000000708e00000, 0x0000000708e00000, 0x0000000708f00000|  0%| F|  |TAMS 0x0000000708e00000, 0x0000000708e00000| Untracked 
|  51|0x0000000708f00000, 0x0000000708f00000, 0x0000000709000000|  0%| F|  |TAMS 0x0000000708f00000, 0x0000000708f00000| Untracked 
|  52|0x0000000709000000, 0x0000000709000000, 0x0000000709100000|  0%| F|  |TAMS 0x0000000709000000, 0x0000000709000000| Untracked 
|  53|0x0000000709100000, 0x0000000709100000, 0x0000000709200000|  0%| F|  |TAMS 0x0000000709100000, 0x0000000709100000| Untracked 
|  54|0x0000000709200000, 0x0000000709200000, 0x0000000709300000|  0%| F|  |TAMS 0x0000000709200000, 0x0000000709200000| Untracked 
|  55|0x0000000709300000, 0x0000000709300000, 0x0000000709400000|  0%| F|  |TAMS 0x0000000709300000, 0x0000000709300000| Untracked 
|  56|0x0000000709400000, 0x0000000709400000, 0x0000000709500000|  0%| F|  |TAMS 0x0000000709400000, 0x0000000709400000| Untracked 
|  57|0x0000000709500000, 0x0000000709500000, 0x0000000709600000|  0%| F|  |TAMS 0x0000000709500000, 0x0000000709500000| Untracked 
|  58|0x0000000709600000, 0x0000000709600000, 0x0000000709700000|  0%| F|  |TAMS 0x0000000709600000, 0x0000000709600000| Untracked 
|  59|0x0000000709700000, 0x0000000709700000, 0x0000000709800000|  0%| F|  |TAMS 0x0000000709700000, 0x0000000709700000| Untracked 
|  60|0x0000000709800000, 0x0000000709800000, 0x0000000709900000|  0%| F|  |TAMS 0x0000000709800000, 0x0000000709800000| Untracked 
|  61|0x0000000709900000, 0x0000000709900000, 0x0000000709a00000|  0%| F|  |TAMS 0x0000000709900000, 0x0000000709900000| Untracked 
|  62|0x0000000709a00000, 0x0000000709a00000, 0x0000000709b00000|  0%| F|  |TAMS 0x0000000709a00000, 0x0000000709a00000| Untracked 
|  63|0x0000000709b00000, 0x0000000709b00000, 0x0000000709c00000|  0%| F|  |TAMS 0x0000000709b00000, 0x0000000709b00000| Untracked 
|  64|0x0000000709c00000, 0x0000000709c00000, 0x0000000709d00000|  0%| F|  |TAMS 0x0000000709c00000, 0x0000000709c00000| Untracked 
|  65|0x0000000709d00000, 0x0000000709d00000, 0x0000000709e00000|  0%| F|  |TAMS 0x0000000709d00000, 0x0000000709d00000| Untracked 
|  66|0x0000000709e00000, 0x0000000709e00000, 0x0000000709f00000|  0%| F|  |TAMS 0x0000000709e00000, 0x0000000709e00000| Untracked 
|  67|0x0000000709f00000, 0x0000000709f00000, 0x000000070a000000|  0%| F|  |TAMS 0x0000000709f00000, 0x0000000709f00000| Untracked 
|  68|0x000000070a000000, 0x000000070a000000, 0x000000070a100000|  0%| F|  |TAMS 0x000000070a000000, 0x000000070a000000| Untracked 
|  69|0x000000070a100000, 0x000000070a100000, 0x000000070a200000|  0%| F|  |TAMS 0x000000070a100000, 0x000000070a100000| Untracked 
|  70|0x000000070a200000, 0x000000070a200000, 0x000000070a300000|  0%| F|  |TAMS 0x000000070a200000, 0x000000070a200000| Untracked 
|  71|0x000000070a300000, 0x000000070a300000, 0x000000070a400000|  0%| F|  |TAMS 0x000000070a300000, 0x000000070a300000| Untracked 
|  72|0x000000070a400000, 0x000000070a400000, 0x000000070a500000|  0%| F|  |TAMS 0x000000070a400000, 0x000000070a400000| Untracked 
|  73|0x000000070a500000, 0x000000070a500000, 0x000000070a600000|  0%| F|  |TAMS 0x000000070a500000, 0x000000070a500000| Untracked 
|  74|0x000000070a600000, 0x000000070a600000, 0x000000070a700000|  0%| F|  |TAMS 0x000000070a600000, 0x000000070a600000| Untracked 
|  75|0x000000070a700000, 0x000000070a700000, 0x000000070a800000|  0%| F|  |TAMS 0x000000070a700000, 0x000000070a700000| Untracked 
|  76|0x000000070a800000, 0x000000070a800000, 0x000000070a900000|  0%| F|  |TAMS 0x000000070a800000, 0x000000070a800000| Untracked 
|  77|0x000000070a900000, 0x000000070a900000, 0x000000070aa00000|  0%| F|  |TAMS 0x000000070a900000, 0x000000070a900000| Untracked 
|  78|0x000000070aa00000, 0x000000070aa00000, 0x000000070ab00000|  0%| F|  |TAMS 0x000000070aa00000, 0x000000070aa00000| Untracked 
|  79|0x000000070ab00000, 0x000000070ab00000, 0x000000070ac00000|  0%| F|  |TAMS 0x000000070ab00000, 0x000000070ab00000| Untracked 
|  80|0x000000070ac00000, 0x000000070ac00000, 0x000000070ad00000|  0%| F|  |TAMS 0x000000070ac00000, 0x000000070ac00000| Untracked 
|  81|0x000000070ad00000, 0x000000070ad00000, 0x000000070ae00000|  0%| F|  |TAMS 0x000000070ad00000, 0x000000070ad00000| Untracked 
|  82|0x000000070ae00000, 0x000000070ae00000, 0x000000070af00000|  0%| F|  |TAMS 0x000000070ae00000, 0x000000070ae00000| Untracked 
|  83|0x000000070af00000, 0x000000070af00000, 0x000000070b000000|  0%| F|  |TAMS 0x000000070af00000, 0x000000070af00000| Untracked 
|  84|0x000000070b000000, 0x000000070b000000, 0x000000070b100000|  0%| F|  |TAMS 0x000000070b000000, 0x000000070b000000| Untracked 
|  85|0x000000070b100000, 0x000000070b100000, 0x000000070b200000|  0%| F|  |TAMS 0x000000070b100000, 0x000000070b100000| Untracked 
|  86|0x000000070b200000, 0x000000070b200000, 0x000000070b300000|  0%| F|  |TAMS 0x000000070b200000, 0x000000070b200000| Untracked 
|  87|0x000000070b300000, 0x000000070b300000, 0x000000070b400000|  0%| F|  |TAMS 0x000000070b300000, 0x000000070b300000| Untracked 
|  88|0x000000070b400000, 0x000000070b400000, 0x000000070b500000|  0%| F|  |TAMS 0x000000070b400000, 0x000000070b400000| Untracked 
|  89|0x000000070b500000, 0x000000070b500000, 0x000000070b600000|  0%| F|  |TAMS 0x000000070b500000, 0x000000070b500000| Untracked 
|  90|0x000000070b600000, 0x000000070b600000, 0x000000070b700000|  0%| F|  |TAMS 0x000000070b600000, 0x000000070b600000| Untracked 
|  91|0x000000070b700000, 0x000000070b700000, 0x000000070b800000|  0%| F|  |TAMS 0x000000070b700000, 0x000000070b700000| Untracked 
|  92|0x000000070b800000, 0x000000070b800000, 0x000000070b900000|  0%| F|  |TAMS 0x000000070b800000, 0x000000070b800000| Untracked 
|  93|0x000000070b900000, 0x000000070b900000, 0x000000070ba00000|  0%| F|  |TAMS 0x000000070b900000, 0x000000070b900000| Untracked 
|  94|0x000000070ba00000, 0x000000070ba00000, 0x000000070bb00000|  0%| F|  |TAMS 0x000000070ba00000, 0x000000070ba00000| Untracked 
|  95|0x000000070bb00000, 0x000000070bb00000, 0x000000070bc00000|  0%| F|  |TAMS 0x000000070bb00000, 0x000000070bb00000| Untracked 
|  96|0x000000070bc00000, 0x000000070bc00000, 0x000000070bd00000|  0%| F|  |TAMS 0x000000070bc00000, 0x000000070bc00000| Untracked 
|  97|0x000000070bd00000, 0x000000070bd00000, 0x000000070be00000|  0%| F|  |TAMS 0x000000070bd00000, 0x000000070bd00000| Untracked 
|  98|0x000000070be00000, 0x000000070be00000, 0x000000070bf00000|  0%| F|  |TAMS 0x000000070be00000, 0x000000070be00000| Untracked 
|  99|0x000000070bf00000, 0x000000070bf00000, 0x000000070c000000|  0%| F|  |TAMS 0x000000070bf00000, 0x000000070bf00000| Untracked 
| 100|0x000000070c000000, 0x000000070c000000, 0x000000070c100000|  0%| F|  |TAMS 0x000000070c000000, 0x000000070c000000| Untracked 
| 101|0x000000070c100000, 0x000000070c100000, 0x000000070c200000|  0%| F|  |TAMS 0x000000070c100000, 0x000000070c100000| Untracked 
| 102|0x000000070c200000, 0x000000070c200000, 0x000000070c300000|  0%| F|  |TAMS 0x000000070c200000, 0x000000070c200000| Untracked 
| 103|0x000000070c300000, 0x000000070c300000, 0x000000070c400000|  0%| F|  |TAMS 0x000000070c300000, 0x000000070c300000| Untracked 
| 104|0x000000070c400000, 0x000000070c400000, 0x000000070c500000|  0%| F|  |TAMS 0x000000070c400000, 0x000000070c400000| Untracked 
| 105|0x000000070c500000, 0x000000070c500000, 0x000000070c600000|  0%| F|  |TAMS 0x000000070c500000, 0x000000070c500000| Untracked 
| 106|0x000000070c600000, 0x000000070c600000, 0x000000070c700000|  0%| F|  |TAMS 0x000000070c600000, 0x000000070c600000| Untracked 
| 107|0x000000070c700000, 0x000000070c700000, 0x000000070c800000|  0%| F|  |TAMS 0x000000070c700000, 0x000000070c700000| Untracked 
| 108|0x000000070c800000, 0x000000070c800000, 0x000000070c900000|  0%| F|  |TAMS 0x000000070c800000, 0x000000070c800000| Untracked 
| 109|0x000000070c900000, 0x000000070c900000, 0x000000070ca00000|  0%| F|  |TAMS 0x000000070c900000, 0x000000070c900000| Untracked 
| 110|0x000000070ca00000, 0x000000070ca00000, 0x000000070cb00000|  0%| F|  |TAMS 0x000000070ca00000, 0x000000070ca00000| Untracked 
| 111|0x000000070cb00000, 0x000000070cb00000, 0x000000070cc00000|  0%| F|  |TAMS 0x000000070cb00000, 0x000000070cb00000| Untracked 
| 112|0x000000070cc00000, 0x000000070cc00000, 0x000000070cd00000|  0%| F|  |TAMS 0x000000070cc00000, 0x000000070cc00000| Untracked 
| 113|0x000000070cd00000, 0x000000070cd00000, 0x000000070ce00000|  0%| F|  |TAMS 0x000000070cd00000, 0x000000070cd00000| Untracked 
| 114|0x000000070ce00000, 0x000000070ce00000, 0x000000070cf00000|  0%| F|  |TAMS 0x000000070ce00000, 0x000000070ce00000| Untracked 
| 115|0x000000070cf00000, 0x000000070cf00000, 0x000000070d000000|  0%| F|  |TAMS 0x000000070cf00000, 0x000000070cf00000| Untracked 
| 116|0x000000070d000000, 0x000000070d000000, 0x000000070d100000|  0%| F|  |TAMS 0x000000070d000000, 0x000000070d000000| Untracked 
| 117|0x000000070d100000, 0x000000070d100000, 0x000000070d200000|  0%| F|  |TAMS 0x000000070d100000, 0x000000070d100000| Untracked 
| 118|0x000000070d200000, 0x000000070d200000, 0x000000070d300000|  0%| F|  |TAMS 0x000000070d200000, 0x000000070d200000| Untracked 
| 119|0x000000070d300000, 0x000000070d300000, 0x000000070d400000|  0%| F|  |TAMS 0x000000070d300000, 0x000000070d300000| Untracked 
| 120|0x000000070d400000, 0x000000070d400000, 0x000000070d500000|  0%| F|  |TAMS 0x000000070d400000, 0x000000070d400000| Untracked 
| 121|0x000000070d500000, 0x000000070d500000, 0x000000070d600000|  0%| F|  |TAMS 0x000000070d500000, 0x000000070d500000| Untracked 
| 122|0x000000070d600000, 0x000000070d600000, 0x000000070d700000|  0%| F|  |TAMS 0x000000070d600000, 0x000000070d600000| Untracked 
| 123|0x000000070d700000, 0x000000070d700000, 0x000000070d800000|  0%| F|  |TAMS 0x000000070d700000, 0x000000070d700000| Untracked 
| 124|0x000000070d800000, 0x000000070d800000, 0x000000070d900000|  0%| F|  |TAMS 0x000000070d800000, 0x000000070d800000| Untracked 
| 125|0x000000070d900000, 0x000000070d900000, 0x000000070da00000|  0%| F|  |TAMS 0x000000070d900000, 0x000000070d900000| Untracked 
| 126|0x000000070da00000, 0x000000070da00000, 0x000000070db00000|  0%| F|  |TAMS 0x000000070da00000, 0x000000070da00000| Untracked 
| 127|0x000000070db00000, 0x000000070db00000, 0x000000070dc00000|  0%| F|  |TAMS 0x000000070db00000, 0x000000070db00000| Untracked 
| 128|0x000000070dc00000, 0x000000070dc00000, 0x000000070dd00000|  0%| F|  |TAMS 0x000000070dc00000, 0x000000070dc00000| Untracked 
| 129|0x000000070dd00000, 0x000000070dd00000, 0x000000070de00000|  0%| F|  |TAMS 0x000000070dd00000, 0x000000070dd00000| Untracked 
| 130|0x000000070de00000, 0x000000070de00000, 0x000000070df00000|  0%| F|  |TAMS 0x000000070de00000, 0x000000070de00000| Untracked 
| 131|0x000000070df00000, 0x000000070df00000, 0x000000070e000000|  0%| F|  |TAMS 0x000000070df00000, 0x000000070df00000| Untracked 
| 132|0x000000070e000000, 0x000000070e000000, 0x000000070e100000|  0%| F|  |TAMS 0x000000070e000000, 0x000000070e000000| Untracked 
| 133|0x000000070e100000, 0x000000070e100000, 0x000000070e200000|  0%| F|  |TAMS 0x000000070e100000, 0x000000070e100000| Untracked 
| 134|0x000000070e200000, 0x000000070e200000, 0x000000070e300000|  0%| F|  |TAMS 0x000000070e200000, 0x000000070e200000| Untracked 
| 135|0x000000070e300000, 0x000000070e300000, 0x000000070e400000|  0%| F|  |TAMS 0x000000070e300000, 0x000000070e300000| Untracked 
| 136|0x000000070e400000, 0x000000070e400000, 0x000000070e500000|  0%| F|  |TAMS 0x000000070e400000, 0x000000070e400000| Untracked 
| 137|0x000000070e500000, 0x000000070e500000, 0x000000070e600000|  0%| F|  |TAMS 0x000000070e500000, 0x000000070e500000| Untracked 
| 138|0x000000070e600000, 0x000000070e600000, 0x000000070e700000|  0%| F|  |TAMS 0x000000070e600000, 0x000000070e600000| Untracked 
| 139|0x000000070e700000, 0x000000070e700000, 0x000000070e800000|  0%| F|  |TAMS 0x000000070e700000, 0x000000070e700000| Untracked 
| 140|0x000000070e800000, 0x000000070e800000, 0x000000070e900000|  0%| F|  |TAMS 0x000000070e800000, 0x000000070e800000| Untracked 
| 141|0x000000070e900000, 0x000000070e900000, 0x000000070ea00000|  0%| F|  |TAMS 0x000000070e900000, 0x000000070e900000| Untracked 
| 142|0x000000070ea00000, 0x000000070ea00000, 0x000000070eb00000|  0%| F|  |TAMS 0x000000070ea00000, 0x000000070ea00000| Untracked 
| 143|0x000000070eb00000, 0x000000070eb00000, 0x000000070ec00000|  0%| F|  |TAMS 0x000000070eb00000, 0x000000070eb00000| Untracked 
| 144|0x000000070ec00000, 0x000000070ec00000, 0x000000070ed00000|  0%| F|  |TAMS 0x000000070ec00000, 0x000000070ec00000| Untracked 
| 145|0x000000070ed00000, 0x000000070ed00000, 0x000000070ee00000|  0%| F|  |TAMS 0x000000070ed00000, 0x000000070ed00000| Untracked 
| 146|0x000000070ee00000, 0x000000070ee00000, 0x000000070ef00000|  0%| F|  |TAMS 0x000000070ee00000, 0x000000070ee00000| Untracked 
| 147|0x000000070ef00000, 0x000000070ef00000, 0x000000070f000000|  0%| F|  |TAMS 0x000000070ef00000, 0x000000070ef00000| Untracked 
| 148|0x000000070f000000, 0x000000070f000000, 0x000000070f100000|  0%| F|  |TAMS 0x000000070f000000, 0x000000070f000000| Untracked 
| 149|0x000000070f100000, 0x000000070f100000, 0x000000070f200000|  0%| F|  |TAMS 0x000000070f100000, 0x000000070f100000| Untracked 
| 150|0x000000070f200000, 0x000000070f200000, 0x000000070f300000|  0%| F|  |TAMS 0x000000070f200000, 0x000000070f200000| Untracked 
| 151|0x000000070f300000, 0x000000070f300000, 0x000000070f400000|  0%| F|  |TAMS 0x000000070f300000, 0x000000070f300000| Untracked 
| 152|0x000000070f400000, 0x000000070f400000, 0x000000070f500000|  0%| F|  |TAMS 0x000000070f400000, 0x000000070f400000| Untracked 
| 153|0x000000070f500000, 0x000000070f500000, 0x000000070f600000|  0%| F|  |TAMS 0x000000070f500000, 0x000000070f500000| Untracked 
| 154|0x000000070f600000, 0x000000070f600000, 0x000000070f700000|  0%| F|  |TAMS 0x000000070f600000, 0x000000070f600000| Untracked 
| 155|0x000000070f700000, 0x000000070f700000, 0x000000070f800000|  0%| F|  |TAMS 0x000000070f700000, 0x000000070f700000| Untracked 
| 156|0x000000070f800000, 0x000000070f800000, 0x000000070f900000|  0%| F|  |TAMS 0x000000070f800000, 0x000000070f800000| Untracked 
| 157|0x000000070f900000, 0x000000070f900000, 0x000000070fa00000|  0%| F|  |TAMS 0x000000070f900000, 0x000000070f900000| Untracked 
| 158|0x000000070fa00000, 0x000000070fa00000, 0x000000070fb00000|  0%| F|  |TAMS 0x000000070fa00000, 0x000000070fa00000| Untracked 
| 159|0x000000070fb00000, 0x000000070fb00000, 0x000000070fc00000|  0%| F|  |TAMS 0x000000070fb00000, 0x000000070fb00000| Untracked 
| 160|0x000000070fc00000, 0x000000070fc00000, 0x000000070fd00000|  0%| F|  |TAMS 0x000000070fc00000, 0x000000070fc00000| Untracked 
| 161|0x000000070fd00000, 0x000000070fd00000, 0x000000070fe00000|  0%| F|  |TAMS 0x000000070fd00000, 0x000000070fd00000| Untracked 
| 162|0x000000070fe00000, 0x000000070fe00000, 0x000000070ff00000|  0%| F|  |TAMS 0x000000070fe00000, 0x000000070fe00000| Untracked 
| 163|0x000000070ff00000, 0x000000070ff00000, 0x0000000710000000|  0%| F|  |TAMS 0x000000070ff00000, 0x000000070ff00000| Untracked 
| 164|0x0000000710000000, 0x0000000710000000, 0x0000000710100000|  0%| F|  |TAMS 0x0000000710000000, 0x0000000710000000| Untracked 
| 165|0x0000000710100000, 0x0000000710100000, 0x0000000710200000|  0%| F|  |TAMS 0x0000000710100000, 0x0000000710100000| Untracked 
| 166|0x0000000710200000, 0x0000000710200000, 0x0000000710300000|  0%| F|  |TAMS 0x0000000710200000, 0x0000000710200000| Untracked 
| 167|0x0000000710300000, 0x0000000710300000, 0x0000000710400000|  0%| F|  |TAMS 0x0000000710300000, 0x0000000710300000| Untracked 
| 168|0x0000000710400000, 0x0000000710400000, 0x0000000710500000|  0%| F|  |TAMS 0x0000000710400000, 0x0000000710400000| Untracked 
| 169|0x0000000710500000, 0x0000000710500000, 0x0000000710600000|  0%| F|  |TAMS 0x0000000710500000, 0x0000000710500000| Untracked 
| 170|0x0000000710600000, 0x0000000710600000, 0x0000000710700000|  0%| F|  |TAMS 0x0000000710600000, 0x0000000710600000| Untracked 
| 171|0x0000000710700000, 0x0000000710700000, 0x0000000710800000|  0%| F|  |TAMS 0x0000000710700000, 0x0000000710700000| Untracked 
| 172|0x0000000710800000, 0x0000000710800000, 0x0000000710900000|  0%| F|  |TAMS 0x0000000710800000, 0x0000000710800000| Untracked 
| 173|0x0000000710900000, 0x0000000710900000, 0x0000000710a00000|  0%| F|  |TAMS 0x0000000710900000, 0x0000000710900000| Untracked 
| 174|0x0000000710a00000, 0x0000000710a00000, 0x0000000710b00000|  0%| F|  |TAMS 0x0000000710a00000, 0x0000000710a00000| Untracked 
| 175|0x0000000710b00000, 0x0000000710b00000, 0x0000000710c00000|  0%| F|  |TAMS 0x0000000710b00000, 0x0000000710b00000| Untracked 
| 176|0x0000000710c00000, 0x0000000710c00000, 0x0000000710d00000|  0%| F|  |TAMS 0x0000000710c00000, 0x0000000710c00000| Untracked 
| 177|0x0000000710d00000, 0x0000000710d00000, 0x0000000710e00000|  0%| F|  |TAMS 0x0000000710d00000, 0x0000000710d00000| Untracked 
| 178|0x0000000710e00000, 0x0000000710e00000, 0x0000000710f00000|  0%| F|  |TAMS 0x0000000710e00000, 0x0000000710e00000| Untracked 
| 179|0x0000000710f00000, 0x0000000710f00000, 0x0000000711000000|  0%| F|  |TAMS 0x0000000710f00000, 0x0000000710f00000| Untracked 
| 180|0x0000000711000000, 0x0000000711000000, 0x0000000711100000|  0%| F|  |TAMS 0x0000000711000000, 0x0000000711000000| Untracked 
| 181|0x0000000711100000, 0x0000000711100000, 0x0000000711200000|  0%| F|  |TAMS 0x0000000711100000, 0x0000000711100000| Untracked 
| 182|0x0000000711200000, 0x0000000711200000, 0x0000000711300000|  0%| F|  |TAMS 0x0000000711200000, 0x0000000711200000| Untracked 
| 183|0x0000000711300000, 0x0000000711300000, 0x0000000711400000|  0%| F|  |TAMS 0x0000000711300000, 0x0000000711300000| Untracked 
| 184|0x0000000711400000, 0x0000000711400000, 0x0000000711500000|  0%| F|  |TAMS 0x0000000711400000, 0x0000000711400000| Untracked 
| 185|0x0000000711500000, 0x0000000711500000, 0x0000000711600000|  0%| F|  |TAMS 0x0000000711500000, 0x0000000711500000| Untracked 
| 186|0x0000000711600000, 0x0000000711600000, 0x0000000711700000|  0%| F|  |TAMS 0x0000000711600000, 0x0000000711600000| Untracked 
| 187|0x0000000711700000, 0x0000000711700000, 0x0000000711800000|  0%| F|  |TAMS 0x0000000711700000, 0x0000000711700000| Untracked 
| 188|0x0000000711800000, 0x0000000711800000, 0x0000000711900000|  0%| F|  |TAMS 0x0000000711800000, 0x0000000711800000| Untracked 
| 189|0x0000000711900000, 0x0000000711900000, 0x0000000711a00000|  0%| F|  |TAMS 0x0000000711900000, 0x0000000711900000| Untracked 
| 190|0x0000000711a00000, 0x0000000711a00000, 0x0000000711b00000|  0%| F|  |TAMS 0x0000000711a00000, 0x0000000711a00000| Untracked 
| 191|0x0000000711b00000, 0x0000000711b00000, 0x0000000711c00000|  0%| F|  |TAMS 0x0000000711b00000, 0x0000000711b00000| Untracked 
| 192|0x0000000711c00000, 0x0000000711c00000, 0x0000000711d00000|  0%| F|  |TAMS 0x0000000711c00000, 0x0000000711c00000| Untracked 
| 193|0x0000000711d00000, 0x0000000711d00000, 0x0000000711e00000|  0%| F|  |TAMS 0x0000000711d00000, 0x0000000711d00000| Untracked 
| 194|0x0000000711e00000, 0x0000000711e00000, 0x0000000711f00000|  0%| F|  |TAMS 0x0000000711e00000, 0x0000000711e00000| Untracked 
| 195|0x0000000711f00000, 0x0000000711f00000, 0x0000000712000000|  0%| F|  |TAMS 0x0000000711f00000, 0x0000000711f00000| Untracked 
| 196|0x0000000712000000, 0x0000000712000000, 0x0000000712100000|  0%| F|  |TAMS 0x0000000712000000, 0x0000000712000000| Untracked 
| 197|0x0000000712100000, 0x0000000712100000, 0x0000000712200000|  0%| F|  |TAMS 0x0000000712100000, 0x0000000712100000| Untracked 
| 198|0x0000000712200000, 0x0000000712200000, 0x0000000712300000|  0%| F|  |TAMS 0x0000000712200000, 0x0000000712200000| Untracked 
| 199|0x0000000712300000, 0x0000000712300000, 0x0000000712400000|  0%| F|  |TAMS 0x0000000712300000, 0x0000000712300000| Untracked 
| 200|0x0000000712400000, 0x0000000712400000, 0x0000000712500000|  0%| F|  |TAMS 0x0000000712400000, 0x0000000712400000| Untracked 
| 201|0x0000000712500000, 0x0000000712500000, 0x0000000712600000|  0%| F|  |TAMS 0x0000000712500000, 0x0000000712500000| Untracked 
| 202|0x0000000712600000, 0x0000000712600000, 0x0000000712700000|  0%| F|  |TAMS 0x0000000712600000, 0x0000000712600000| Untracked 
| 203|0x0000000712700000, 0x0000000712700000, 0x0000000712800000|  0%| F|  |TAMS 0x0000000712700000, 0x0000000712700000| Untracked 
| 204|0x0000000712800000, 0x0000000712800000, 0x0000000712900000|  0%| F|  |TAMS 0x0000000712800000, 0x0000000712800000| Untracked 
| 205|0x0000000712900000, 0x0000000712900000, 0x0000000712a00000|  0%| F|  |TAMS 0x0000000712900000, 0x0000000712900000| Untracked 
| 206|0x0000000712a00000, 0x0000000712a00000, 0x0000000712b00000|  0%| F|  |TAMS 0x0000000712a00000, 0x0000000712a00000| Untracked 
| 207|0x0000000712b00000, 0x0000000712b00000, 0x0000000712c00000|  0%| F|  |TAMS 0x0000000712b00000, 0x0000000712b00000| Untracked 
| 208|0x0000000712c00000, 0x0000000712c00000, 0x0000000712d00000|  0%| F|  |TAMS 0x0000000712c00000, 0x0000000712c00000| Untracked 
| 209|0x0000000712d00000, 0x0000000712d00000, 0x0000000712e00000|  0%| F|  |TAMS 0x0000000712d00000, 0x0000000712d00000| Untracked 
| 210|0x0000000712e00000, 0x0000000712e00000, 0x0000000712f00000|  0%| F|  |TAMS 0x0000000712e00000, 0x0000000712e00000| Untracked 
| 211|0x0000000712f00000, 0x0000000712f00000, 0x0000000713000000|  0%| F|  |TAMS 0x0000000712f00000, 0x0000000712f00000| Untracked 
| 212|0x0000000713000000, 0x0000000713000000, 0x0000000713100000|  0%| F|  |TAMS 0x0000000713000000, 0x0000000713000000| Untracked 
| 213|0x0000000713100000, 0x0000000713100000, 0x0000000713200000|  0%| F|  |TAMS 0x0000000713100000, 0x0000000713100000| Untracked 
| 214|0x0000000713200000, 0x0000000713200000, 0x0000000713300000|  0%| F|  |TAMS 0x0000000713200000, 0x0000000713200000| Untracked 
| 215|0x0000000713300000, 0x0000000713300000, 0x0000000713400000|  0%| F|  |TAMS 0x0000000713300000, 0x0000000713300000| Untracked 
| 216|0x0000000713400000, 0x0000000713400000, 0x0000000713500000|  0%| F|  |TAMS 0x0000000713400000, 0x0000000713400000| Untracked 
| 217|0x0000000713500000, 0x0000000713500000, 0x0000000713600000|  0%| F|  |TAMS 0x0000000713500000, 0x0000000713500000| Untracked 
| 218|0x0000000713600000, 0x0000000713600000, 0x0000000713700000|  0%| F|  |TAMS 0x0000000713600000, 0x0000000713600000| Untracked 
| 219|0x0000000713700000, 0x0000000713700000, 0x0000000713800000|  0%| F|  |TAMS 0x0000000713700000, 0x0000000713700000| Untracked 
| 220|0x0000000713800000, 0x0000000713800000, 0x0000000713900000|  0%| F|  |TAMS 0x0000000713800000, 0x0000000713800000| Untracked 
| 221|0x0000000713900000, 0x0000000713900000, 0x0000000713a00000|  0%| F|  |TAMS 0x0000000713900000, 0x0000000713900000| Untracked 
| 222|0x0000000713a00000, 0x0000000713a00000, 0x0000000713b00000|  0%| F|  |TAMS 0x0000000713a00000, 0x0000000713a00000| Untracked 
| 223|0x0000000713b00000, 0x0000000713b00000, 0x0000000713c00000|  0%| F|  |TAMS 0x0000000713b00000, 0x0000000713b00000| Untracked 
| 224|0x0000000713c00000, 0x0000000713c00000, 0x0000000713d00000|  0%| F|  |TAMS 0x0000000713c00000, 0x0000000713c00000| Untracked 
| 225|0x0000000713d00000, 0x0000000713d00000, 0x0000000713e00000|  0%| F|  |TAMS 0x0000000713d00000, 0x0000000713d00000| Untracked 
| 226|0x0000000713e00000, 0x0000000713e00000, 0x0000000713f00000|  0%| F|  |TAMS 0x0000000713e00000, 0x0000000713e00000| Untracked 
| 227|0x0000000713f00000, 0x0000000713f00000, 0x0000000714000000|  0%| F|  |TAMS 0x0000000713f00000, 0x0000000713f00000| Untracked 
| 228|0x0000000714000000, 0x0000000714000000, 0x0000000714100000|  0%| F|  |TAMS 0x0000000714000000, 0x0000000714000000| Untracked 
| 229|0x0000000714100000, 0x0000000714100000, 0x0000000714200000|  0%| F|  |TAMS 0x0000000714100000, 0x0000000714100000| Untracked 
| 230|0x0000000714200000, 0x0000000714200000, 0x0000000714300000|  0%| F|  |TAMS 0x0000000714200000, 0x0000000714200000| Untracked 
| 231|0x0000000714300000, 0x0000000714300000, 0x0000000714400000|  0%| F|  |TAMS 0x0000000714300000, 0x0000000714300000| Untracked 
| 232|0x0000000714400000, 0x0000000714400000, 0x0000000714500000|  0%| F|  |TAMS 0x0000000714400000, 0x0000000714400000| Untracked 
| 233|0x0000000714500000, 0x0000000714500000, 0x0000000714600000|  0%| F|  |TAMS 0x0000000714500000, 0x0000000714500000| Untracked 
| 234|0x0000000714600000, 0x0000000714600000, 0x0000000714700000|  0%| F|  |TAMS 0x0000000714600000, 0x0000000714600000| Untracked 
| 235|0x0000000714700000, 0x0000000714700000, 0x0000000714800000|  0%| F|  |TAMS 0x0000000714700000, 0x0000000714700000| Untracked 
| 236|0x0000000714800000, 0x0000000714800000, 0x0000000714900000|  0%| F|  |TAMS 0x0000000714800000, 0x0000000714800000| Untracked 
| 237|0x0000000714900000, 0x0000000714900000, 0x0000000714a00000|  0%| F|  |TAMS 0x0000000714900000, 0x0000000714900000| Untracked 
| 238|0x0000000714a00000, 0x0000000714a7b820, 0x0000000714b00000| 48%| E|  |TAMS 0x0000000714a00000, 0x0000000714a00000| Complete 
| 239|0x0000000714b00000, 0x0000000714c00000, 0x0000000714c00000|100%| E|CS|TAMS 0x0000000714b00000, 0x0000000714b00000| Complete 
| 240|0x0000000714c00000, 0x0000000714d00000, 0x0000000714d00000|100%| E|CS|TAMS 0x0000000714c00000, 0x0000000714c00000| Complete 
| 241|0x0000000714d00000, 0x0000000714e00000, 0x0000000714e00000|100%| E|CS|TAMS 0x0000000714d00000, 0x0000000714d00000| Complete 
| 242|0x0000000714e00000, 0x0000000714f00000, 0x0000000714f00000|100%| E|CS|TAMS 0x0000000714e00000, 0x0000000714e00000| Complete 
| 243|0x0000000714f00000, 0x0000000715000000, 0x0000000715000000|100%| E|CS|TAMS 0x0000000714f00000, 0x0000000714f00000| Complete 
| 244|0x0000000715000000, 0x0000000715100000, 0x0000000715100000|100%| E|CS|TAMS 0x0000000715000000, 0x0000000715000000| Complete 
| 245|0x0000000715100000, 0x0000000715200000, 0x0000000715200000|100%| E|CS|TAMS 0x0000000715100000, 0x0000000715100000| Complete 
| 246|0x0000000715200000, 0x0000000715300000, 0x0000000715300000|100%| E|CS|TAMS 0x0000000715200000, 0x0000000715200000| Complete 
| 247|0x0000000715300000, 0x0000000715400000, 0x0000000715400000|100%| E|CS|TAMS 0x0000000715300000, 0x0000000715300000| Complete 
| 248|0x0000000715400000, 0x0000000715500000, 0x0000000715500000|100%| E|CS|TAMS 0x0000000715400000, 0x0000000715400000| Complete 
| 249|0x0000000715500000, 0x0000000715600000, 0x0000000715600000|100%| E|CS|TAMS 0x0000000715500000, 0x0000000715500000| Complete 
| 250|0x0000000715600000, 0x0000000715700000, 0x0000000715700000|100%| E|CS|TAMS 0x0000000715600000, 0x0000000715600000| Complete 
| 251|0x0000000715700000, 0x0000000715800000, 0x0000000715800000|100%| E|CS|TAMS 0x0000000715700000, 0x0000000715700000| Complete 

Card table byte_map: [0x000002bf38c00000,0x000002bf393e0000] _byte_map_base: 0x000002bf353d2000

Marking Bits (Prev, Next): (CMBitMap*) 0x000002bf210c0508, (CMBitMap*) 0x000002bf210c0540
 Prev Bits: [0x000002bf39bc0000, 0x000002bf3da50000)
 Next Bits: [0x000002bf3da50000, 0x000002bf418e0000)

Polling page: 0x000002bf1fa00000

Metaspace:

Usage:
  Non-class:      8.09 MB capacity,     7.96 MB ( 98%) used,   116.98 KB (  1%) free+waste,    17.12 KB ( <1%) overhead. 
      Class:    987.00 KB capacity,   886.47 KB ( 90%) used,    90.41 KB (  9%) free+waste,    10.12 KB (  1%) overhead. 
       Both:      9.06 MB capacity,     8.83 MB ( 97%) used,   207.38 KB (  2%) free+waste,    27.25 KB ( <1%) overhead. 

Virtual space:
  Non-class space:       10.00 MB reserved,       8.25 MB ( 82%) committed 
      Class space:        1.00 GB reserved,       1.00 MB ( <1%) committed 
             Both:        1.01 GB reserved,       9.25 MB ( <1%) committed 

Chunk freelists:
   Non-Class:  4.12 KB
       Class:  640 bytes
        Both:  4.75 KB

CodeHeap 'non-profiled nmethods': size=120000Kb used=243Kb max_used=243Kb free=119756Kb
 bounds [0x000002bf30270000, 0x000002bf304e0000, 0x000002bf377a0000]
CodeHeap 'profiled nmethods': size=120000Kb used=999Kb max_used=999Kb free=119001Kb
 bounds [0x000002bf28d40000, 0x000002bf28fb0000, 0x000002bf30270000]
CodeHeap 'non-nmethods': size=5760Kb used=1095Kb max_used=1107Kb free=4664Kb
 bounds [0x000002bf287a0000, 0x000002bf28a10000, 0x000002bf28d40000]
 total_blobs=1138 nmethods=740 adapters=310
 compilation: enabled
              stopped_count=0, restarted_count=0
 full_count=0

Compilation events (10 events):
Event: 2.802 Thread 0x000002bf44f6a800 nmethod 739 0x000002bf28e38310 code [0x000002bf28e38540, 0x000002bf28e39048]
Event: 2.802 Thread 0x000002bf44f6a800  738       3       java.util.Collections$SetFromMap::remove (19 bytes)
Event: 2.802 Thread 0x000002bf44f6a800 nmethod 738 0x000002bf28e39410 code [0x000002bf28e395c0, 0x000002bf28e397e8]
Event: 2.802 Thread 0x000002bf44f68800 nmethod 705 0x000002bf302ab190 code [0x000002bf302ab340, 0x000002bf302ac178]
Event: 2.802 Thread 0x000002bf44f68800  720       4       java.util.HashSet::add (20 bytes)
Event: 2.803 Thread 0x000002bf44f68800 nmethod 720 0x000002bf302ac890 code [0x000002bf302aca20, 0x000002bf302acb08]
Event: 2.803 Thread 0x000002bf44f68800  736       4       java.lang.StringLatin1::charAt (28 bytes)
Event: 2.803 Thread 0x000002bf44f68800 nmethod 736 0x000002bf302acc10 code [0x000002bf302acd80, 0x000002bf302acdf8]
Event: 2.817 Thread 0x000002bf44f6a800  740       3       java.util.concurrent.ConcurrentHashMap$BaseIterator::hasNext (13 bytes)
Event: 2.818 Thread 0x000002bf44f6a800 nmethod 740 0x000002bf28e39890 code [0x000002bf28e39a20, 0x000002bf28e39b78]

GC Heap History (0 events):
No events

Deoptimization events (6 events):
Event: 0.179 Thread 0x000002bf21065000 Uncommon trap: reason=unstable_if action=reinterpret pc=0x000002bf3027b780 method=java.lang.CharacterDataLatin1.isJavaIdentifierPart(I)Z @ 11 c2
Event: 0.228 Thread 0x000002bf21065000 Uncommon trap: reason=unstable_if action=reinterpret pc=0x000002bf3028c690 method=java.util.HashMap.putVal(ILjava/lang/Object;Ljava/lang/Object;ZZ)Ljava/lang/Object; @ 81 c2
Event: 0.232 Thread 0x000002bf21065000 Uncommon trap: reason=unstable_if action=reinterpret pc=0x000002bf30273ef4 method=java.lang.String.isLatin1()Z @ 10 c2
Event: 0.234 Thread 0x000002bf21065000 Uncommon trap: reason=unstable_if action=reinterpret pc=0x000002bf30285778 method=java.lang.String.substring(II)Ljava/lang/String; @ 22 c2
Event: 2.691 Thread 0x000002bf21065000 Uncommon trap: reason=unstable_if action=reinterpret pc=0x000002bf302901fc method=java.lang.String.isEmpty()Z @ 5 c2
Event: 2.708 Thread 0x000002bf21065000 Uncommon trap: reason=unstable_if action=reinterpret pc=0x000002bf30283090 method=java.lang.String.isEmpty()Z @ 5 c2

Classes redefined (0 events):
No events

Internal exceptions (9 events):
Event: 0.168 Thread 0x000002bf21065000 Exception <a 'java/lang/NoSuchMethodError'{0x000000071550a0c0}: 'int java.lang.invoke.DirectMethodHandle$Holder.invokeSpecialIFC(java.lang.Object, java.lang.Object, int)'> (0x000000071550a0c0) thrown at [./open/src/hotspot/share/interpreter/linkResolver.c
Event: 2.697 Thread 0x000002bf21065000 Exception <a 'java/lang/NoSuchMethodError'{0x0000000714e2e1b0}: 'void java.lang.invoke.DirectMethodHandle$Holder.invokeStaticInit(java.lang.Object, java.lang.Object)'> (0x0000000714e2e1b0) thrown at [./open/src/hotspot/share/interpreter/linkResolver.cpp, 
Event: 2.732 Thread 0x000002bf21065000 Exception <a 'java/lang/NoSuchMethodError'{0x0000000714dc1fe8}: 'long java.lang.invoke.DelegatingMethodHandle$Holder.reinvoke_L(java.lang.Object, long, java.lang.Object, java.lang.Object, int, java.lang.Object)'> (0x0000000714dc1fe8) thrown at [./open/src
Event: 2.734 Thread 0x000002bf21065000 Exception <a 'java/lang/NoSuchMethodError'{0x0000000714ddb278}: 'long java.lang.invoke.DelegatingMethodHandle$Holder.reinvoke_L(java.lang.Object, long, int)'> (0x0000000714ddb278) thrown at [./open/src/hotspot/share/interpreter/linkResolver.cpp, line 773]
Event: 2.785 Thread 0x000002bf21065000 Exception <a 'java/lang/NoSuchMethodError'{0x0000000714c87e28}: 'int java.lang.invoke.DirectMethodHandle$Holder.invokeStaticInit(java.lang.Object, java.lang.Object, java.lang.Object)'> (0x0000000714c87e28) thrown at [./open/src/hotspot/share/interpreter/l
Event: 2.786 Thread 0x000002bf21065000 Exception <a 'java/lang/NoSuchMethodError'{0x0000000714c93758}: 'void java.lang.invoke.DirectMethodHandle$Holder.invokeSpecial(java.lang.Object, java.lang.Object)'> (0x0000000714c93758) thrown at [./open/src/hotspot/share/interpreter/linkResolver.cpp, lin
Event: 2.795 Thread 0x000002bf21065000 Exception <a 'java/lang/NoSuchMethodError'{0x0000000714b31e98}: notifyPreferencesChanged> (0x0000000714b31e98) thrown at [./open/src/hotspot/share/prims/jni.cpp, line 1338]
Event: 2.798 Thread 0x000002bf21065000 Exception <a 'java/lang/NoSuchMethodError'{0x0000000714b496c8}: 'java.lang.Object java.lang.invoke.DirectMethodHandle$Holder.invokeStatic(java.lang.Object, java.lang.Object, int, java.lang.Object)'> (0x0000000714b496c8) thrown at [./open/src/hotspot/share
Event: 2.799 Thread 0x000002bf21065000 Exception <a 'java/lang/NoSuchMethodError'{0x0000000714b501a0}: 'java.lang.Object java.lang.invoke.Invokers$Holder.linkToTargetMethod(java.lang.Object, int, java.lang.Object, java.lang.Object)'> (0x0000000714b501a0) thrown at [./open/src/hotspot/share/int

Events (10 events):
Event: 2.797 Thread 0x000002bf45f8b800 Thread added: 0x000002bf45f8b800
Event: 2.798 loading class com/sun/glass/ui/win/WinApplication
Event: 2.798 loading class com/sun/glass/ui/win/WinApplication done
Event: 2.800 loading class com/sun/glass/ui/win/WinApplication
Event: 2.800 loading class com/sun/glass/ui/win/WinApplication done
Event: 2.800 Thread 0x000002bf45bb3800 Thread added: 0x000002bf45bb3800
Event: 2.801 Executing VM operation: RevokeBias
Event: 2.802 Executing VM operation: RevokeBias done
Event: 2.803 loading class java/lang/NumberFormatException
Event: 2.803 loading class java/lang/NumberFormatException done


Dynamic libraries:
0x00007ff730620000 - 0x00007ff730630000 	C:\Users\Julia\Downloads\jdk-11.0.28_windows-x64_bin\jdk-11.0.28\bin\java.exe
0x00007ffbdf520000 - 0x00007ffbdf788000 	C:\WINDOWS\SYSTEM32\ntdll.dll
0x00007ffbde920000 - 0x00007ffbde9e9000 	C:\WINDOWS\System32\KERNEL32.DLL
0x00007ffbdcab0000 - 0x00007ffbdcea8000 	C:\WINDOWS\System32\KERNELBASE.dll
0x00007ffbdd170000 - 0x00007ffbdd2bb000 	C:\WINDOWS\System32\ucrtbase.dll
0x00007ffbd4bb0000 - 0x00007ffbd4bcb000 	C:\Users\Julia\Downloads\jdk-11.0.28_windows-x64_bin\jdk-11.0.28\bin\VCRUNTIME140.dll
0x00007ffbbdf20000 - 0x00007ffbbdf39000 	C:\Users\Julia\Downloads\jdk-11.0.28_windows-x64_bin\jdk-11.0.28\bin\jli.dll
0x00007ffbdf420000 - 0x00007ffbdf4d4000 	C:\WINDOWS\System32\ADVAPI32.dll
0x00007ffbdf320000 - 0x00007ffbdf3c9000 	C:\WINDOWS\System32\msvcrt.dll
0x00007ffbdd930000 - 0x00007ffbdd9d6000 	C:\WINDOWS\System32\sechost.dll
0x00007ffbdd810000 - 0x00007ffbdd928000 	C:\WINDOWS\System32\RPCRT4.dll
0x00007ffbde4e0000 - 0x00007ffbde6a7000 	C:\WINDOWS\System32\USER32.dll
0x00007ffbdc730000 - 0x00007ffbdc757000 	C:\WINDOWS\System32\win32u.dll
0x00007ffbdedf0000 - 0x00007ffbdee1b000 	C:\WINDOWS\System32\GDI32.dll
0x00007ffbc6600000 - 0x00007ffbc6894000 	C:\WINDOWS\WinSxS\amd64_microsoft.windows.common-controls_6595b64144ccf1df_6.0.26100.7019_none_3e06ffa0e335b8a8\COMCTL32.dll
0x00007ffbdc810000 - 0x00007ffbdc93c000 	C:\WINDOWS\System32\gdi32full.dll
0x00007ffbdcf40000 - 0x00007ffbdcfe3000 	C:\WINDOWS\System32\msvcp_win.dll
0x00007ffbc7420000 - 0x00007ffbc742b000 	C:\WINDOWS\SYSTEM32\VERSION.dll
0x00007ffbdd660000 - 0x00007ffbdd691000 	C:\WINDOWS\System32\IMM32.DLL
0x00007ffbd2620000 - 0x00007ffbd262c000 	C:\Users\Julia\Downloads\jdk-11.0.28_windows-x64_bin\jdk-11.0.28\bin\vcruntime140_1.dll
0x00007ffb7c3e0000 - 0x00007ffb7c46e000 	C:\Users\Julia\Downloads\jdk-11.0.28_windows-x64_bin\jdk-11.0.28\bin\msvcp140.dll
0x00007ffb45cc0000 - 0x00007ffb46823000 	C:\Users\Julia\Downloads\jdk-11.0.28_windows-x64_bin\jdk-11.0.28\bin\server\jvm.dll
0x00007ffbde1d0000 - 0x00007ffbde1d8000 	C:\WINDOWS\System32\PSAPI.DLL
0x00007ffbb3910000 - 0x00007ffbb391a000 	C:\WINDOWS\SYSTEM32\WSOCK32.dll
0x00007ffbd0ef0000 - 0x00007ffbd0f25000 	C:\WINDOWS\SYSTEM32\WINMM.dll
0x00007ffbde9f0000 - 0x00007ffbdea64000 	C:\WINDOWS\System32\WS2_32.dll
0x00007ffbdb3d0000 - 0x00007ffbdb3eb000 	C:\WINDOWS\SYSTEM32\kernel.appcore.dll
0x00007ffbd0d20000 - 0x00007ffbd0d30000 	C:\Users\Julia\Downloads\jdk-11.0.28_windows-x64_bin\jdk-11.0.28\bin\verify.dll
0x00007ffbd9ec0000 - 0x00007ffbda102000 	C:\WINDOWS\SYSTEM32\DBGHELP.DLL
0x00007ffbdd2d0000 - 0x00007ffbdd65b000 	C:\WINDOWS\System32\combase.dll
0x00007ffbded10000 - 0x00007ffbdede7000 	C:\WINDOWS\System32\OLEAUT32.dll
0x00007ffbbb910000 - 0x00007ffbbb94c000 	C:\WINDOWS\SYSTEM32\dbgcore.DLL
0x00007ffbdc760000 - 0x00007ffbdc805000 	C:\WINDOWS\System32\bcryptPrimitives.dll
0x00007ffbb4330000 - 0x00007ffbb4358000 	C:\Users\Julia\Downloads\jdk-11.0.28_windows-x64_bin\jdk-11.0.28\bin\java.dll
0x00007ffbc2580000 - 0x00007ffbc258a000 	C:\Users\Julia\Downloads\jdk-11.0.28_windows-x64_bin\jdk-11.0.28\bin\jimage.dll
0x00007ffbb4190000 - 0x00007ffbb41a7000 	C:\Users\Julia\Downloads\jdk-11.0.28_windows-x64_bin\jdk-11.0.28\bin\zip.dll
0x00007ffbdda70000 - 0x00007ffbde1bf000 	C:\WINDOWS\System32\SHELL32.dll
0x00007ffbdc940000 - 0x00007ffbdcaab000 	C:\WINDOWS\System32\wintypes.dll
0x00007ffbda110000 - 0x00007ffbda96d000 	C:\WINDOWS\SYSTEM32\windows.storage.dll
0x00007ffbdeb30000 - 0x00007ffbdec22000 	C:\WINDOWS\System32\SHCORE.dll
0x00007ffbdee20000 - 0x00007ffbdee87000 	C:\WINDOWS\System32\shlwapi.dll
0x00007ffbdc590000 - 0x00007ffbdc5b9000 	C:\WINDOWS\SYSTEM32\profapi.dll
0x00007ffbae4f0000 - 0x00007ffbae509000 	C:\Users\Julia\Downloads\jdk-11.0.28_windows-x64_bin\jdk-11.0.28\bin\net.dll
0x00007ffbd43e0000 - 0x00007ffbd4508000 	C:\WINDOWS\SYSTEM32\WINHTTP.dll
0x00007ffbdb9a0000 - 0x00007ffbdba0b000 	C:\WINDOWS\system32\mswsock.dll
0x00007ffbad1f0000 - 0x00007ffbad202000 	C:\Users\Julia\Downloads\jdk-11.0.28_windows-x64_bin\jdk-11.0.28\bin\nio.dll
0x000002bf21160000 - 0x000002bf21164000 	C:\Users\Julia\Downloads\jdk-11.0.28_windows-x64_bin\jdk-11.0.28\bin\api-ms-win-core-console-l1-1-0.dll
0x000002bf21170000 - 0x000002bf21174000 	C:\Users\Julia\Downloads\jdk-11.0.28_windows-x64_bin\jdk-11.0.28\bin\api-ms-win-core-datetime-l1-1-0.dll
0x000002bf45bc0000 - 0x000002bf45bc4000 	C:\Users\Julia\Downloads\jdk-11.0.28_windows-x64_bin\jdk-11.0.28\bin\api-ms-win-core-debug-l1-1-0.dll
0x000002bf45bd0000 - 0x000002bf45bd4000 	C:\Users\Julia\Downloads\jdk-11.0.28_windows-x64_bin\jdk-11.0.28\bin\api-ms-win-core-errorhandling-l1-1-0.dll
0x000002bf45be0000 - 0x000002bf45be5000 	C:\Users\Julia\Downloads\jdk-11.0.28_windows-x64_bin\jdk-11.0.28\bin\api-ms-win-core-file-l1-1-0.dll
0x000002bf45bf0000 - 0x000002bf45bf4000 	C:\Users\Julia\Downloads\jdk-11.0.28_windows-x64_bin\jdk-11.0.28\bin\api-ms-win-core-file-l1-2-0.dll
0x000002bf45c00000 - 0x000002bf45c04000 	C:\Users\Julia\Downloads\jdk-11.0.28_windows-x64_bin\jdk-11.0.28\bin\api-ms-win-core-file-l2-1-0.dll
0x000002bf45c10000 - 0x000002bf45c14000 	C:\Users\Julia\Downloads\jdk-11.0.28_windows-x64_bin\jdk-11.0.28\bin\api-ms-win-core-handle-l1-1-0.dll
0x000002bf45c20000 - 0x000002bf45c24000 	C:\Users\Julia\Downloads\jdk-11.0.28_windows-x64_bin\jdk-11.0.28\bin\api-ms-win-core-heap-l1-1-0.dll
0x000002bf45c30000 - 0x000002bf45c34000 	C:\Users\Julia\Downloads\jdk-11.0.28_windows-x64_bin\jdk-11.0.28\bin\api-ms-win-core-interlocked-l1-1-0.dll
0x000002bf45c40000 - 0x000002bf45c44000 	C:\Users\Julia\Downloads\jdk-11.0.28_windows-x64_bin\jdk-11.0.28\bin\api-ms-win-core-libraryloader-l1-1-0.dll
0x000002bf45c50000 - 0x000002bf45c54000 	C:\Users\Julia\Downloads\jdk-11.0.28_windows-x64_bin\jdk-11.0.28\bin\api-ms-win-core-localization-l1-2-0.dll
0x000002bf45c60000 - 0x000002bf45c64000 	C:\Users\Julia\Downloads\jdk-11.0.28_windows-x64_bin\jdk-11.0.28\bin\api-ms-win-core-memory-l1-1-0.dll
0x000002bf45c70000 - 0x000002bf45c74000 	C:\Users\Julia\Downloads\jdk-11.0.28_windows-x64_bin\jdk-11.0.28\bin\api-ms-win-core-namedpipe-l1-1-0.dll
0x000002bf45c80000 - 0x000002bf45c84000 	C:\Users\Julia\Downloads\jdk-11.0.28_windows-x64_bin\jdk-11.0.28\bin\api-ms-win-core-processenvironment-l1-1-0.dll
0x000002bf45c90000 - 0x000002bf45c94000 	C:\Users\Julia\Downloads\jdk-11.0.28_windows-x64_bin\jdk-11.0.28\bin\api-ms-win-core-processthreads-l1-1-0.dll
0x000002bf45ca0000 - 0x000002bf45ca4000 	C:\Users\Julia\Downloads\jdk-11.0.28_windows-x64_bin\jdk-11.0.28\bin\api-ms-win-core-processthreads-l1-1-1.dll
0x000002bf45cb0000 - 0x000002bf45cb4000 	C:\Users\Julia\Downloads\jdk-11.0.28_windows-x64_bin\jdk-11.0.28\bin\api-ms-win-core-profile-l1-1-0.dll
0x000002bf45cc0000 - 0x000002bf45cc4000 	C:\Users\Julia\Downloads\jdk-11.0.28_windows-x64_bin\jdk-11.0.28\bin\api-ms-win-core-rtlsupport-l1-1-0.dll
0x000002bf45cd0000 - 0x000002bf45cd4000 	C:\Users\Julia\Downloads\jdk-11.0.28_windows-x64_bin\jdk-11.0.28\bin\api-ms-win-core-string-l1-1-0.dll
0x000002bf45ce0000 - 0x000002bf45ce4000 	C:\Users\Julia\Downloads\jdk-11.0.28_windows-x64_bin\jdk-11.0.28\bin\api-ms-win-core-synch-l1-1-0.dll
0x000002bf45cf0000 - 0x000002bf45cf4000 	C:\Users\Julia\Downloads\jdk-11.0.28_windows-x64_bin\jdk-11.0.28\bin\api-ms-win-core-synch-l1-2-0.dll
0x000002bf45d00000 - 0x000002bf45d04000 	C:\Users\Julia\Downloads\jdk-11.0.28_windows-x64_bin\jdk-11.0.28\bin\api-ms-win-core-sysinfo-l1-1-0.dll
0x000002bf45d10000 - 0x000002bf45d14000 	C:\Users\Julia\Downloads\jdk-11.0.28_windows-x64_bin\jdk-11.0.28\bin\api-ms-win-core-timezone-l1-1-0.dll
0x000002bf45d20000 - 0x000002bf45d24000 	C:\Users\Julia\Downloads\jdk-11.0.28_windows-x64_bin\jdk-11.0.28\bin\api-ms-win-core-util-l1-1-0.dll
0x000002bf45d30000 - 0x000002bf45d34000 	C:\Users\Julia\Downloads\jdk-11.0.28_windows-x64_bin\jdk-11.0.28\bin\api-ms-win-crt-conio-l1-1-0.dll
0x000002bf45d40000 - 0x000002bf45d45000 	C:\Users\Julia\Downloads\jdk-11.0.28_windows-x64_bin\jdk-11.0.28\bin\api-ms-win-crt-convert-l1-1-0.dll
0x000002bf45d50000 - 0x000002bf45d54000 	C:\Users\Julia\Downloads\jdk-11.0.28_windows-x64_bin\jdk-11.0.28\bin\api-ms-win-crt-environment-l1-1-0.dll
0x000002bf45d60000 - 0x000002bf45d64000 	C:\Users\Julia\Downloads\jdk-11.0.28_windows-x64_bin\jdk-11.0.28\bin\api-ms-win-crt-filesystem-l1-1-0.dll
0x000002bf45d70000 - 0x000002bf45d74000 	C:\Users\Julia\Downloads\jdk-11.0.28_windows-x64_bin\jdk-11.0.28\bin\api-ms-win-crt-heap-l1-1-0.dll
0x000002bf45d80000 - 0x000002bf45d84000 	C:\Users\Julia\Downloads\jdk-11.0.28_windows-x64_bin\jdk-11.0.28\bin\api-ms-win-crt-locale-l1-1-0.dll
0x000002bf45d90000 - 0x000002bf45d96000 	C:\Users\Julia\Downloads\jdk-11.0.28_windows-x64_bin\jdk-11.0.28\bin\api-ms-win-crt-math-l1-1-0.dll
0x000002bf45da0000 - 0x000002bf45da6000 	C:\Users\Julia\Downloads\jdk-11.0.28_windows-x64_bin\jdk-11.0.28\bin\api-ms-win-crt-multibyte-l1-1-0.dll
0x000002bf45db0000 - 0x000002bf45dc1000 	C:\Users\Julia\Downloads\jdk-11.0.28_windows-x64_bin\jdk-11.0.28\bin\api-ms-win-crt-private-l1-1-0.dll
0x000002bf45dd0000 - 0x000002bf45dd4000 	C:\Users\Julia\Downloads\jdk-11.0.28_windows-x64_bin\jdk-11.0.28\bin\api-ms-win-crt-process-l1-1-0.dll
0x000002bf45de0000 - 0x000002bf45de5000 	C:\Users\Julia\Downloads\jdk-11.0.28_windows-x64_bin\jdk-11.0.28\bin\api-ms-win-crt-runtime-l1-1-0.dll
0x000002bf45df0000 - 0x000002bf45df5000 	C:\Users\Julia\Downloads\jdk-11.0.28_windows-x64_bin\jdk-11.0.28\bin\api-ms-win-crt-stdio-l1-1-0.dll
0x000002bf45e00000 - 0x000002bf45e05000 	C:\Users\Julia\Downloads\jdk-11.0.28_windows-x64_bin\jdk-11.0.28\bin\api-ms-win-crt-string-l1-1-0.dll
0x000002bf45e10000 - 0x000002bf45e14000 	C:\Users\Julia\Downloads\jdk-11.0.28_windows-x64_bin\jdk-11.0.28\bin\api-ms-win-crt-time-l1-1-0.dll
0x000002bf45e20000 - 0x000002bf45e24000 	C:\Users\Julia\Downloads\jdk-11.0.28_windows-x64_bin\jdk-11.0.28\bin\api-ms-win-crt-utility-l1-1-0.dll
0x00007ffb4c810000 - 0x00007ffb4c921000 	C:\Users\Julia\Downloads\jdk-11.0.28_windows-x64_bin\jdk-11.0.28\bin\ucrtbase.dll
0x00007ffb92e90000 - 0x00007ffb92ee1000 	C:\Users\Julia\.openjfx\cache\11.0.2\concrt140.dll
0x00007ffba2980000 - 0x00007ffba29b0000 	C:\Users\Julia\Downloads\openjfx-25.0.1_windows-x64_bin-sdk\javafx-sdk-25.0.1\bin\prism_d3d.dll
0x00007ffb85970000 - 0x00007ffb85b20000 	C:\WINDOWS\system32\d3d9.dll
0x00007ffbd9720000 - 0x00007ffbd9750000 	C:\WINDOWS\SYSTEM32\dwmapi.dll
0x00007ffbd9550000 - 0x00007ffbd9593000 	C:\WINDOWS\SYSTEM32\dxcore.dll
0x00007ffbd9450000 - 0x00007ffbd94fa000 	C:\WINDOWS\system32\uxtheme.dll
0x00007ffb45a40000 - 0x00007ffb45cb6000 	C:\WINDOWS\System32\DriverStore\FileRepository\iigd_dch.inf_amd64_c2201cfb126f0796\igdumdim64.dll
0x00007ffbde780000 - 0x00007ffbde917000 	C:\WINDOWS\System32\ole32.dll
0x00007ffb436d0000 - 0x00007ffb44c0c000 	C:\WINDOWS\System32\DriverStore\FileRepository\iigd_dch.inf_amd64_c2201cfb126f0796\igd9trinity64.dll
0x00007ffbd95c0000 - 0x00007ffbd96f9000 	C:\WINDOWS\system32\dxgi.dll
0x00007ffbdc4f0000 - 0x00007ffbdc54e000 	C:\WINDOWS\SYSTEM32\powrprof.dll
0x00007ffbdc4b0000 - 0x00007ffbdc4c4000 	C:\WINDOWS\SYSTEM32\UMPDC.dll
0x00007ffbd07a0000 - 0x00007ffbd0be2000 	C:\WINDOWS\System32\DriverStore\FileRepository\iigd_dch.inf_amd64_c2201cfb126f0796\igdgmm64.dll
0x00007ffbd05f0000 - 0x00007ffbd0616000 	C:\WINDOWS\System32\DriverStore\FileRepository\iigd_dch.inf_amd64_c2201cfb126f0796\igc64.dll
0x00007ffb958e0000 - 0x00007ffb9592d000 	C:\WINDOWS\SYSTEM32\ControlLib.dll
0x00007ffbdc1c0000 - 0x00007ffbdc217000 	C:\WINDOWS\SYSTEM32\CFGMGR32.dll
0x00007ffbd0d60000 - 0x00007ffbd0dfd000 	C:\WINDOWS\System32\DriverStore\FileRepository\iigd_dch.inf_amd64_c2201cfb126f0796\IntelControlLib.dll
0x00007ffbd4180000 - 0x00007ffbd41e3000 	C:\WINDOWS\SYSTEM32\directxdatabasehelper.dll
0x00007ffb323d0000 - 0x00007ffb338f9000 	C:\WINDOWS\System32\DriverStore\FileRepository\iigd_dch.inf_amd64_c2201cfb126f0796\igd9dxva64.dll
0x00007ffbdee90000 - 0x00007ffbdf31a000 	C:\WINDOWS\System32\SETUPAPI.dll
0x00007ffbbc000000 - 0x00007ffbbdd2e000 	C:\WINDOWS\System32\DriverStore\FileRepository\iigd_dch.inf_amd64_c2201cfb126f0796\media_bin_64.dll
0x00007ffb90ca0000 - 0x00007ffb90ce9000 	C:\Users\Julia\Downloads\openjfx-25.0.1_windows-x64_bin-sdk\javafx-sdk-25.0.1\bin\glass.dll
0x00007ffbde3d0000 - 0x00007ffbde4c2000 	C:\WINDOWS\System32\COMDLG32.dll
0x00007ffbdea70000 - 0x00007ffbdeb20000 	C:\WINDOWS\System32\clbcatq.dll
0x00007ffbb8ee0000 - 0x00007ffbb9030000 	C:\Windows\System32\Windows.UI.dll
0x00007ffbabdf0000 - 0x00007ffbabeab000 	C:\Windows\System32\Windows.Networking.Connectivity.dll
0x00007ffbc9380000 - 0x00007ffbc95c4000 	C:\Windows\System32\twinapi.appcore.dll
0x00007ffbdd6a0000 - 0x00007ffbdd7fe000 	C:\WINDOWS\System32\MSCTF.dll

dbghelp: loaded successfully - version: 4.0.5 - missing functions: none
symbol engine: initialized successfully - sym options: 0x614 - pdb path: .;C:\Users\Julia\Downloads\jdk-11.0.28_windows-x64_bin\jdk-11.0.28\bin;C:\WINDOWS\SYSTEM32;C:\WINDOWS\WinSxS\amd64_microsoft.windows.common-controls_6595b64144ccf1df_6.0.26100.7019_none_3e06ffa0e335b8a8;C:\Users\Julia\Downloads\jdk-11.0.28_windows-x64_bin\jdk-11.0.28\bin\server;C:\Users\Julia\.openjfx\cache\11.0.2;C:\Users\Julia\Downloads\openjfx-25.0.1_windows-x64_bin-sdk\javafx-sdk-25.0.1\bin;C:\WINDOWS\System32\DriverStore\FileRepository\iigd_dch.inf_amd64_c2201cfb126f0796

VM Arguments:
jvm_args: --module-path=C:\Users\Julia\.m2\repository\org\openjfx\javafx-base\11.0.2\javafx-base-11.0.2-win.jar;C:\Users\Julia\.m2\repository\org\openjfx\javafx-base\11.0.2\javafx-base-11.0.2.jar;C:\Users\Julia\.m2\repository\org\openjfx\javafx-controls\11.0.2\javafx-controls-11.0.2-win.jar;C:\Users\Julia\.m2\repository\org\openjfx\javafx-controls\11.0.2\javafx-controls-11.0.2.jar;C:\Users\Julia\.m2\repository\org\openjfx\javafx-fxml\11.0.2\javafx-fxml-11.0.2-win.jar;C:\Users\Julia\.m2\repository\org\openjfx\javafx-fxml\11.0.2\javafx-fxml-11.0.2.jar;C:\Users\Julia\.m2\repository\org\openjfx\javafx-graphics\11.0.2\javafx-graphics-11.0.2-win.jar;C:\Users\Julia\.m2\repository\org\openjfx\javafx-graphics\11.0.2\javafx-graphics-11.0.2.jar --add-modules=javafx.base,javafx.controls,javafx.fxml,javafx.graphics 
java_command: com.pokearena.view.MenuPrincipal
java_class_path (initial): C:\Users\Julia\Documents\Workspace Julia\pokearena\target\classes;C:\Users\Julia\.m2\repository\org\apache\httpcomponents\client5\httpclient5\5.2.1\httpclient5-5.2.1.jar;C:\Users\Julia\.m2\repository\org\apache\httpcomponents\core5\httpcore5\5.2\httpcore5-5.2.jar;C:\Users\Julia\.m2\repository\org\apache\httpcomponents\core5\httpcore5-h2\5.2\httpcore5-h2-5.2.jar;C:\Users\Julia\.m2\repository\org\checkerframework\checker-qual\3.42.0\checker-qual-3.42.0.jar;C:\Users\Julia\.m2\repository\org\json\json\20240303\json-20240303.jar;C:\Users\Julia\.m2\repository\org\postgresql\postgresql\42.7.3\postgresql-42.7.3.jar;C:\Users\Julia\.m2\repository\org\slf4j\slf4j-api\1.7.36\slf4j-api-1.7.36.jar
Launcher Type: SUN_STANDARD

[Global flags]
     intx CICompilerCount                          = 4                                         {product} {ergonomic}
     uint ConcGCThreads                            = 3                                         {product} {ergonomic}
     uint G1ConcRefinementThreads                  = 10                                        {product} {ergonomic}
   size_t G1HeapRegionSize                         = 1048576                                   {product} {ergonomic}
    uintx GCDrainStackTargetSize                   = 64                                        {product} {ergonomic}
   size_t InitialHeapSize                          = 264241152                                 {product} {ergonomic}
   size_t MarkStackSize                            = 4194304                                   {product} {ergonomic}
   size_t MaxHeapSize                              = 4198498304                                {product} {ergonomic}
   size_t MaxNewSize                               = 2518679552                                {product} {ergonomic}
   size_t MinHeapDeltaBytes                        = 1048576                                   {product} {ergonomic}
    uintx NonNMethodCodeHeapSize                   = 5836300                                {pd product} {ergonomic}
    uintx NonProfiledCodeHeapSize                  = 122910970                              {pd product} {ergonomic}
    uintx ProfiledCodeHeapSize                     = 122910970                              {pd product} {ergonomic}
    uintx ReservedCodeCacheSize                    = 251658240                              {pd product} {ergonomic}
     bool SegmentedCodeCache                       = true                                      {product} {ergonomic}
     bool UseCompressedClassPointers               = true                                 {lp64_product} {ergonomic}
     bool UseCompressedOops                        = true                                 {lp64_product} {ergonomic}
     bool UseG1GC                                  = true                                      {product} {ergonomic}
     bool UseLargePagesIndividualAllocation        = false                                  {pd product} {ergonomic}

Logging:
Log output configuration:
 #0: stdout all=warning uptime,level,tags
 #1: stderr all=off uptime,level,tags

Environment Variables:
JAVA_HOME=C:\Users\Julia\Downloads\jdk-11.0.28_windows-x64_bin\jdk-11.0.28
PATH=C:\Users\Julia\Downloads\jdk-11.0.28_windows-x64_bin\jdk-11.0.28\bin;C:\Users\Julia\Downloads\openjfx-25.0.1_windows-x64_bin-sdk\javafx-sdk-25.0.1\bin;C:\Program Files (x86)\Common Files\Oracle\Java\javapath;C:\WINDOWS\system32;C:\WINDOWS;C:\WINDOWS\System32\Wbem;C:\WINDOWS\System32\WindowsPowerShell\v1.0\;C:\WINDOWS\System32\OpenSSH\;C:\Program Files\cursor\resources\app\bin;C:\Program Files\Git\cmd;C:\Users\Julia\Downloads\apache-maven-3.9.11-bin\apache-maven-3.9.11\bin;C:\Users\Julia\AppData\Local\Microsoft\WindowsApps;c:\Users\Julia\.cursor\extensions\vscjava.vscode-java-debug-0.58.3-universal\bundled\scripts\noConfigScripts
USERNAME=Julia
OS=Windows_NT
PROCESSOR_IDENTIFIER=Intel64 Family 6 Model 186 Stepping 3, GenuineIntel



---------------  S Y S T E M  ---------------

OS: Windows 11 , 64 bit Build 26100 (10.0.26100.7019)

CPU:total 12 (initial active 12) (6 cores per cpu, 2 threads per core) family 6 model 186 stepping 3 microcode 0x4124, cmov, cx8, fxsr, mmx, sse, sse2, sse3, ssse3, sse4.1, sse4.2, popcnt, avx, avx2, aes, clmul, erms, 3dnowpref, lzcnt, ht, tsc, tscinvbit, bmi1, bmi2, adx, sha, fma

Memory: 4k page, system-wide physical 16009M (6949M free)
TotalPageFile size 18953M (AvailPageFile size 7841M)
current process WorkingSet (physical memory assigned to process): 84M, peak: 84M
current process commit charge ("private bytes"): 369M, peak: 369M

vm_info: Java HotSpot(TM) 64-Bit Server VM (11.0.28+12-LTS-279) for windows-amd64 JRE (11.0.28+12-LTS-279), built on Jun 27 2025 10:10:38 by "mach5one" with MS VC++ 17.6 (VS2022)

END.
